{"row":{"/tmp/express/index.js":{"path":"/tmp/express/index.js","s":{"1":1},"b":{},"f":{},"fnMap":{},"statementMap":{"1":{"start":{"line":2,"column":0},"end":{"line":2,"column":42}}},"branchMap":{}},"/tmp/express/lib/express.js":{"path":"/tmp/express/lib/express.js","s":{"1":1,"2":1,"3":1,"4":1,"5":1,"6":1,"7":1,"8":1,"9":1,"10":549,"11":583,"12":549,"13":549,"14":549,"15":549,"16":549,"17":549,"18":1,"19":1,"20":1,"21":1,"22":1,"23":1,"24":1,"25":1,"26":19,"27":1},"b":{},"f":{"1":549,"2":583,"3":19,"4":1},"fnMap":{"1":{"name":"createApplication","line":26,"loc":{"start":{"line":26,"column":0},"end":{"line":26,"column":29}}},"2":{"name":"(anonymous_2)","line":27,"loc":{"start":{"line":27,"column":12},"end":{"line":27,"column":37}}},"3":{"name":"(anonymous_3)","line":86,"loc":{"start":{"line":86,"column":10},"end":{"line":86,"column":26}}},"4":{"name":"(anonymous_4)","line":88,"loc":{"start":{"line":88,"column":9},"end":{"line":88,"column":21}}}},"statementMap":{"1":{"start":{"line":5,"column":0},"end":{"line":5,"column":50}},"2":{"start":{"line":6,"column":0},"end":{"line":6,"column":41}},"3":{"start":{"line":7,"column":0},"end":{"line":7,"column":37}},"4":{"start":{"line":8,"column":0},"end":{"line":8,"column":38}},"5":{"start":{"line":9,"column":0},"end":{"line":9,"column":33}},"6":{"start":{"line":10,"column":0},"end":{"line":10,"column":31}},"7":{"start":{"line":11,"column":0},"end":{"line":11,"column":32}},"8":{"start":{"line":17,"column":0},"end":{"line":17,"column":45}},"9":{"start":{"line":26,"column":0},"end":{"line":38,"column":1}},"10":{"start":{"line":27,"column":2},"end":{"line":29,"column":4}},"11":{"start":{"line":28,"column":4},"end":{"line":28,"column":31}},"12":{"start":{"line":31,"column":2},"end":{"line":31,"column":20}},"13":{"start":{"line":32,"column":2},"end":{"line":32,"column":37}},"14":{"start":{"line":34,"column":2},"end":{"line":34,"column":45}},"15":{"start":{"line":35,"column":2},"end":{"line":35,"column":46}},"16":{"start":{"line":36,"column":2},"end":{"line":36,"column":13}},"17":{"start":{"line":37,"column":2},"end":{"line":37,"column":13}},"18":{"start":{"line":44,"column":0},"end":{"line":44,"column":28}},"19":{"start":{"line":45,"column":0},"end":{"line":45,"column":22}},"20":{"start":{"line":46,"column":0},"end":{"line":46,"column":23}},"21":{"start":{"line":52,"column":0},"end":{"line":52,"column":22}},"22":{"start":{"line":53,"column":0},"end":{"line":53,"column":24}},"23":{"start":{"line":59,"column":0},"end":{"line":59,"column":46}},"24":{"start":{"line":60,"column":0},"end":{"line":60,"column":41}},"25":{"start":{"line":66,"column":0},"end":{"line":93,"column":3}},"26":{"start":{"line":87,"column":2},"end":{"line":92,"column":5}},"27":{"start":{"line":89,"column":6},"end":{"line":89,"column":190}}},"branchMap":{}},"/tmp/express/lib/application.js":{"path":"/tmp/express/lib/application.js","s":{"1":1,"2":1,"3":1,"4":1,"5":1,"6":1,"7":1,"8":1,"9":1,"10":1,"11":1,"12":1,"13":1,"14":1,"15":1,"16":1,"17":1,"18":1,"19":549,"20":549,"21":549,"22":549,"23":1,"24":549,"25":549,"26":549,"27":549,"28":549,"29":549,"30":549,"31":549,"32":549,"33":22,"34":22,"35":22,"36":22,"37":549,"38":549,"39":549,"40":549,"41":549,"42":549,"43":549,"44":1,"45":549,"46":1,"47":1,"48":638,"49":487,"50":487,"51":487,"52":1,"53":631,"54":631,"55":631,"56":2,"57":2,"58":2,"59":629,"60":1,"61":387,"62":387,"63":387,"64":46,"65":46,"66":6,"67":46,"68":43,"69":43,"70":387,"71":387,"72":1,"73":386,"74":386,"75":386,"76":407,"77":385,"78":22,"79":22,"80":22,"81":22,"82":48,"83":48,"84":30,"85":30,"86":30,"87":22,"88":382,"89":1,"90":4,"91":4,"92":1,"93":41,"94":1,"95":40,"96":3,"97":40,"98":40,"99":1,"100":22,"101":22,"102":2,"103":4,"104":2,"105":20,"106":19,"107":1,"108":10338,"109":3573,"110":6765,"111":6765,"112":562,"113":562,"114":561,"115":555,"116":555,"117":554,"118":569,"119":569,"120":569,"121":6763,"122":1,"123":6,"124":1,"125":1683,"126":1,"127":2,"128":1,"129":581,"130":1,"131":3,"132":1,"133":26,"134":2108,"135":1888,"136":220,"137":220,"138":220,"139":194,"140":1,"141":6,"142":6,"143":6,"144":6,"145":156,"146":6,"147":1,"148":1,"149":78,"150":78,"151":78,"152":78,"153":78,"154":22,"155":78,"156":78,"157":51,"158":78,"159":78,"160":78,"161":4,"162":78,"163":76,"164":76,"165":3,"166":3,"167":3,"168":3,"169":73,"170":2,"171":75,"172":75,"173":1,"174":1,"175":2,"176":2,"177":1,"178":20,"179":0},"b":{"1":[549,1],"2":[1,548],"3":[487,151],"4":[631,579],"5":[2,629],"6":[46,341],"7":[52,6],"8":[43,3],"9":[1,386],"10":[385,22],"11":[407,406,34],"12":[1,40],"13":[3,37],"14":[2,20],"15":[3573,6765],"16":[562,555,569],"17":[3,3],"18":[1888,220],"19":[2108,2039],"20":[22,56],"21":[51,27],"22":[76,2],"23":[4,74],"24":[76,2],"25":[3,73],"26":[1,2],"27":[3,1],"28":[2,71],"29":[0,20],"30":[0,0]},"f":{"1":549,"2":549,"3":22,"4":1,"5":638,"6":631,"7":387,"8":407,"9":48,"10":30,"11":4,"12":41,"13":22,"14":4,"15":10338,"16":6,"17":1683,"18":2,"19":581,"20":3,"21":26,"22":2108,"23":6,"24":156,"25":78,"26":2,"27":20},"fnMap":{"1":{"name":"(anonymous_1)","line":38,"loc":{"start":{"line":38,"column":11},"end":{"line":38,"column":21}}},"2":{"name":"(anonymous_2)","line":51,"loc":{"start":{"line":51,"column":27},"end":{"line":51,"column":37}}},"3":{"name":"(anonymous_3)","line":64,"loc":{"start":{"line":64,"column":19},"end":{"line":64,"column":35}}},"4":{"name":"(anonymous_4)","line":90,"loc":{"start":{"line":90,"column":9},"end":{"line":90,"column":20}}},"5":{"name":"(anonymous_5)","line":104,"loc":{"start":{"line":104,"column":17},"end":{"line":104,"column":28}}},"6":{"name":"(anonymous_6)","line":125,"loc":{"start":{"line":125,"column":13},"end":{"line":125,"column":38}}},"7":{"name":"use","line":154,"loc":{"start":{"line":154,"column":10},"end":{"line":154,"column":27}}},"8":{"name":"(anonymous_8)","line":184,"loc":{"start":{"line":184,"column":14},"end":{"line":184,"column":28}}},"9":{"name":"mounted_app","line":195,"loc":{"start":{"line":195,"column":21},"end":{"line":195,"column":58}}},"10":{"name":"(anonymous_10)","line":197,"loc":{"start":{"line":197,"column":26},"end":{"line":197,"column":41}}},"11":{"name":"(anonymous_11)","line":221,"loc":{"start":{"line":221,"column":12},"end":{"line":221,"column":26}}},"12":{"name":"(anonymous_12)","line":260,"loc":{"start":{"line":260,"column":13},"end":{"line":260,"column":30}}},"13":{"name":"(anonymous_13)","line":279,"loc":{"start":{"line":279,"column":12},"end":{"line":279,"column":30}}},"14":{"name":"(anonymous_14)","line":283,"loc":{"start":{"line":283,"column":17},"end":{"line":283,"column":31}}},"15":{"name":"(anonymous_15)","line":308,"loc":{"start":{"line":308,"column":10},"end":{"line":308,"column":32}}},"16":{"name":"(anonymous_16)","line":350,"loc":{"start":{"line":350,"column":11},"end":{"line":350,"column":21}}},"17":{"name":"(anonymous_17)","line":371,"loc":{"start":{"line":371,"column":14},"end":{"line":371,"column":31}}},"18":{"name":"(anonymous_18)","line":390,"loc":{"start":{"line":390,"column":15},"end":{"line":390,"column":32}}},"19":{"name":"(anonymous_19)","line":402,"loc":{"start":{"line":402,"column":13},"end":{"line":402,"column":30}}},"20":{"name":"(anonymous_20)","line":414,"loc":{"start":{"line":414,"column":14},"end":{"line":414,"column":31}}},"21":{"name":"(anonymous_21)","line":422,"loc":{"start":{"line":422,"column":16},"end":{"line":422,"column":32}}},"22":{"name":"(anonymous_22)","line":423,"loc":{"start":{"line":423,"column":16},"end":{"line":423,"column":30}}},"23":{"name":"(anonymous_23)","line":444,"loc":{"start":{"line":444,"column":10},"end":{"line":444,"column":24}}},"24":{"name":"(anonymous_24)","line":449,"loc":{"start":{"line":449,"column":18},"end":{"line":449,"column":34}}},"25":{"name":"(anonymous_25)","line":477,"loc":{"start":{"line":477,"column":13},"end":{"line":477,"column":40}}},"26":{"name":"(anonymous_26)","line":557,"loc":{"start":{"line":557,"column":13},"end":{"line":557,"column":23}}},"27":{"name":"logerror","line":569,"loc":{"start":{"line":569,"column":0},"end":{"line":569,"column":22}}}},"statementMap":{"1":{"start":{"line":5,"column":0},"end":{"line":5,"column":43}},"2":{"start":{"line":6,"column":0},"end":{"line":6,"column":41}},"3":{"start":{"line":7,"column":0},"end":{"line":7,"column":33}},"4":{"start":{"line":8,"column":0},"end":{"line":8,"column":33}},"5":{"start":{"line":9,"column":0},"end":{"line":9,"column":46}},"6":{"start":{"line":10,"column":0},"end":{"line":10,"column":42}},"7":{"start":{"line":11,"column":0},"end":{"line":11,"column":52}},"8":{"start":{"line":12,"column":0},"end":{"line":12,"column":29}},"9":{"start":{"line":13,"column":0},"end":{"line":13,"column":27}},"10":{"start":{"line":14,"column":0},"end":{"line":14,"column":49}},"11":{"start":{"line":15,"column":0},"end":{"line":15,"column":63}},"12":{"start":{"line":16,"column":0},"end":{"line":16,"column":51}},"13":{"start":{"line":17,"column":0},"end":{"line":17,"column":43}},"14":{"start":{"line":18,"column":0},"end":{"line":18,"column":35}},"15":{"start":{"line":19,"column":0},"end":{"line":19,"column":38}},"16":{"start":{"line":20,"column":0},"end":{"line":20,"column":34}},"17":{"start":{"line":26,"column":0},"end":{"line":26,"column":40}},"18":{"start":{"line":38,"column":0},"end":{"line":43,"column":2}},"19":{"start":{"line":39,"column":2},"end":{"line":39,"column":18}},"20":{"start":{"line":40,"column":2},"end":{"line":40,"column":21}},"21":{"start":{"line":41,"column":2},"end":{"line":41,"column":20}},"22":{"start":{"line":42,"column":2},"end":{"line":42,"column":30}},"23":{"start":{"line":51,"column":0},"end":{"line":94,"column":2}},"24":{"start":{"line":53,"column":2},"end":{"line":53,"column":30}},"25":{"start":{"line":54,"column":2},"end":{"line":54,"column":27}},"26":{"start":{"line":55,"column":2},"end":{"line":55,"column":50}},"27":{"start":{"line":56,"column":2},"end":{"line":56,"column":23}},"28":{"start":{"line":57,"column":2},"end":{"line":57,"column":39}},"29":{"start":{"line":58,"column":2},"end":{"line":58,"column":34}},"30":{"start":{"line":59,"column":2},"end":{"line":59,"column":33}},"31":{"start":{"line":61,"column":2},"end":{"line":61,"column":35}},"32":{"start":{"line":64,"column":2},"end":{"line":69,"column":5}},"33":{"start":{"line":65,"column":4},"end":{"line":65,"column":44}},"34":{"start":{"line":66,"column":4},"end":{"line":66,"column":46}},"35":{"start":{"line":67,"column":4},"end":{"line":67,"column":44}},"36":{"start":{"line":68,"column":4},"end":{"line":68,"column":46}},"37":{"start":{"line":72,"column":2},"end":{"line":72,"column":36}},"38":{"start":{"line":75,"column":2},"end":{"line":75,"column":23}},"39":{"start":{"line":78,"column":2},"end":{"line":78,"column":39}},"40":{"start":{"line":81,"column":2},"end":{"line":81,"column":25}},"41":{"start":{"line":82,"column":2},"end":{"line":82,"column":38}},"42":{"start":{"line":83,"column":2},"end":{"line":83,"column":46}},"43":{"start":{"line":85,"column":2},"end":{"line":87,"column":3}},"44":{"start":{"line":86,"column":4},"end":{"line":86,"column":30}},"45":{"start":{"line":89,"column":2},"end":{"line":93,"column":5}},"46":{"start":{"line":91,"column":6},"end":{"line":91,"column":137}},"47":{"start":{"line":104,"column":0},"end":{"line":114,"column":2}},"48":{"start":{"line":105,"column":2},"end":{"line":113,"column":3}},"49":{"start":{"line":106,"column":4},"end":{"line":109,"column":7}},"50":{"start":{"line":111,"column":4},"end":{"line":111,"column":57}},"51":{"start":{"line":112,"column":4},"end":{"line":112,"column":44}},"52":{"start":{"line":125,"column":0},"end":{"line":142,"column":2}},"53":{"start":{"line":126,"column":2},"end":{"line":126,"column":28}},"54":{"start":{"line":129,"column":2},"end":{"line":132,"column":5}},"55":{"start":{"line":135,"column":2},"end":{"line":139,"column":3}},"56":{"start":{"line":136,"column":4},"end":{"line":136,"column":38}},"57":{"start":{"line":137,"column":4},"end":{"line":137,"column":11}},"58":{"start":{"line":138,"column":4},"end":{"line":138,"column":11}},"59":{"start":{"line":141,"column":2},"end":{"line":141,"column":32}},"60":{"start":{"line":154,"column":0},"end":{"line":209,"column":2}},"61":{"start":{"line":155,"column":2},"end":{"line":155,"column":17}},"62":{"start":{"line":156,"column":2},"end":{"line":156,"column":17}},"63":{"start":{"line":160,"column":2},"end":{"line":172,"column":3}},"64":{"start":{"line":161,"column":4},"end":{"line":161,"column":17}},"65":{"start":{"line":163,"column":4},"end":{"line":165,"column":5}},"66":{"start":{"line":164,"column":6},"end":{"line":164,"column":19}},"67":{"start":{"line":168,"column":4},"end":{"line":171,"column":5}},"68":{"start":{"line":169,"column":6},"end":{"line":169,"column":17}},"69":{"start":{"line":170,"column":6},"end":{"line":170,"column":16}},"70":{"start":{"line":174,"column":2},"end":{"line":174,"column":51}},"71":{"start":{"line":176,"column":2},"end":{"line":178,"column":3}},"72":{"start":{"line":177,"column":4},"end":{"line":177,"column":67}},"73":{"start":{"line":181,"column":2},"end":{"line":181,"column":20}},"74":{"start":{"line":182,"column":2},"end":{"line":182,"column":28}},"75":{"start":{"line":184,"column":2},"end":{"line":206,"column":11}},"76":{"start":{"line":186,"column":4},"end":{"line":188,"column":5}},"77":{"start":{"line":187,"column":6},"end":{"line":187,"column":34}},"78":{"start":{"line":190,"column":4},"end":{"line":190,"column":37}},"79":{"start":{"line":191,"column":4},"end":{"line":191,"column":24}},"80":{"start":{"line":192,"column":4},"end":{"line":192,"column":21}},"81":{"start":{"line":195,"column":4},"end":{"line":202,"column":7}},"82":{"start":{"line":196,"column":6},"end":{"line":196,"column":25}},"83":{"start":{"line":197,"column":6},"end":{"line":201,"column":9}},"84":{"start":{"line":198,"column":8},"end":{"line":198,"column":37}},"85":{"start":{"line":199,"column":8},"end":{"line":199,"column":38}},"86":{"start":{"line":200,"column":8},"end":{"line":200,"column":18}},"87":{"start":{"line":205,"column":4},"end":{"line":205,"column":27}},"88":{"start":{"line":208,"column":2},"end":{"line":208,"column":14}},"89":{"start":{"line":221,"column":0},"end":{"line":224,"column":2}},"90":{"start":{"line":222,"column":2},"end":{"line":222,"column":20}},"91":{"start":{"line":223,"column":2},"end":{"line":223,"column":34}},"92":{"start":{"line":260,"column":0},"end":{"line":265,"column":2}},"93":{"start":{"line":261,"column":2},"end":{"line":261,"column":77}},"94":{"start":{"line":261,"column":31},"end":{"line":261,"column":77}},"95":{"start":{"line":262,"column":2},"end":{"line":262,"column":37}},"96":{"start":{"line":262,"column":21},"end":{"line":262,"column":37}},"97":{"start":{"line":263,"column":2},"end":{"line":263,"column":25}},"98":{"start":{"line":264,"column":2},"end":{"line":264,"column":14}},"99":{"start":{"line":279,"column":0},"end":{"line":291,"column":2}},"100":{"start":{"line":280,"column":2},"end":{"line":280,"column":20}},"101":{"start":{"line":282,"column":2},"end":{"line":287,"column":3}},"102":{"start":{"line":283,"column":4},"end":{"line":285,"column":13}},"103":{"start":{"line":284,"column":6},"end":{"line":284,"column":26}},"104":{"start":{"line":286,"column":4},"end":{"line":286,"column":16}},"105":{"start":{"line":289,"column":2},"end":{"line":289,"column":31}},"106":{"start":{"line":290,"column":2},"end":{"line":290,"column":14}},"107":{"start":{"line":308,"column":0},"end":{"line":334,"column":2}},"108":{"start":{"line":309,"column":2},"end":{"line":312,"column":3}},"109":{"start":{"line":311,"column":4},"end":{"line":311,"column":34}},"110":{"start":{"line":315,"column":2},"end":{"line":315,"column":31}},"111":{"start":{"line":318,"column":2},"end":{"line":331,"column":3}},"112":{"start":{"line":320,"column":6},"end":{"line":320,"column":36}},"113":{"start":{"line":321,"column":6},"end":{"line":321,"column":44}},"114":{"start":{"line":322,"column":6},"end":{"line":322,"column":12}},"115":{"start":{"line":324,"column":6},"end":{"line":324,"column":44}},"116":{"start":{"line":325,"column":6},"end":{"line":325,"column":59}},"117":{"start":{"line":326,"column":6},"end":{"line":326,"column":12}},"118":{"start":{"line":328,"column":6},"end":{"line":328,"column":43}},"119":{"start":{"line":329,"column":6},"end":{"line":329,"column":52}},"120":{"start":{"line":330,"column":6},"end":{"line":330,"column":12}},"121":{"start":{"line":333,"column":2},"end":{"line":333,"column":14}},"122":{"start":{"line":350,"column":0},"end":{"line":354,"column":2}},"123":{"start":{"line":351,"column":2},"end":{"line":353,"column":9}},"124":{"start":{"line":371,"column":0},"end":{"line":373,"column":2}},"125":{"start":{"line":372,"column":2},"end":{"line":372,"column":29}},"126":{"start":{"line":390,"column":0},"end":{"line":392,"column":2}},"127":{"start":{"line":391,"column":2},"end":{"line":391,"column":28}},"128":{"start":{"line":402,"column":0},"end":{"line":404,"column":2}},"129":{"start":{"line":403,"column":2},"end":{"line":403,"column":33}},"130":{"start":{"line":414,"column":0},"end":{"line":416,"column":2}},"131":{"start":{"line":415,"column":2},"end":{"line":415,"column":34}},"132":{"start":{"line":422,"column":0},"end":{"line":432,"column":3}},"133":{"start":{"line":423,"column":2},"end":{"line":431,"column":4}},"134":{"start":{"line":424,"column":4},"end":{"line":424,"column":72}},"135":{"start":{"line":424,"column":50},"end":{"line":424,"column":72}},"136":{"start":{"line":426,"column":4},"end":{"line":426,"column":22}},"137":{"start":{"line":428,"column":4},"end":{"line":428,"column":41}},"138":{"start":{"line":429,"column":4},"end":{"line":429,"column":57}},"139":{"start":{"line":430,"column":4},"end":{"line":430,"column":16}},"140":{"start":{"line":444,"column":0},"end":{"line":454,"column":2}},"141":{"start":{"line":445,"column":2},"end":{"line":445,"column":20}},"142":{"start":{"line":447,"column":2},"end":{"line":447,"column":39}},"143":{"start":{"line":448,"column":2},"end":{"line":448,"column":38}},"144":{"start":{"line":449,"column":2},"end":{"line":451,"column":5}},"145":{"start":{"line":450,"column":4},"end":{"line":450,"column":37}},"146":{"start":{"line":453,"column":2},"end":{"line":453,"column":14}},"147":{"start":{"line":458,"column":0},"end":{"line":458,"column":76}},"148":{"start":{"line":477,"column":0},"end":{"line":534,"column":2}},"149":{"start":{"line":478,"column":2},"end":{"line":478,"column":16}},"150":{"start":{"line":479,"column":2},"end":{"line":479,"column":25}},"151":{"start":{"line":480,"column":2},"end":{"line":480,"column":29}},"152":{"start":{"line":481,"column":2},"end":{"line":481,"column":11}},"153":{"start":{"line":484,"column":2},"end":{"line":486,"column":3}},"154":{"start":{"line":485,"column":4},"end":{"line":485,"column":31}},"155":{"start":{"line":489,"column":2},"end":{"line":489,"column":27}},"156":{"start":{"line":492,"column":2},"end":{"line":494,"column":3}},"157":{"start":{"line":493,"column":4},"end":{"line":493,"column":33}},"158":{"start":{"line":497,"column":2},"end":{"line":497,"column":23}},"159":{"start":{"line":500,"column":2},"end":{"line":502,"column":17}},"160":{"start":{"line":505,"column":2},"end":{"line":505,"column":37}},"161":{"start":{"line":505,"column":18},"end":{"line":505,"column":37}},"162":{"start":{"line":508,"column":2},"end":{"line":526,"column":3}},"163":{"start":{"line":509,"column":4},"end":{"line":513,"column":7}},"164":{"start":{"line":515,"column":4},"end":{"line":522,"column":5}},"165":{"start":{"line":516,"column":6},"end":{"line":519,"column":6}},"166":{"start":{"line":519,"column":6},"end":{"line":519,"column":83}},"167":{"start":{"line":520,"column":6},"end":{"line":520,"column":22}},"168":{"start":{"line":521,"column":6},"end":{"line":521,"column":21}},"169":{"start":{"line":525,"column":4},"end":{"line":525,"column":39}},"170":{"start":{"line":525,"column":20},"end":{"line":525,"column":39}},"171":{"start":{"line":529,"column":2},"end":{"line":533,"column":3}},"172":{"start":{"line":530,"column":4},"end":{"line":530,"column":26}},"173":{"start":{"line":532,"column":4},"end":{"line":532,"column":12}},"174":{"start":{"line":557,"column":0},"end":{"line":560,"column":2}},"175":{"start":{"line":558,"column":2},"end":{"line":558,"column":39}},"176":{"start":{"line":559,"column":2},"end":{"line":559,"column":48}},"177":{"start":{"line":569,"column":0},"end":{"line":571,"column":1}},"178":{"start":{"line":570,"column":2},"end":{"line":570,"column":77}},"179":{"start":{"line":570,"column":34},"end":{"line":570,"column":77}}},"branchMap":{"1":{"line":55,"type":"binary-expr","locations":[{"start":{"line":55,"column":12},"end":{"line":55,"column":32}},{"start":{"line":55,"column":36},"end":{"line":55,"column":49}}]},"2":{"line":85,"type":"if","locations":[{"start":{"line":85,"column":2},"end":{"line":85,"column":2}},{"start":{"line":85,"column":2},"end":{"line":85,"column":2}}]},"3":{"line":105,"type":"if","locations":[{"start":{"line":105,"column":2},"end":{"line":105,"column":2}},{"start":{"line":105,"column":2},"end":{"line":105,"column":2}}]},"4":{"line":129,"type":"binary-expr","locations":[{"start":{"line":129,"column":9},"end":{"line":129,"column":13}},{"start":{"line":129,"column":17},"end":{"line":132,"column":4}}]},"5":{"line":135,"type":"if","locations":[{"start":{"line":135,"column":2},"end":{"line":135,"column":2}},{"start":{"line":135,"column":2},"end":{"line":135,"column":2}}]},"6":{"line":160,"type":"if","locations":[{"start":{"line":160,"column":2},"end":{"line":160,"column":2}},{"start":{"line":160,"column":2},"end":{"line":160,"column":2}}]},"7":{"line":163,"type":"binary-expr","locations":[{"start":{"line":163,"column":11},"end":{"line":163,"column":29}},{"start":{"line":163,"column":33},"end":{"line":163,"column":49}}]},"8":{"line":168,"type":"if","locations":[{"start":{"line":168,"column":4},"end":{"line":168,"column":4}},{"start":{"line":168,"column":4},"end":{"line":168,"column":4}}]},"9":{"line":176,"type":"if","locations":[{"start":{"line":176,"column":2},"end":{"line":176,"column":2}},{"start":{"line":176,"column":2},"end":{"line":176,"column":2}}]},"10":{"line":186,"type":"if","locations":[{"start":{"line":186,"column":4},"end":{"line":186,"column":4}},{"start":{"line":186,"column":4},"end":{"line":186,"column":4}}]},"11":{"line":186,"type":"binary-expr","locations":[{"start":{"line":186,"column":8},"end":{"line":186,"column":11}},{"start":{"line":186,"column":15},"end":{"line":186,"column":25}},{"start":{"line":186,"column":29},"end":{"line":186,"column":36}}]},"12":{"line":261,"type":"if","locations":[{"start":{"line":261,"column":2},"end":{"line":261,"column":2}},{"start":{"line":261,"column":2},"end":{"line":261,"column":2}}]},"13":{"line":262,"type":"if","locations":[{"start":{"line":262,"column":2},"end":{"line":262,"column":2}},{"start":{"line":262,"column":2},"end":{"line":262,"column":2}}]},"14":{"line":282,"type":"if","locations":[{"start":{"line":282,"column":2},"end":{"line":282,"column":2}},{"start":{"line":282,"column":2},"end":{"line":282,"column":2}}]},"15":{"line":309,"type":"if","locations":[{"start":{"line":309,"column":2},"end":{"line":309,"column":2}},{"start":{"line":309,"column":2},"end":{"line":309,"column":2}}]},"16":{"line":318,"type":"switch","locations":[{"start":{"line":319,"column":4},"end":{"line":322,"column":12}},{"start":{"line":323,"column":4},"end":{"line":326,"column":12}},{"start":{"line":327,"column":4},"end":{"line":330,"column":12}}]},"17":{"line":351,"type":"cond-expr","locations":[{"start":{"line":352,"column":6},"end":{"line":352,"column":41}},{"start":{"line":353,"column":6},"end":{"line":353,"column":8}}]},"18":{"line":424,"type":"if","locations":[{"start":{"line":424,"column":4},"end":{"line":424,"column":4}},{"start":{"line":424,"column":4},"end":{"line":424,"column":4}}]},"19":{"line":424,"type":"binary-expr","locations":[{"start":{"line":424,"column":8},"end":{"line":424,"column":23}},{"start":{"line":424,"column":27},"end":{"line":424,"column":48}}]},"20":{"line":484,"type":"if","locations":[{"start":{"line":484,"column":2},"end":{"line":484,"column":2}},{"start":{"line":484,"column":2},"end":{"line":484,"column":2}}]},"21":{"line":492,"type":"if","locations":[{"start":{"line":492,"column":2},"end":{"line":492,"column":2}},{"start":{"line":492,"column":2},"end":{"line":492,"column":2}}]},"22":{"line":500,"type":"cond-expr","locations":[{"start":{"line":501,"column":6},"end":{"line":501,"column":32}},{"start":{"line":502,"column":6},"end":{"line":502,"column":16}}]},"23":{"line":505,"type":"if","locations":[{"start":{"line":505,"column":2},"end":{"line":505,"column":2}},{"start":{"line":505,"column":2},"end":{"line":505,"column":2}}]},"24":{"line":508,"type":"if","locations":[{"start":{"line":508,"column":2},"end":{"line":508,"column":2}},{"start":{"line":508,"column":2},"end":{"line":508,"column":2}}]},"25":{"line":515,"type":"if","locations":[{"start":{"line":515,"column":4},"end":{"line":515,"column":4}},{"start":{"line":515,"column":4},"end":{"line":515,"column":4}}]},"26":{"line":516,"type":"cond-expr","locations":[{"start":{"line":517,"column":10},"end":{"line":517,"column":114}},{"start":{"line":518,"column":10},"end":{"line":518,"column":41}}]},"27":{"line":516,"type":"binary-expr","locations":[{"start":{"line":516,"column":17},"end":{"line":516,"column":41}},{"start":{"line":516,"column":45},"end":{"line":516,"column":65}}]},"28":{"line":525,"type":"if","locations":[{"start":{"line":525,"column":4},"end":{"line":525,"column":4}},{"start":{"line":525,"column":4},"end":{"line":525,"column":4}}]},"29":{"line":570,"type":"if","locations":[{"start":{"line":570,"column":2},"end":{"line":570,"column":2}},{"start":{"line":570,"column":2},"end":{"line":570,"column":2}}]},"30":{"line":570,"type":"binary-expr","locations":[{"start":{"line":570,"column":48},"end":{"line":570,"column":57}},{"start":{"line":570,"column":61},"end":{"line":570,"column":75}}]}}},"/tmp/express/lib/utils.js":{"path":"/tmp/express/lib/utils.js","s":{"1":1,"2":1,"3":1,"4":1,"5":1,"6":1,"7":1,"8":1,"9":1,"10":1,"11":5,"12":5,"13":1,"14":268,"15":268,"16":1,"17":28,"18":23,"19":5,"20":1,"21":4,"22":1,"23":1,"24":2263,"25":2263,"26":2263,"27":2306,"28":18,"29":2288,"30":2263,"31":1,"32":77,"33":1,"34":5,"35":5,"36":15,"37":5,"38":1,"39":1,"40":16,"41":16,"42":16,"43":9,"44":9,"45":3,"46":6,"47":16,"48":1,"49":562,"50":562,"51":3,"52":559,"53":5,"54":5,"55":2,"56":1,"57":1,"58":550,"59":550,"60":1,"61":558,"62":1,"63":555,"64":555,"65":1,"66":554,"67":1,"68":1,"69":1,"70":1,"71":550,"72":550,"73":1,"74":1,"75":1,"76":553,"77":1,"78":569,"79":1,"80":568,"81":14,"82":15,"83":554,"84":2,"85":6,"86":552,"87":3,"88":552,"89":1,"90":289,"91":0,"92":289,"93":289,"94":289,"95":1,"96":1},"b":{"1":[3,2],"2":[3,265],"3":[23,5],"4":[1,4],"5":[5,1],"6":[1,3],"7":[2263,2245],"8":[18,2288],"9":[16,61],"10":[3,6],"11":[3,559],"12":[5,2,1,550,1],"13":[1,554],"14":[1,1,550,1,1],"15":[1,568],"16":[14,554],"17":[2,552],"18":[3,549],"19":[552,549],"20":[0,289],"21":[289,289]},"f":{"1":5,"2":268,"3":28,"4":2263,"5":77,"6":5,"7":16,"8":562,"9":555,"10":569,"11":15,"12":6,"13":289,"14":1},"fnMap":{"1":{"name":"(anonymous_1)","line":24,"loc":{"start":{"line":24,"column":15},"end":{"line":24,"column":41}}},"2":{"name":"wetag","line":41,"loc":{"start":{"line":41,"column":16},"end":{"line":41,"column":46}}},"3":{"name":"(anonymous_3)","line":57,"loc":{"start":{"line":57,"column":21},"end":{"line":57,"column":35}}},"4":{"name":"(anonymous_4)","line":71,"loc":{"start":{"line":71,"column":18},"end":{"line":71,"column":36}}},"5":{"name":"(anonymous_5)","line":92,"loc":{"start":{"line":92,"column":24},"end":{"line":92,"column":38}}},"6":{"name":"(anonymous_6)","line":106,"loc":{"start":{"line":106,"column":25},"end":{"line":106,"column":40}}},"7":{"name":"acceptParams","line":138,"loc":{"start":{"line":138,"column":0},"end":{"line":138,"column":34}}},"8":{"name":"(anonymous_8)","line":162,"loc":{"start":{"line":162,"column":22},"end":{"line":162,"column":36}}},"9":{"name":"compileQueryParser","line":196,"loc":{"start":{"line":196,"column":29},"end":{"line":196,"column":62}}},"10":{"name":"(anonymous_10)","line":231,"loc":{"start":{"line":231,"column":23},"end":{"line":231,"column":37}}},"11":{"name":"(anonymous_11)","line":236,"loc":{"start":{"line":236,"column":11},"end":{"line":236,"column":21}}},"12":{"name":"(anonymous_12)","line":241,"loc":{"start":{"line":241,"column":11},"end":{"line":241,"column":25}}},"13":{"name":"(anonymous_13)","line":261,"loc":{"start":{"line":261,"column":21},"end":{"line":261,"column":44}}},"14":{"name":"newObject","line":281,"loc":{"start":{"line":281,"column":0},"end":{"line":281,"column":21}}}},"statementMap":{"1":{"start":{"line":5,"column":0},"end":{"line":5,"column":56}},"2":{"start":{"line":6,"column":0},"end":{"line":6,"column":43}},"3":{"start":{"line":7,"column":0},"end":{"line":7,"column":32}},"4":{"start":{"line":8,"column":0},"end":{"line":8,"column":40}},"5":{"start":{"line":9,"column":0},"end":{"line":9,"column":27}},"6":{"start":{"line":10,"column":0},"end":{"line":10,"column":38}},"7":{"start":{"line":11,"column":0},"end":{"line":11,"column":23}},"8":{"start":{"line":12,"column":0},"end":{"line":12,"column":41}},"9":{"start":{"line":13,"column":0},"end":{"line":13,"column":35}},"10":{"start":{"line":24,"column":0},"end":{"line":30,"column":2}},"11":{"start":{"line":25,"column":2},"end":{"line":27,"column":11}},"12":{"start":{"line":29,"column":2},"end":{"line":29,"column":34}},"13":{"start":{"line":41,"column":0},"end":{"line":47,"column":2}},"14":{"start":{"line":42,"column":2},"end":{"line":44,"column":11}},"15":{"start":{"line":46,"column":2},"end":{"line":46,"column":33}},"16":{"start":{"line":57,"column":0},"end":{"line":61,"column":2}},"17":{"start":{"line":58,"column":2},"end":{"line":58,"column":34}},"18":{"start":{"line":58,"column":22},"end":{"line":58,"column":34}},"19":{"start":{"line":59,"column":2},"end":{"line":59,"column":53}},"20":{"start":{"line":59,"column":41},"end":{"line":59,"column":53}},"21":{"start":{"line":60,"column":2},"end":{"line":60,"column":50}},"22":{"start":{"line":60,"column":38},"end":{"line":60,"column":50}},"23":{"start":{"line":71,"column":0},"end":{"line":82,"column":2}},"24":{"start":{"line":72,"column":2},"end":{"line":72,"column":18}},"25":{"start":{"line":73,"column":2},"end":{"line":73,"column":23}},"26":{"start":{"line":74,"column":2},"end":{"line":80,"column":3}},"27":{"start":{"line":75,"column":4},"end":{"line":79,"column":5}},"28":{"start":{"line":76,"column":6},"end":{"line":76,"column":35}},"29":{"start":{"line":78,"column":6},"end":{"line":78,"column":23}},"30":{"start":{"line":81,"column":2},"end":{"line":81,"column":13}},"31":{"start":{"line":92,"column":0},"end":{"line":96,"column":2}},"32":{"start":{"line":93,"column":2},"end":{"line":95,"column":47}},"33":{"start":{"line":106,"column":0},"end":{"line":114,"column":2}},"34":{"start":{"line":107,"column":2},"end":{"line":107,"column":15}},"35":{"start":{"line":109,"column":2},"end":{"line":111,"column":3}},"36":{"start":{"line":110,"column":4},"end":{"line":110,"column":46}},"37":{"start":{"line":113,"column":2},"end":{"line":113,"column":13}},"38":{"start":{"line":125,"column":0},"end":{"line":126,"column":74}},"39":{"start":{"line":138,"column":0},"end":{"line":152,"column":1}},"40":{"start":{"line":139,"column":2},"end":{"line":139,"column":33}},"41":{"start":{"line":140,"column":2},"end":{"line":140,"column":78}},"42":{"start":{"line":142,"column":2},"end":{"line":149,"column":3}},"43":{"start":{"line":143,"column":4},"end":{"line":143,"column":38}},"44":{"start":{"line":144,"column":4},"end":{"line":148,"column":5}},"45":{"start":{"line":145,"column":6},"end":{"line":145,"column":39}},"46":{"start":{"line":147,"column":6},"end":{"line":147,"column":34}},"47":{"start":{"line":151,"column":2},"end":{"line":151,"column":13}},"48":{"start":{"line":162,"column":0},"end":{"line":196,"column":0}},"49":{"start":{"line":163,"column":2},"end":{"line":163,"column":9}},"50":{"start":{"line":165,"column":2},"end":{"line":167,"column":3}},"51":{"start":{"line":166,"column":4},"end":{"line":166,"column":15}},"52":{"start":{"line":169,"column":2},"end":{"line":183,"column":3}},"53":{"start":{"line":171,"column":6},"end":{"line":171,"column":25}},"54":{"start":{"line":172,"column":6},"end":{"line":172,"column":12}},"55":{"start":{"line":174,"column":6},"end":{"line":174,"column":12}},"56":{"start":{"line":176,"column":6},"end":{"line":176,"column":24}},"57":{"start":{"line":177,"column":6},"end":{"line":177,"column":12}},"58":{"start":{"line":179,"column":6},"end":{"line":179,"column":25}},"59":{"start":{"line":180,"column":6},"end":{"line":180,"column":12}},"60":{"start":{"line":182,"column":6},"end":{"line":182,"column":69}},"61":{"start":{"line":185,"column":2},"end":{"line":185,"column":12}},"62":{"start":{"line":196,"column":0},"end":{"line":231,"column":0}},"63":{"start":{"line":197,"column":2},"end":{"line":197,"column":9}},"64":{"start":{"line":199,"column":2},"end":{"line":201,"column":3}},"65":{"start":{"line":200,"column":4},"end":{"line":200,"column":15}},"66":{"start":{"line":203,"column":2},"end":{"line":218,"column":3}},"67":{"start":{"line":205,"column":6},"end":{"line":205,"column":29}},"68":{"start":{"line":206,"column":6},"end":{"line":206,"column":12}},"69":{"start":{"line":208,"column":6},"end":{"line":208,"column":21}},"70":{"start":{"line":209,"column":6},"end":{"line":209,"column":12}},"71":{"start":{"line":211,"column":6},"end":{"line":211,"column":20}},"72":{"start":{"line":212,"column":6},"end":{"line":212,"column":12}},"73":{"start":{"line":214,"column":6},"end":{"line":214,"column":29}},"74":{"start":{"line":215,"column":6},"end":{"line":215,"column":12}},"75":{"start":{"line":217,"column":6},"end":{"line":217,"column":77}},"76":{"start":{"line":220,"column":2},"end":{"line":220,"column":12}},"77":{"start":{"line":231,"column":0},"end":{"line":261,"column":0}},"78":{"start":{"line":232,"column":2},"end":{"line":232,"column":44}},"79":{"start":{"line":232,"column":33},"end":{"line":232,"column":44}},"80":{"start":{"line":234,"column":2},"end":{"line":237,"column":3}},"81":{"start":{"line":236,"column":4},"end":{"line":236,"column":37}},"82":{"start":{"line":236,"column":23},"end":{"line":236,"column":35}},"83":{"start":{"line":239,"column":2},"end":{"line":242,"column":3}},"84":{"start":{"line":241,"column":4},"end":{"line":241,"column":44}},"85":{"start":{"line":241,"column":27},"end":{"line":241,"column":42}},"86":{"start":{"line":244,"column":2},"end":{"line":247,"column":3}},"87":{"start":{"line":246,"column":4},"end":{"line":246,"column":29}},"88":{"start":{"line":249,"column":2},"end":{"line":249,"column":38}},"89":{"start":{"line":261,"column":0},"end":{"line":272,"column":2}},"90":{"start":{"line":262,"column":2},"end":{"line":262,"column":37}},"91":{"start":{"line":262,"column":25},"end":{"line":262,"column":37}},"92":{"start":{"line":265,"column":2},"end":{"line":265,"column":33}},"93":{"start":{"line":268,"column":2},"end":{"line":268,"column":38}},"94":{"start":{"line":271,"column":2},"end":{"line":271,"column":30}},"95":{"start":{"line":281,"column":0},"end":{"line":283,"column":1}},"96":{"start":{"line":282,"column":2},"end":{"line":282,"column":12}}},"branchMap":{"1":{"line":25,"type":"cond-expr","locations":[{"start":{"line":26,"column":6},"end":{"line":26,"column":32}},{"start":{"line":27,"column":6},"end":{"line":27,"column":10}}]},"2":{"line":42,"type":"cond-expr","locations":[{"start":{"line":43,"column":6},"end":{"line":43,"column":32}},{"start":{"line":44,"column":6},"end":{"line":44,"column":10}}]},"3":{"line":58,"type":"if","locations":[{"start":{"line":58,"column":2},"end":{"line":58,"column":2}},{"start":{"line":58,"column":2},"end":{"line":58,"column":2}}]},"4":{"line":59,"type":"if","locations":[{"start":{"line":59,"column":2},"end":{"line":59,"column":2}},{"start":{"line":59,"column":2},"end":{"line":59,"column":2}}]},"5":{"line":59,"type":"binary-expr","locations":[{"start":{"line":59,"column":6},"end":{"line":59,"column":20}},{"start":{"line":59,"column":24},"end":{"line":59,"column":39}}]},"6":{"line":60,"type":"if","locations":[{"start":{"line":60,"column":2},"end":{"line":60,"column":2}},{"start":{"line":60,"column":2},"end":{"line":60,"column":2}}]},"7":{"line":72,"type":"binary-expr","locations":[{"start":{"line":72,"column":8},"end":{"line":72,"column":11}},{"start":{"line":72,"column":15},"end":{"line":72,"column":17}}]},"8":{"line":75,"type":"if","locations":[{"start":{"line":75,"column":4},"end":{"line":75,"column":4}},{"start":{"line":75,"column":4},"end":{"line":75,"column":4}}]},"9":{"line":93,"type":"cond-expr","locations":[{"start":{"line":94,"column":6},"end":{"line":94,"column":24}},{"start":{"line":95,"column":6},"end":{"line":95,"column":46}}]},"10":{"line":144,"type":"if","locations":[{"start":{"line":144,"column":4},"end":{"line":144,"column":4}},{"start":{"line":144,"column":4},"end":{"line":144,"column":4}}]},"11":{"line":165,"type":"if","locations":[{"start":{"line":165,"column":2},"end":{"line":165,"column":2}},{"start":{"line":165,"column":2},"end":{"line":165,"column":2}}]},"12":{"line":169,"type":"switch","locations":[{"start":{"line":170,"column":4},"end":{"line":172,"column":12}},{"start":{"line":173,"column":4},"end":{"line":174,"column":12}},{"start":{"line":175,"column":4},"end":{"line":177,"column":12}},{"start":{"line":178,"column":4},"end":{"line":180,"column":12}},{"start":{"line":181,"column":4},"end":{"line":182,"column":69}}]},"13":{"line":199,"type":"if","locations":[{"start":{"line":199,"column":2},"end":{"line":199,"column":2}},{"start":{"line":199,"column":2},"end":{"line":199,"column":2}}]},"14":{"line":203,"type":"switch","locations":[{"start":{"line":204,"column":4},"end":{"line":206,"column":12}},{"start":{"line":207,"column":4},"end":{"line":209,"column":12}},{"start":{"line":210,"column":4},"end":{"line":212,"column":12}},{"start":{"line":213,"column":4},"end":{"line":215,"column":12}},{"start":{"line":216,"column":4},"end":{"line":217,"column":77}}]},"15":{"line":232,"type":"if","locations":[{"start":{"line":232,"column":2},"end":{"line":232,"column":2}},{"start":{"line":232,"column":2},"end":{"line":232,"column":2}}]},"16":{"line":234,"type":"if","locations":[{"start":{"line":234,"column":2},"end":{"line":234,"column":2}},{"start":{"line":234,"column":2},"end":{"line":234,"column":2}}]},"17":{"line":239,"type":"if","locations":[{"start":{"line":239,"column":2},"end":{"line":239,"column":2}},{"start":{"line":239,"column":2},"end":{"line":239,"column":2}}]},"18":{"line":244,"type":"if","locations":[{"start":{"line":244,"column":2},"end":{"line":244,"column":2}},{"start":{"line":244,"column":2},"end":{"line":244,"column":2}}]},"19":{"line":249,"type":"binary-expr","locations":[{"start":{"line":249,"column":27},"end":{"line":249,"column":30}},{"start":{"line":249,"column":34},"end":{"line":249,"column":36}}]},"20":{"line":262,"type":"if","locations":[{"start":{"line":262,"column":2},"end":{"line":262,"column":2}},{"start":{"line":262,"column":2},"end":{"line":262,"column":2}}]},"21":{"line":262,"type":"binary-expr","locations":[{"start":{"line":262,"column":6},"end":{"line":262,"column":11}},{"start":{"line":262,"column":15},"end":{"line":262,"column":23}}]}}},"/tmp/express/lib/router/index.js":{"path":"/tmp/express/lib/router/index.js","s":{"1":1,"2":1,"3":1,"4":1,"5":1,"6":1,"7":1,"8":1,"9":1,"10":1,"11":1,"12":542,"13":1,"14":35,"15":542,"16":542,"17":542,"18":542,"19":542,"20":542,"21":542,"22":542,"23":1,"24":26,"25":1,"26":1,"27":25,"28":25,"29":25,"30":25,"31":2,"32":25,"33":1,"34":1,"35":25,"36":1,"37":24,"38":24,"39":1,"40":711,"41":711,"42":711,"43":711,"44":711,"45":711,"46":711,"47":711,"48":711,"49":711,"50":711,"51":711,"52":711,"53":711,"54":711,"55":711,"56":711,"57":8,"58":5,"59":2,"60":3,"61":3,"62":711,"63":711,"64":711,"65":1,"66":2636,"67":2636,"68":2636,"69":17,"70":17,"71":2636,"72":47,"73":47,"74":47,"75":2636,"76":98,"77":98,"78":2538,"79":2538,"80":254,"81":2284,"82":2284,"83":327,"84":9,"85":318,"86":318,"87":318,"88":5,"89":318,"90":26,"91":292,"92":2249,"93":2249,"94":2249,"95":2249,"96":8,"97":2241,"98":284,"99":1957,"100":1,"101":1957,"102":1957,"103":0,"104":1957,"105":86,"106":86,"107":86,"108":86,"109":38,"110":38,"111":86,"112":1957,"113":1957,"114":39,"115":1918,"116":1,"117":2538,"118":2538,"119":2538,"120":2538,"121":2538,"122":253,"123":1,"124":2538,"125":1,"126":2249,"127":2249,"128":2249,"129":2121,"130":128,"131":128,"132":128,"133":128,"134":128,"135":128,"136":128,"137":1,"138":281,"139":8,"140":273,"141":120,"142":153,"143":153,"144":153,"145":0,"146":153,"147":153,"148":153,"149":153,"150":153,"151":119,"152":34,"153":6,"154":6,"155":28,"156":28,"157":1,"158":57,"159":57,"160":57,"161":7,"162":7,"163":7,"164":50,"165":21,"166":29,"167":29,"168":2,"169":128,"170":1,"171":1423,"172":1423,"173":1423,"174":435,"175":435,"176":5,"177":435,"178":434,"179":434,"180":1423,"181":1423,"182":1,"183":1422,"184":1424,"185":8,"186":1416,"187":1416,"188":1416,"189":1416,"190":1414,"191":1,"192":260,"193":260,"194":260,"195":260,"196":260,"197":1,"198":27,"199":25,"200":25,"201":25,"202":1,"203":8,"204":8,"205":4,"206":4,"207":1,"208":5,"209":1,"210":4,"211":4,"212":2,"213":2,"214":2,"215":2,"216":4,"217":3,"218":4,"219":3,"220":2,"221":3,"222":3,"223":2,"224":2,"225":1,"226":711,"227":711,"228":711,"229":2133,"230":2133,"231":711,"232":95,"233":285,"234":95,"235":1,"236":8,"237":5,"238":5,"239":5,"240":5,"241":5},"b":{"1":[542,50],"2":[1,25],"3":[2,23],"4":[1,0],"5":[1,24],"6":[24,23],"7":[57,654],"8":[711,5],"9":[4,707],"10":[711,680],"11":[8,703],"12":[2,3],"13":[5,5],"14":[711,625],"15":[4,2632],"16":[17,2619],"17":[47,2589],"18":[98,2538],"19":[254,2284],"20":[2538,2537],"21":[254,228],"22":[327,1957],"23":[9,318],"24":[5,313],"25":[318,26],"26":[26,292],"27":[318,26],"28":[5,2244],"29":[8,2241],"30":[8,8],"31":[284,1957],"32":[0,1957],"33":[1957,1919,0],"34":[86,1871],"35":[38,48],"36":[86,82],"37":[4,82],"38":[39,1918],"39":[253,2284],"40":[2121,128],"41":[2249,2249],"42":[8,273],"43":[120,153],"44":[0,153],"45":[119,34],"46":[153,144],"47":[6,28],"48":[34,8,7],"49":[7,50],"50":[21,29],"51":[435,988],"52":[440,5],"53":[434,1],"54":[1,1422],"55":[8,1416],"56":[1416,346],"57":[4,4],"58":[1,4],"59":[5,4],"60":[2,2],"61":[4,2],"62":[6,2],"63":[3,1],"64":[3,1],"65":[2,1]},"f":{"1":542,"2":35,"3":26,"4":711,"5":5,"6":2636,"7":2538,"8":2249,"9":1957,"10":2538,"11":2249,"12":281,"13":57,"14":1423,"15":1424,"16":260,"17":27,"18":25,"19":8,"20":5,"21":711,"22":95,"23":8,"24":5},"fnMap":{"1":{"name":"(anonymous_1)","line":30,"loc":{"start":{"line":30,"column":29},"end":{"line":30,"column":47}}},"2":{"name":"router","line":33,"loc":{"start":{"line":33,"column":2},"end":{"line":33,"column":34}}},"3":{"name":"(anonymous_3)","line":84,"loc":{"start":{"line":84,"column":14},"end":{"line":84,"column":32}}},"4":{"name":"(anonymous_4)","line":122,"loc":{"start":{"line":122,"column":15},"end":{"line":122,"column":40}}},"5":{"name":"(anonymous_5)","line":153,"loc":{"start":{"line":153,"column":22},"end":{"line":153,"column":41}}},"6":{"name":"next","line":167,"loc":{"start":{"line":167,"column":2},"end":{"line":167,"column":21}}},"7":{"name":"(anonymous_7)","line":190,"loc":{"start":{"line":190,"column":38},"end":{"line":190,"column":59}}},"8":{"name":"(anonymous_8)","line":229,"loc":{"start":{"line":229,"column":56},"end":{"line":229,"column":71}}},"9":{"name":"trim_prefix","line":243,"loc":{"start":{"line":243,"column":2},"end":{"line":243,"column":59}}},"10":{"name":"match_layer","line":282,"loc":{"start":{"line":282,"column":20},"end":{"line":282,"column":64}}},"11":{"name":"(anonymous_11)","line":305,"loc":{"start":{"line":305,"column":23},"end":{"line":305,"column":63}}},"12":{"name":"param","line":326,"loc":{"start":{"line":326,"column":2},"end":{"line":326,"column":22}}},"13":{"name":"paramCallback","line":370,"loc":{"start":{"line":370,"column":2},"end":{"line":370,"column":30}}},"14":{"name":"use","line":410,"loc":{"start":{"line":410,"column":12},"end":{"line":410,"column":29}}},"15":{"name":"(anonymous_15)","line":436,"loc":{"start":{"line":436,"column":20},"end":{"line":436,"column":34}}},"16":{"name":"(anonymous_16)","line":471,"loc":{"start":{"line":471,"column":14},"end":{"line":471,"column":28}}},"17":{"name":"(anonymous_17)","line":487,"loc":{"start":{"line":487,"column":30},"end":{"line":487,"column":46}}},"18":{"name":"(anonymous_18)","line":488,"loc":{"start":{"line":488,"column":18},"end":{"line":488,"column":32}}},"19":{"name":"gettype","line":496,"loc":{"start":{"line":496,"column":0},"end":{"line":496,"column":22}}},"20":{"name":"mergeParams","line":509,"loc":{"start":{"line":509,"column":0},"end":{"line":509,"column":37}}},"21":{"name":"restore","line":545,"loc":{"start":{"line":545,"column":0},"end":{"line":545,"column":26}}},"22":{"name":"(anonymous_22)","line":554,"loc":{"start":{"line":554,"column":9},"end":{"line":554,"column":22}}},"23":{"name":"wrap","line":565,"loc":{"start":{"line":565,"column":0},"end":{"line":565,"column":23}}},"24":{"name":"proxy","line":566,"loc":{"start":{"line":566,"column":9},"end":{"line":566,"column":26}}}},"statementMap":{"1":{"start":{"line":6,"column":0},"end":{"line":6,"column":31}},"2":{"start":{"line":7,"column":0},"end":{"line":7,"column":31}},"3":{"start":{"line":8,"column":0},"end":{"line":8,"column":33}},"4":{"start":{"line":9,"column":0},"end":{"line":9,"column":35}},"5":{"start":{"line":10,"column":0},"end":{"line":10,"column":47}},"6":{"start":{"line":11,"column":0},"end":{"line":11,"column":35}},"7":{"start":{"line":12,"column":0},"end":{"line":12,"column":32}},"8":{"start":{"line":18,"column":0},"end":{"line":18,"column":40}},"9":{"start":{"line":19,"column":0},"end":{"line":19,"column":34}},"10":{"start":{"line":20,"column":0},"end":{"line":20,"column":41}},"11":{"start":{"line":30,"column":0},"end":{"line":48,"column":2}},"12":{"start":{"line":31,"column":2},"end":{"line":31,"column":26}},"13":{"start":{"line":33,"column":2},"end":{"line":35,"column":3}},"14":{"start":{"line":34,"column":4},"end":{"line":34,"column":34}},"15":{"start":{"line":38,"column":2},"end":{"line":38,"column":27}},"16":{"start":{"line":40,"column":2},"end":{"line":40,"column":21}},"17":{"start":{"line":41,"column":2},"end":{"line":41,"column":22}},"18":{"start":{"line":42,"column":2},"end":{"line":42,"column":47}},"19":{"start":{"line":43,"column":2},"end":{"line":43,"column":43}},"20":{"start":{"line":44,"column":2},"end":{"line":44,"column":33}},"21":{"start":{"line":45,"column":2},"end":{"line":45,"column":20}},"22":{"start":{"line":47,"column":2},"end":{"line":47,"column":16}},"23":{"start":{"line":84,"column":0},"end":{"line":114,"column":2}},"24":{"start":{"line":86,"column":2},"end":{"line":89,"column":3}},"25":{"start":{"line":87,"column":4},"end":{"line":87,"column":28}},"26":{"start":{"line":88,"column":4},"end":{"line":88,"column":11}},"27":{"start":{"line":92,"column":2},"end":{"line":92,"column":28}},"28":{"start":{"line":93,"column":2},"end":{"line":93,"column":26}},"29":{"start":{"line":94,"column":2},"end":{"line":94,"column":10}},"30":{"start":{"line":96,"column":2},"end":{"line":98,"column":3}},"31":{"start":{"line":97,"column":4},"end":{"line":97,"column":26}},"32":{"start":{"line":100,"column":2},"end":{"line":104,"column":3}},"33":{"start":{"line":101,"column":4},"end":{"line":103,"column":5}},"34":{"start":{"line":102,"column":6},"end":{"line":102,"column":15}},"35":{"start":{"line":108,"column":2},"end":{"line":110,"column":3}},"36":{"start":{"line":109,"column":4},"end":{"line":109,"column":72}},"37":{"start":{"line":112,"column":2},"end":{"line":112,"column":57}},"38":{"start":{"line":113,"column":2},"end":{"line":113,"column":14}},"39":{"start":{"line":122,"column":0},"end":{"line":274,"column":2}},"40":{"start":{"line":123,"column":2},"end":{"line":123,"column":18}},"41":{"start":{"line":125,"column":2},"end":{"line":125,"column":50}},"42":{"start":{"line":127,"column":2},"end":{"line":127,"column":40}},"43":{"start":{"line":128,"column":2},"end":{"line":128,"column":56}},"44":{"start":{"line":129,"column":2},"end":{"line":129,"column":84}},"45":{"start":{"line":130,"column":2},"end":{"line":130,"column":80}},"46":{"start":{"line":131,"column":2},"end":{"line":131,"column":14}},"47":{"start":{"line":132,"column":2},"end":{"line":132,"column":19}},"48":{"start":{"line":133,"column":2},"end":{"line":133,"column":25}},"49":{"start":{"line":134,"column":2},"end":{"line":134,"column":23}},"50":{"start":{"line":138,"column":2},"end":{"line":138,"column":19}},"51":{"start":{"line":141,"column":2},"end":{"line":141,"column":25}},"52":{"start":{"line":144,"column":2},"end":{"line":144,"column":32}},"53":{"start":{"line":145,"column":2},"end":{"line":145,"column":36}},"54":{"start":{"line":146,"column":2},"end":{"line":146,"column":57}},"55":{"start":{"line":149,"column":2},"end":{"line":149,"column":18}},"56":{"start":{"line":152,"column":2},"end":{"line":159,"column":3}},"57":{"start":{"line":153,"column":4},"end":{"line":158,"column":7}},"58":{"start":{"line":154,"column":6},"end":{"line":154,"column":55}},"59":{"start":{"line":154,"column":39},"end":{"line":154,"column":55}},"60":{"start":{"line":156,"column":6},"end":{"line":156,"column":35}},"61":{"start":{"line":157,"column":6},"end":{"line":157,"column":47}},"62":{"start":{"line":162,"column":2},"end":{"line":162,"column":26}},"63":{"start":{"line":163,"column":2},"end":{"line":163,"column":47}},"64":{"start":{"line":165,"column":2},"end":{"line":165,"column":9}},"65":{"start":{"line":167,"column":2},"end":{"line":241,"column":3}},"66":{"start":{"line":168,"column":4},"end":{"line":170,"column":12}},"67":{"start":{"line":172,"column":4},"end":{"line":172,"column":29}},"68":{"start":{"line":174,"column":4},"end":{"line":177,"column":5}},"69":{"start":{"line":175,"column":6},"end":{"line":175,"column":34}},"70":{"start":{"line":176,"column":6},"end":{"line":176,"column":25}},"71":{"start":{"line":179,"column":4},"end":{"line":183,"column":5}},"72":{"start":{"line":180,"column":6},"end":{"line":180,"column":30}},"73":{"start":{"line":181,"column":6},"end":{"line":181,"column":71}},"74":{"start":{"line":182,"column":6},"end":{"line":182,"column":19}},"75":{"start":{"line":185,"column":4},"end":{"line":188,"column":5}},"76":{"start":{"line":186,"column":6},"end":{"line":186,"column":37}},"77":{"start":{"line":187,"column":6},"end":{"line":187,"column":13}},"78":{"start":{"line":190,"column":4},"end":{"line":240,"column":7}},"79":{"start":{"line":191,"column":6},"end":{"line":193,"column":7}},"80":{"start":{"line":192,"column":8},"end":{"line":192,"column":39}},"81":{"start":{"line":196,"column":6},"end":{"line":196,"column":30}},"82":{"start":{"line":199,"column":6},"end":{"line":220,"column":7}},"83":{"start":{"line":201,"column":8},"end":{"line":203,"column":9}},"84":{"start":{"line":202,"column":10},"end":{"line":202,"column":34}},"85":{"start":{"line":205,"column":8},"end":{"line":205,"column":32}},"86":{"start":{"line":206,"column":8},"end":{"line":206,"column":55}},"87":{"start":{"line":209,"column":8},"end":{"line":211,"column":9}},"88":{"start":{"line":210,"column":10},"end":{"line":210,"column":56}},"89":{"start":{"line":214,"column":8},"end":{"line":216,"column":9}},"90":{"start":{"line":215,"column":10},"end":{"line":215,"column":24}},"91":{"start":{"line":219,"column":8},"end":{"line":219,"column":26}},"92":{"start":{"line":223,"column":6},"end":{"line":225,"column":23}},"93":{"start":{"line":226,"column":6},"end":{"line":226,"column":33}},"94":{"start":{"line":229,"column":6},"end":{"line":239,"column":9}},"95":{"start":{"line":230,"column":8},"end":{"line":232,"column":9}},"96":{"start":{"line":231,"column":10},"end":{"line":231,"column":41}},"97":{"start":{"line":234,"column":8},"end":{"line":236,"column":9}},"98":{"start":{"line":235,"column":10},"end":{"line":235,"column":54}},"99":{"start":{"line":238,"column":8},"end":{"line":238,"column":56}},"100":{"start":{"line":243,"column":2},"end":{"line":273,"column":3}},"101":{"start":{"line":244,"column":4},"end":{"line":244,"column":35}},"102":{"start":{"line":245,"column":4},"end":{"line":245,"column":61}},"103":{"start":{"line":245,"column":37},"end":{"line":245,"column":61}},"104":{"start":{"line":249,"column":4},"end":{"line":264,"column":5}},"105":{"start":{"line":250,"column":6},"end":{"line":250,"column":64}},"106":{"start":{"line":251,"column":6},"end":{"line":251,"column":26}},"107":{"start":{"line":252,"column":6},"end":{"line":252,"column":78}},"108":{"start":{"line":255,"column":6},"end":{"line":258,"column":7}},"109":{"start":{"line":256,"column":8},"end":{"line":256,"column":32}},"110":{"start":{"line":257,"column":8},"end":{"line":257,"column":26}},"111":{"start":{"line":261,"column":6},"end":{"line":263,"column":19}},"112":{"start":{"line":266,"column":4},"end":{"line":266,"column":64}},"113":{"start":{"line":268,"column":4},"end":{"line":272,"column":5}},"114":{"start":{"line":269,"column":6},"end":{"line":269,"column":53}},"115":{"start":{"line":271,"column":6},"end":{"line":271,"column":43}},"116":{"start":{"line":282,"column":0},"end":{"line":297,"column":2}},"117":{"start":{"line":283,"column":2},"end":{"line":283,"column":19}},"118":{"start":{"line":284,"column":2},"end":{"line":284,"column":11}},"119":{"start":{"line":286,"column":2},"end":{"line":294,"column":3}},"120":{"start":{"line":287,"column":4},"end":{"line":287,"column":34}},"121":{"start":{"line":289,"column":4},"end":{"line":291,"column":5}},"122":{"start":{"line":290,"column":6},"end":{"line":290,"column":23}},"123":{"start":{"line":293,"column":4},"end":{"line":293,"column":16}},"124":{"start":{"line":296,"column":2},"end":{"line":296,"column":20}},"125":{"start":{"line":305,"column":0},"end":{"line":393,"column":2}},"126":{"start":{"line":306,"column":2},"end":{"line":306,"column":27}},"127":{"start":{"line":309,"column":2},"end":{"line":309,"column":24}},"128":{"start":{"line":312,"column":2},"end":{"line":314,"column":3}},"129":{"start":{"line":313,"column":4},"end":{"line":313,"column":18}},"130":{"start":{"line":316,"column":2},"end":{"line":316,"column":12}},"131":{"start":{"line":317,"column":2},"end":{"line":317,"column":11}},"132":{"start":{"line":318,"column":2},"end":{"line":318,"column":21}},"133":{"start":{"line":319,"column":2},"end":{"line":319,"column":10}},"134":{"start":{"line":320,"column":2},"end":{"line":320,"column":15}},"135":{"start":{"line":321,"column":2},"end":{"line":321,"column":21}},"136":{"start":{"line":322,"column":2},"end":{"line":322,"column":18}},"137":{"start":{"line":326,"column":2},"end":{"line":367,"column":3}},"138":{"start":{"line":327,"column":4},"end":{"line":329,"column":5}},"139":{"start":{"line":328,"column":6},"end":{"line":328,"column":23}},"140":{"start":{"line":331,"column":4},"end":{"line":333,"column":5}},"141":{"start":{"line":332,"column":6},"end":{"line":332,"column":20}},"142":{"start":{"line":335,"column":4},"end":{"line":335,"column":19}},"143":{"start":{"line":336,"column":4},"end":{"line":336,"column":20}},"144":{"start":{"line":338,"column":4},"end":{"line":340,"column":5}},"145":{"start":{"line":339,"column":6},"end":{"line":339,"column":20}},"146":{"start":{"line":342,"column":4},"end":{"line":342,"column":20}},"147":{"start":{"line":343,"column":4},"end":{"line":343,"column":32}},"148":{"start":{"line":344,"column":4},"end":{"line":344,"column":34}},"149":{"start":{"line":345,"column":4},"end":{"line":345,"column":31}},"150":{"start":{"line":347,"column":4},"end":{"line":349,"column":5}},"151":{"start":{"line":348,"column":6},"end":{"line":348,"column":21}},"152":{"start":{"line":352,"column":4},"end":{"line":358,"column":5}},"153":{"start":{"line":354,"column":6},"end":{"line":354,"column":43}},"154":{"start":{"line":357,"column":6},"end":{"line":357,"column":38}},"155":{"start":{"line":360,"column":4},"end":{"line":364,"column":6}},"156":{"start":{"line":366,"column":4},"end":{"line":366,"column":20}},"157":{"start":{"line":370,"column":2},"end":{"line":390,"column":3}},"158":{"start":{"line":371,"column":4},"end":{"line":371,"column":42}},"159":{"start":{"line":374,"column":4},"end":{"line":374,"column":45}},"160":{"start":{"line":376,"column":4},"end":{"line":381,"column":5}},"161":{"start":{"line":378,"column":6},"end":{"line":378,"column":30}},"162":{"start":{"line":379,"column":6},"end":{"line":379,"column":17}},"163":{"start":{"line":380,"column":6},"end":{"line":380,"column":13}},"164":{"start":{"line":383,"column":4},"end":{"line":383,"column":28}},"165":{"start":{"line":383,"column":13},"end":{"line":383,"column":28}},"166":{"start":{"line":385,"column":4},"end":{"line":389,"column":5}},"167":{"start":{"line":386,"column":6},"end":{"line":386,"column":54}},"168":{"start":{"line":388,"column":6},"end":{"line":388,"column":23}},"169":{"start":{"line":392,"column":2},"end":{"line":392,"column":10}},"170":{"start":{"line":410,"column":0},"end":{"line":456,"column":2}},"171":{"start":{"line":411,"column":2},"end":{"line":411,"column":17}},"172":{"start":{"line":412,"column":2},"end":{"line":412,"column":17}},"173":{"start":{"line":416,"column":2},"end":{"line":428,"column":3}},"174":{"start":{"line":417,"column":4},"end":{"line":417,"column":17}},"175":{"start":{"line":419,"column":4},"end":{"line":421,"column":5}},"176":{"start":{"line":420,"column":6},"end":{"line":420,"column":19}},"177":{"start":{"line":424,"column":4},"end":{"line":427,"column":5}},"178":{"start":{"line":425,"column":6},"end":{"line":425,"column":17}},"179":{"start":{"line":426,"column":6},"end":{"line":426,"column":16}},"180":{"start":{"line":430,"column":2},"end":{"line":430,"column":63}},"181":{"start":{"line":432,"column":2},"end":{"line":434,"column":3}},"182":{"start":{"line":433,"column":4},"end":{"line":433,"column":70}},"183":{"start":{"line":436,"column":2},"end":{"line":453,"column":11}},"184":{"start":{"line":437,"column":4},"end":{"line":439,"column":5}},"185":{"start":{"line":438,"column":6},"end":{"line":438,"column":96}},"186":{"start":{"line":442,"column":4},"end":{"line":442,"column":55}},"187":{"start":{"line":444,"column":4},"end":{"line":448,"column":11}},"188":{"start":{"line":450,"column":4},"end":{"line":450,"column":28}},"189":{"start":{"line":452,"column":4},"end":{"line":452,"column":27}},"190":{"start":{"line":455,"column":2},"end":{"line":455,"column":14}},"191":{"start":{"line":471,"column":0},"end":{"line":484,"column":2}},"192":{"start":{"line":472,"column":2},"end":{"line":472,"column":30}},"193":{"start":{"line":474,"column":2},"end":{"line":478,"column":33}},"194":{"start":{"line":480,"column":2},"end":{"line":480,"column":22}},"195":{"start":{"line":482,"column":2},"end":{"line":482,"column":25}},"196":{"start":{"line":483,"column":2},"end":{"line":483,"column":15}},"197":{"start":{"line":487,"column":0},"end":{"line":493,"column":3}},"198":{"start":{"line":488,"column":2},"end":{"line":492,"column":4}},"199":{"start":{"line":489,"column":4},"end":{"line":490,"column":4}},"200":{"start":{"line":490,"column":4},"end":{"line":490,"column":57}},"201":{"start":{"line":491,"column":4},"end":{"line":491,"column":16}},"202":{"start":{"line":496,"column":0},"end":{"line":506,"column":1}},"203":{"start":{"line":497,"column":2},"end":{"line":497,"column":24}},"204":{"start":{"line":499,"column":2},"end":{"line":501,"column":3}},"205":{"start":{"line":500,"column":4},"end":{"line":500,"column":16}},"206":{"start":{"line":504,"column":2},"end":{"line":505,"column":33}},"207":{"start":{"line":509,"column":0},"end":{"line":542,"column":1}},"208":{"start":{"line":510,"column":2},"end":{"line":512,"column":3}},"209":{"start":{"line":511,"column":4},"end":{"line":511,"column":18}},"210":{"start":{"line":515,"column":2},"end":{"line":515,"column":30}},"211":{"start":{"line":518,"column":2},"end":{"line":520,"column":3}},"212":{"start":{"line":519,"column":4},"end":{"line":519,"column":30}},"213":{"start":{"line":522,"column":2},"end":{"line":522,"column":12}},"214":{"start":{"line":523,"column":2},"end":{"line":523,"column":12}},"215":{"start":{"line":526,"column":2},"end":{"line":529,"column":3}},"216":{"start":{"line":527,"column":4},"end":{"line":527,"column":25}},"217":{"start":{"line":527,"column":21},"end":{"line":527,"column":25}},"218":{"start":{"line":528,"column":4},"end":{"line":528,"column":25}},"219":{"start":{"line":528,"column":21},"end":{"line":528,"column":25}},"220":{"start":{"line":532,"column":2},"end":{"line":539,"column":3}},"221":{"start":{"line":533,"column":4},"end":{"line":533,"column":30}},"222":{"start":{"line":536,"column":4},"end":{"line":538,"column":5}},"223":{"start":{"line":537,"column":6},"end":{"line":537,"column":23}},"224":{"start":{"line":541,"column":2},"end":{"line":541,"column":31}},"225":{"start":{"line":545,"column":0},"end":{"line":562,"column":1}},"226":{"start":{"line":546,"column":2},"end":{"line":546,"column":46}},"227":{"start":{"line":547,"column":2},"end":{"line":547,"column":45}},"228":{"start":{"line":549,"column":2},"end":{"line":552,"column":3}},"229":{"start":{"line":550,"column":4},"end":{"line":550,"column":32}},"230":{"start":{"line":551,"column":4},"end":{"line":551,"column":28}},"231":{"start":{"line":554,"column":2},"end":{"line":561,"column":4}},"232":{"start":{"line":556,"column":4},"end":{"line":558,"column":5}},"233":{"start":{"line":557,"column":6},"end":{"line":557,"column":30}},"234":{"start":{"line":560,"column":4},"end":{"line":560,"column":37}},"235":{"start":{"line":565,"column":0},"end":{"line":576,"column":1}},"236":{"start":{"line":566,"column":2},"end":{"line":575,"column":4}},"237":{"start":{"line":567,"column":4},"end":{"line":567,"column":47}},"238":{"start":{"line":569,"column":4},"end":{"line":569,"column":18}},"239":{"start":{"line":570,"column":4},"end":{"line":572,"column":5}},"240":{"start":{"line":571,"column":6},"end":{"line":571,"column":33}},"241":{"start":{"line":574,"column":4},"end":{"line":574,"column":25}}},"branchMap":{"1":{"line":31,"type":"binary-expr","locations":[{"start":{"line":31,"column":12},"end":{"line":31,"column":19}},{"start":{"line":31,"column":23},"end":{"line":31,"column":25}}]},"2":{"line":86,"type":"if","locations":[{"start":{"line":86,"column":2},"end":{"line":86,"column":2}},{"start":{"line":86,"column":2},"end":{"line":86,"column":2}}]},"3":{"line":96,"type":"if","locations":[{"start":{"line":96,"column":2},"end":{"line":96,"column":2}},{"start":{"line":96,"column":2},"end":{"line":96,"column":2}}]},"4":{"line":101,"type":"if","locations":[{"start":{"line":101,"column":4},"end":{"line":101,"column":4}},{"start":{"line":101,"column":4},"end":{"line":101,"column":4}}]},"5":{"line":108,"type":"if","locations":[{"start":{"line":108,"column":2},"end":{"line":108,"column":2}},{"start":{"line":108,"column":2},"end":{"line":108,"column":2}}]},"6":{"line":112,"type":"binary-expr","locations":[{"start":{"line":112,"column":23},"end":{"line":112,"column":40}},{"start":{"line":112,"column":44},"end":{"line":112,"column":46}}]},"7":{"line":128,"type":"cond-expr","locations":[{"start":{"line":128,"column":28},"end":{"line":128,"column":38}},{"start":{"line":128,"column":41},"end":{"line":128,"column":55}}]},"8":{"line":129,"type":"binary-expr","locations":[{"start":{"line":129,"column":13},"end":{"line":129,"column":31}},{"start":{"line":129,"column":35},"end":{"line":129,"column":83}}]},"9":{"line":130,"type":"cond-expr","locations":[{"start":{"line":130,"column":25},"end":{"line":130,"column":74}},{"start":{"line":130,"column":77},"end":{"line":130,"column":79}}]},"10":{"line":145,"type":"binary-expr","locations":[{"start":{"line":145,"column":18},"end":{"line":145,"column":29}},{"start":{"line":145,"column":33},"end":{"line":145,"column":35}}]},"11":{"line":152,"type":"if","locations":[{"start":{"line":152,"column":2},"end":{"line":152,"column":2}},{"start":{"line":152,"column":2},"end":{"line":152,"column":2}}]},"12":{"line":154,"type":"if","locations":[{"start":{"line":154,"column":6},"end":{"line":154,"column":6}},{"start":{"line":154,"column":6},"end":{"line":154,"column":6}}]},"13":{"line":154,"type":"binary-expr","locations":[{"start":{"line":154,"column":10},"end":{"line":154,"column":13}},{"start":{"line":154,"column":17},"end":{"line":154,"column":37}}]},"14":{"line":163,"type":"binary-expr","locations":[{"start":{"line":163,"column":20},"end":{"line":163,"column":35}},{"start":{"line":163,"column":39},"end":{"line":163,"column":46}}]},"15":{"line":168,"type":"cond-expr","locations":[{"start":{"line":169,"column":8},"end":{"line":169,"column":12}},{"start":{"line":170,"column":8},"end":{"line":170,"column":11}}]},"16":{"line":174,"type":"if","locations":[{"start":{"line":174,"column":4},"end":{"line":174,"column":4}},{"start":{"line":174,"column":4},"end":{"line":174,"column":4}}]},"17":{"line":179,"type":"if","locations":[{"start":{"line":179,"column":4},"end":{"line":179,"column":4}},{"start":{"line":179,"column":4},"end":{"line":179,"column":4}}]},"18":{"line":185,"type":"if","locations":[{"start":{"line":185,"column":4},"end":{"line":185,"column":4}},{"start":{"line":185,"column":4},"end":{"line":185,"column":4}}]},"19":{"line":191,"type":"if","locations":[{"start":{"line":191,"column":6},"end":{"line":191,"column":6}},{"start":{"line":191,"column":6},"end":{"line":191,"column":6}}]},"20":{"line":191,"type":"binary-expr","locations":[{"start":{"line":191,"column":10},"end":{"line":191,"column":13}},{"start":{"line":191,"column":17},"end":{"line":191,"column":35}}]},"21":{"line":192,"type":"binary-expr","locations":[{"start":{"line":192,"column":20},"end":{"line":192,"column":30}},{"start":{"line":192,"column":34},"end":{"line":192,"column":37}}]},"22":{"line":199,"type":"if","locations":[{"start":{"line":199,"column":6},"end":{"line":199,"column":6}},{"start":{"line":199,"column":6},"end":{"line":199,"column":6}}]},"23":{"line":201,"type":"if","locations":[{"start":{"line":201,"column":8},"end":{"line":201,"column":8}},{"start":{"line":201,"column":8},"end":{"line":201,"column":8}}]},"24":{"line":209,"type":"if","locations":[{"start":{"line":209,"column":8},"end":{"line":209,"column":8}},{"start":{"line":209,"column":8},"end":{"line":209,"column":8}}]},"25":{"line":209,"type":"binary-expr","locations":[{"start":{"line":209,"column":12},"end":{"line":209,"column":23}},{"start":{"line":209,"column":27},"end":{"line":209,"column":47}}]},"26":{"line":214,"type":"if","locations":[{"start":{"line":214,"column":8},"end":{"line":214,"column":8}},{"start":{"line":214,"column":8},"end":{"line":214,"column":8}}]},"27":{"line":214,"type":"binary-expr","locations":[{"start":{"line":214,"column":12},"end":{"line":214,"column":23}},{"start":{"line":214,"column":27},"end":{"line":214,"column":44}}]},"28":{"line":223,"type":"cond-expr","locations":[{"start":{"line":224,"column":10},"end":{"line":224,"column":49}},{"start":{"line":225,"column":10},"end":{"line":225,"column":22}}]},"29":{"line":230,"type":"if","locations":[{"start":{"line":230,"column":8},"end":{"line":230,"column":8}},{"start":{"line":230,"column":8},"end":{"line":230,"column":8}}]},"30":{"line":231,"type":"binary-expr","locations":[{"start":{"line":231,"column":22},"end":{"line":231,"column":32}},{"start":{"line":231,"column":36},"end":{"line":231,"column":39}}]},"31":{"line":234,"type":"if","locations":[{"start":{"line":234,"column":8},"end":{"line":234,"column":8}},{"start":{"line":234,"column":8},"end":{"line":234,"column":8}}]},"32":{"line":245,"type":"if","locations":[{"start":{"line":245,"column":4},"end":{"line":245,"column":4}},{"start":{"line":245,"column":4},"end":{"line":245,"column":4}}]},"33":{"line":245,"type":"binary-expr","locations":[{"start":{"line":245,"column":8},"end":{"line":245,"column":9}},{"start":{"line":245,"column":13},"end":{"line":245,"column":22}},{"start":{"line":245,"column":26},"end":{"line":245,"column":35}}]},"34":{"line":249,"type":"if","locations":[{"start":{"line":249,"column":4},"end":{"line":249,"column":4}},{"start":{"line":249,"column":4},"end":{"line":249,"column":4}}]},"35":{"line":255,"type":"if","locations":[{"start":{"line":255,"column":6},"end":{"line":255,"column":6}},{"start":{"line":255,"column":6},"end":{"line":255,"column":6}}]},"36":{"line":255,"type":"binary-expr","locations":[{"start":{"line":255,"column":10},"end":{"line":255,"column":15}},{"start":{"line":255,"column":19},"end":{"line":255,"column":37}}]},"37":{"line":261,"type":"cond-expr","locations":[{"start":{"line":262,"column":10},"end":{"line":262,"column":50}},{"start":{"line":263,"column":10},"end":{"line":263,"column":17}}]},"38":{"line":268,"type":"if","locations":[{"start":{"line":268,"column":4},"end":{"line":268,"column":4}},{"start":{"line":268,"column":4},"end":{"line":268,"column":4}}]},"39":{"line":289,"type":"if","locations":[{"start":{"line":289,"column":4},"end":{"line":289,"column":4}},{"start":{"line":289,"column":4},"end":{"line":289,"column":4}}]},"40":{"line":312,"type":"if","locations":[{"start":{"line":312,"column":2},"end":{"line":312,"column":2}},{"start":{"line":312,"column":2},"end":{"line":312,"column":2}}]},"41":{"line":312,"type":"binary-expr","locations":[{"start":{"line":312,"column":6},"end":{"line":312,"column":11}},{"start":{"line":312,"column":15},"end":{"line":312,"column":32}}]},"42":{"line":327,"type":"if","locations":[{"start":{"line":327,"column":4},"end":{"line":327,"column":4}},{"start":{"line":327,"column":4},"end":{"line":327,"column":4}}]},"43":{"line":331,"type":"if","locations":[{"start":{"line":331,"column":4},"end":{"line":331,"column":4}},{"start":{"line":331,"column":4},"end":{"line":331,"column":4}}]},"44":{"line":338,"type":"if","locations":[{"start":{"line":338,"column":4},"end":{"line":338,"column":4}},{"start":{"line":338,"column":4},"end":{"line":338,"column":4}}]},"45":{"line":347,"type":"if","locations":[{"start":{"line":347,"column":4},"end":{"line":347,"column":4}},{"start":{"line":347,"column":4},"end":{"line":347,"column":4}}]},"46":{"line":347,"type":"binary-expr","locations":[{"start":{"line":347,"column":8},"end":{"line":347,"column":30}},{"start":{"line":347,"column":34},"end":{"line":347,"column":49}}]},"47":{"line":352,"type":"if","locations":[{"start":{"line":352,"column":4},"end":{"line":352,"column":4}},{"start":{"line":352,"column":4},"end":{"line":352,"column":4}}]},"48":{"line":352,"type":"binary-expr","locations":[{"start":{"line":352,"column":8},"end":{"line":352,"column":19}},{"start":{"line":352,"column":24},"end":{"line":352,"column":41}},{"start":{"line":352,"column":45},"end":{"line":352,"column":75}}]},"49":{"line":376,"type":"if","locations":[{"start":{"line":376,"column":4},"end":{"line":376,"column":4}},{"start":{"line":376,"column":4},"end":{"line":376,"column":4}}]},"50":{"line":383,"type":"if","locations":[{"start":{"line":383,"column":4},"end":{"line":383,"column":4}},{"start":{"line":383,"column":4},"end":{"line":383,"column":4}}]},"51":{"line":416,"type":"if","locations":[{"start":{"line":416,"column":2},"end":{"line":416,"column":2}},{"start":{"line":416,"column":2},"end":{"line":416,"column":2}}]},"52":{"line":419,"type":"binary-expr","locations":[{"start":{"line":419,"column":11},"end":{"line":419,"column":29}},{"start":{"line":419,"column":33},"end":{"line":419,"column":49}}]},"53":{"line":424,"type":"if","locations":[{"start":{"line":424,"column":4},"end":{"line":424,"column":4}},{"start":{"line":424,"column":4},"end":{"line":424,"column":4}}]},"54":{"line":432,"type":"if","locations":[{"start":{"line":432,"column":2},"end":{"line":432,"column":2}},{"start":{"line":432,"column":2},"end":{"line":432,"column":2}}]},"55":{"line":437,"type":"if","locations":[{"start":{"line":437,"column":4},"end":{"line":437,"column":4}},{"start":{"line":437,"column":4},"end":{"line":437,"column":4}}]},"56":{"line":442,"type":"binary-expr","locations":[{"start":{"line":442,"column":29},"end":{"line":442,"column":36}},{"start":{"line":442,"column":40},"end":{"line":442,"column":53}}]},"57":{"line":499,"type":"if","locations":[{"start":{"line":499,"column":2},"end":{"line":499,"column":2}},{"start":{"line":499,"column":2},"end":{"line":499,"column":2}}]},"58":{"line":510,"type":"if","locations":[{"start":{"line":510,"column":2},"end":{"line":510,"column":2}},{"start":{"line":510,"column":2},"end":{"line":510,"column":2}}]},"59":{"line":510,"type":"binary-expr","locations":[{"start":{"line":510,"column":6},"end":{"line":510,"column":32}},{"start":{"line":510,"column":36},"end":{"line":510,"column":43}}]},"60":{"line":518,"type":"if","locations":[{"start":{"line":518,"column":2},"end":{"line":518,"column":2}},{"start":{"line":518,"column":2},"end":{"line":518,"column":2}}]},"61":{"line":518,"type":"binary-expr","locations":[{"start":{"line":518,"column":6},"end":{"line":518,"column":20}},{"start":{"line":518,"column":24},"end":{"line":518,"column":38}}]},"62":{"line":526,"type":"binary-expr","locations":[{"start":{"line":526,"column":9},"end":{"line":526,"column":16}},{"start":{"line":526,"column":20},"end":{"line":526,"column":31}}]},"63":{"line":527,"type":"if","locations":[{"start":{"line":527,"column":4},"end":{"line":527,"column":4}},{"start":{"line":527,"column":4},"end":{"line":527,"column":4}}]},"64":{"line":528,"type":"if","locations":[{"start":{"line":528,"column":4},"end":{"line":528,"column":4}},{"start":{"line":528,"column":4},"end":{"line":528,"column":4}}]},"65":{"line":536,"type":"if","locations":[{"start":{"line":536,"column":4},"end":{"line":536,"column":4}},{"start":{"line":536,"column":4},"end":{"line":536,"column":4}}]}}},"/tmp/express/lib/router/route.js":{"path":"/tmp/express/lib/router/route.js","s":{"1":1,"2":1,"3":1,"4":1,"5":1,"6":1,"7":271,"8":271,"9":271,"10":271,"11":1,"12":318,"13":27,"14":291,"15":291,"16":1,"17":291,"18":1,"19":5,"20":5,"21":1,"22":320,"23":320,"24":320,"25":0,"26":320,"27":320,"28":3,"29":320,"30":320,"31":1,"32":744,"33":3,"34":741,"35":741,"36":84,"37":657,"38":305,"39":352,"40":11,"41":341,"42":1,"43":20,"44":20,"45":20,"46":3,"47":3,"48":3,"49":17,"50":17,"51":17,"52":17,"53":17,"54":1,"55":26,"56":414,"57":414,"58":432,"59":26,"60":26,"61":26,"62":406,"63":406,"64":406,"65":406,"66":406,"67":388},"b":{"1":[27,291],"2":[1,290],"3":[291,3],"4":[0,320],"5":[3,317],"6":[320,5],"7":[3,741],"8":[744,82],"9":[84,657],"10":[305,352],"11":[657,592],"12":[11,341],"13":[3,17],"14":[26,406]},"f":{"1":271,"2":318,"3":5,"4":5,"5":320,"6":744,"7":20,"8":20,"9":26,"10":414,"11":432},"fnMap":{"1":{"name":"Route","line":23,"loc":{"start":{"line":23,"column":0},"end":{"line":23,"column":21}}},"2":{"name":"_handles_method","line":36,"loc":{"start":{"line":36,"column":34},"end":{"line":36,"column":67}}},"3":{"name":"(anonymous_3)","line":55,"loc":{"start":{"line":55,"column":27},"end":{"line":55,"column":37}}},"4":{"name":"(anonymous_4)","line":56,"loc":{"start":{"line":56,"column":39},"end":{"line":56,"column":56}}},"5":{"name":"(anonymous_5)","line":67,"loc":{"start":{"line":67,"column":27},"end":{"line":67,"column":51}}},"6":{"name":"next","line":83,"loc":{"start":{"line":83,"column":2},"end":{"line":83,"column":21}}},"7":{"name":"(anonymous_7)","line":133,"loc":{"start":{"line":133,"column":22},"end":{"line":133,"column":32}}},"8":{"name":"(anonymous_8)","line":135,"loc":{"start":{"line":135,"column":20},"end":{"line":135,"column":33}}},"9":{"name":"(anonymous_9)","line":152,"loc":{"start":{"line":152,"column":16},"end":{"line":152,"column":32}}},"10":{"name":"(anonymous_10)","line":153,"loc":{"start":{"line":153,"column":28},"end":{"line":153,"column":38}}},"11":{"name":"(anonymous_11)","line":156,"loc":{"start":{"line":156,"column":22},"end":{"line":156,"column":35}}}},"statementMap":{"1":{"start":{"line":5,"column":0},"end":{"line":5,"column":53}},"2":{"start":{"line":6,"column":0},"end":{"line":6,"column":31}},"3":{"start":{"line":7,"column":0},"end":{"line":7,"column":33}},"4":{"start":{"line":8,"column":0},"end":{"line":8,"column":32}},"5":{"start":{"line":14,"column":0},"end":{"line":14,"column":23}},"6":{"start":{"line":23,"column":0},"end":{"line":30,"column":1}},"7":{"start":{"line":24,"column":2},"end":{"line":24,"column":24}},"8":{"start":{"line":25,"column":2},"end":{"line":25,"column":19}},"9":{"start":{"line":26,"column":2},"end":{"line":26,"column":18}},"10":{"start":{"line":29,"column":2},"end":{"line":29,"column":20}},"11":{"start":{"line":36,"column":0},"end":{"line":48,"column":2}},"12":{"start":{"line":37,"column":2},"end":{"line":39,"column":3}},"13":{"start":{"line":38,"column":4},"end":{"line":38,"column":16}},"14":{"start":{"line":41,"column":2},"end":{"line":41,"column":32}},"15":{"start":{"line":43,"column":2},"end":{"line":45,"column":3}},"16":{"start":{"line":44,"column":4},"end":{"line":44,"column":19}},"17":{"start":{"line":47,"column":2},"end":{"line":47,"column":39}},"18":{"start":{"line":55,"column":0},"end":{"line":59,"column":2}},"19":{"start":{"line":56,"column":2},"end":{"line":58,"column":5}},"20":{"start":{"line":57,"column":4},"end":{"line":57,"column":32}},"21":{"start":{"line":67,"column":0},"end":{"line":103,"column":2}},"22":{"start":{"line":68,"column":2},"end":{"line":68,"column":14}},"23":{"start":{"line":69,"column":2},"end":{"line":69,"column":25}},"24":{"start":{"line":70,"column":2},"end":{"line":72,"column":3}},"25":{"start":{"line":71,"column":4},"end":{"line":71,"column":18}},"26":{"start":{"line":74,"column":2},"end":{"line":74,"column":40}},"27":{"start":{"line":75,"column":2},"end":{"line":77,"column":3}},"28":{"start":{"line":76,"column":4},"end":{"line":76,"column":19}},"29":{"start":{"line":79,"column":2},"end":{"line":79,"column":19}},"30":{"start":{"line":81,"column":2},"end":{"line":81,"column":9}},"31":{"start":{"line":83,"column":2},"end":{"line":102,"column":3}},"32":{"start":{"line":84,"column":4},"end":{"line":86,"column":5}},"33":{"start":{"line":85,"column":6},"end":{"line":85,"column":20}},"34":{"start":{"line":88,"column":4},"end":{"line":88,"column":29}},"35":{"start":{"line":89,"column":4},"end":{"line":91,"column":5}},"36":{"start":{"line":90,"column":6},"end":{"line":90,"column":23}},"37":{"start":{"line":93,"column":4},"end":{"line":95,"column":5}},"38":{"start":{"line":94,"column":6},"end":{"line":94,"column":23}},"39":{"start":{"line":97,"column":4},"end":{"line":101,"column":5}},"40":{"start":{"line":98,"column":6},"end":{"line":98,"column":46}},"41":{"start":{"line":100,"column":6},"end":{"line":100,"column":43}},"42":{"start":{"line":133,"column":0},"end":{"line":150,"column":2}},"43":{"start":{"line":134,"column":2},"end":{"line":134,"column":58}},"44":{"start":{"line":135,"column":2},"end":{"line":147,"column":11}},"45":{"start":{"line":136,"column":4},"end":{"line":140,"column":5}},"46":{"start":{"line":137,"column":6},"end":{"line":137,"column":38}},"47":{"start":{"line":138,"column":6},"end":{"line":138,"column":76}},"48":{"start":{"line":139,"column":6},"end":{"line":139,"column":27}},"49":{"start":{"line":142,"column":4},"end":{"line":142,"column":35}},"50":{"start":{"line":143,"column":4},"end":{"line":143,"column":29}},"51":{"start":{"line":145,"column":4},"end":{"line":145,"column":29}},"52":{"start":{"line":146,"column":4},"end":{"line":146,"column":27}},"53":{"start":{"line":149,"column":2},"end":{"line":149,"column":14}},"54":{"start":{"line":152,"column":0},"end":{"line":173,"column":3}},"55":{"start":{"line":153,"column":2},"end":{"line":172,"column":4}},"56":{"start":{"line":154,"column":4},"end":{"line":154,"column":60}},"57":{"start":{"line":156,"column":4},"end":{"line":170,"column":13}},"58":{"start":{"line":157,"column":6},"end":{"line":161,"column":7}},"59":{"start":{"line":158,"column":8},"end":{"line":158,"column":40}},"60":{"start":{"line":1
[...]
:{"lines":58,"uncoveredLines":0},"1395871201":{"lines":94,"uncoveredLines":3},"1395957601":{"lines":1,"uncoveredLines":0},"1397595601":{"lines":2,"uncoveredLines":0},"1397941201":{"lines":14,"uncoveredLines":0},"1398027601":{"lines":3,"uncoveredLines":0},"1398200401":{"lines":5,"uncoveredLines":1},"1398286801":{"lines":3,"uncoveredLines":0},"1398373201":{"lines":1,"uncoveredLines":0},"1399410001":{"lines":7,"uncoveredLines":0},"1399496401":{"lines":5,"uncoveredLines":0},"1399582801":{"lines":105,"uncoveredLines":0},"1400360401":{"lines":26,"uncoveredLines":0},"1400446801":{"lines":3,"uncoveredLines":1},"1400619601":{"lines":1,"uncoveredLines":0},"1400878801":{"lines":7,"uncoveredLines":0},"1401224401":{"lines":38,"uncoveredLines":0},"1401310801":{"lines":9,"uncoveredLines":0},"1401397201":{"lines":6,"uncoveredLines":0},"1401483601":{"lines":78,"uncoveredLines":0},"1401656401":{"lines":10,"uncoveredLines":0},"1401742801":{"lines":4,"uncoveredLines":0},"1402002001":{"lines":97,"uncoveredLines":0},"1402088401":{"lines":30,"uncoveredLines":0},"1402174801":{"lines":2,"uncoveredLines":0},"1402347601":{"lines":5,"uncoveredLines":1},"1402520401":{"lines":22,"uncoveredLines":0},"1403211601":{"lines":9,"uncoveredLines":1},"1403384401":{"lines":7,"uncoveredLines":0},"1403470801":{"lines":20,"uncoveredLines":0},"1404334801":{"lines":87,"uncoveredLines":1},"1404421201":{"lines":8,"uncoveredLines":0},"1404507601":{"lines":2,"uncoveredLines":0},"1404680401":{"lines":4,"uncoveredLines":0},"1404766801":{"lines":186,"uncoveredLines":0},"1404939601":{"lines":103,"uncoveredLines":1},"1405026001":{"lines":19,"uncoveredLines":0},"1405112401":{"lines":15,"uncoveredLines":0},"1405285201":{"lines":66,"uncoveredLines":0},"1405458001":{"lines":4,"uncoveredLines":0},"1405630801":{"lines":17,"uncoveredLines":0},"1406062801":{"lines":4,"uncoveredLines":0},"1406754001":{"lines":1,"uncoveredLines":0},"1406926801":{"lines":26,"uncoveredLines":0},"1407272401":{"lines":71,"uncoveredLines":0},"1407358801":{"lines":13,"uncoveredLines":0},"1407877201":{"lines":24,"uncoveredLines":2},"1408568401":{"lines":89,"uncoveredLines":0},"1408654801":{"lines":1,"uncoveredLines":0},"1408914001":{"lines":6,"uncoveredLines":0},"1409950801":{"lines":19,"uncoveredLines":0},"1410210001":{"lines":24,"uncoveredLines":0},"1410555601":{"lines":10,"uncoveredLines":0},"1410901201":{"lines":37,"uncoveredLines":0},"1412888401":{"lines":12,"uncoveredLines":0},"1412974801":{"lines":1,"uncoveredLines":0},"1413579601":{"lines":17,"uncoveredLines":0},"1413925201":{"lines":10,"uncoveredLines":0},"1414011601":{"lines":15,"uncoveredLines":1},"1414098001":{"lines":76,"uncoveredLines":0},"1414533601":{"lines":1,"uncoveredLines":0},"1415484001":{"lines":42,"uncoveredLines":2},"1415570401":{"lines":2,"uncoveredLines":0},"1416693601":{"lines":2,"uncoveredLines":0},"1416866401":{"lines":2,"uncoveredLines":0},"1417212001":{"lines":2,"uncoveredLines":0},"1418162401":{"lines":4,"uncoveredLines":0},"1418335201":{"lines":1,"uncoveredLines":0},"1418421601":{"lines":1,"uncoveredLines":0}},"authors":{"TJ HOLOWAYCHUK":{"author":"Tj Holowaychuk            ","lines":2407,"uncoveredLines":40,"dates":{"1278536401":{"lines":1,"uncoveredLines":0},"1278968401":{"lines":11,"uncoveredLines":1},"1279141201":{"lines":10,"uncoveredLines":1},"1279227601":{"lines":17,"uncoveredLines":0},"1279659601":{"lines":27,"uncoveredLines":0},"1279918801":{"lines":4,"uncoveredLines":0},"1280091601":{"lines":1,"uncoveredLines":0},"1282338001":{"lines":4,"uncoveredLines":0},"1284325201":{"lines":16,"uncoveredLines":1},"1284757201":{"lines":10,"uncoveredLines":1},"1285102801":{"lines":28,"uncoveredLines":0},"1286226001":{"lines":1,"uncoveredLines":0},"1286398801":{"lines":11,"uncoveredLines":0},"1289599201":{"lines":64,"uncoveredLines":1},"1290636001":{"lines":41,"uncoveredLines":3},"1290722401":{"lines":48,"uncoveredLines":2},"1291500001":{"lines":5,"uncoveredLines":0},"1291672801":{"lines":52,"uncoveredLines":0},"1292450401":{"lines":2,"uncoveredLines":1},"1295906401":{"lines":22,"uncoveredLines":1},"1296770401":{"lines":167,"uncoveredLines":1},"1297720801":{"lines":7,"uncoveredLines":0},"1298498401":{"lines":1,"uncoveredLines":0},"1298930401":{"lines":4,"uncoveredLines":0},"1299016801":{"lines":10,"uncoveredLines":0},"1299103201":{"lines":14,"uncoveredLines":1},"1299189601":{"lines":8,"uncoveredLines":0},"1301518801":{"lines":1,"uncoveredLines":0},"1303074001":{"lines":3,"uncoveredLines":0},"1303678801":{"lines":35,"uncoveredLines":0},"1303765201":{"lines":18,"uncoveredLines":1},"1306098001":{"lines":24,"uncoveredLines":0},"1306184401":{"lines":21,"uncoveredLines":1},"1306962001":{"lines":2,"uncoveredLines":0},"1307307601":{"lines":2,"uncoveredLines":0},"1308776401":{"lines":43,"uncoveredLines":1},"1309208401":{"lines":32,"uncoveredLines":2},"1309554001":{"lines":20,"uncoveredLines":0},"1309899601":{"lines":3,"uncoveredLines":0},"1310677201":{"lines":2,"uncoveredLines":0},"1312405201":{"lines":7,"uncoveredLines":0},"1313010001":{"lines":24,"uncoveredLines":0},"1313701201":{"lines":23,"uncoveredLines":0},"1314565201":{"lines":13,"uncoveredLines":0},"1317157201":{"lines":3,"uncoveredLines":0},"1317848401":{"lines":13,"uncoveredLines":0},"1317934801":{"lines":231,"uncoveredLines":1},"1318021201":{"lines":86,"uncoveredLines":0},"1318453201":{"lines":37,"uncoveredLines":0},"1320789601":{"lines":2,"uncoveredLines":0},"1320876001":{"lines":20,"uncoveredLines":0},"1320962401":{"lines":13,"uncoveredLines":0},"1321048801":{"lines":5,"uncoveredLines":0},"1321740001":{"lines":89,"uncoveredLines":3},"1322172001":{"lines":3,"uncoveredLines":0},"1322431201":{"lines":3,"uncoveredLines":0},"1323208801":{"lines":17,"uncoveredLines":0},"1323468001":{"lines":8,"uncoveredLines":0},"1324072801":{"lines":23,"uncoveredLines":0},"1325023201":{"lines":3,"uncoveredLines":0},"1325282401":{"lines":2,"uncoveredLines":0},"1328565601":{"lines":20,"uncoveredLines":0},"1329516001":{"lines":5,"uncoveredLines":0},"1329602401":{"lines":53,"uncoveredLines":2},"1329948001":{"lines":34,"uncoveredLines":0},"1332540001":{"lines":53,"uncoveredLines":1},"1333054801":{"lines":14,"uncoveredLines":0},"1333400401":{"lines":16,"uncoveredLines":2},"1333486801":{"lines":1,"uncoveredLines":0},"1334005201":{"lines":9,"uncoveredLines":0},"1334264401":{"lines":5,"uncoveredLines":0},"1334437201":{"lines":1,"uncoveredLines":0},"1334523601":{"lines":90,"uncoveredLines":0},"1334782801":{"lines":15,"uncoveredLines":0},"1335387601":{"lines":212,"uncoveredLines":5},"1335992401":{"lines":2,"uncoveredLines":0},"1336683601":{"lines":2,"uncoveredLines":0},"1338066001":{"lines":3,"uncoveredLines":0},"1338325201":{"lines":9,"uncoveredLines":0},"1338498001":{"lines":6,"uncoveredLines":0},"1338930001":{"lines":15,"uncoveredLines":0},"1339275601":{"lines":1,"uncoveredLines":0},"1339621201":{"lines":32,"uncoveredLines":0},"1339794001":{"lines":11,"uncoveredLines":0},"1339880401":{"lines":14,"uncoveredLines":0},"1339966801":{"lines":46,"uncoveredLines":0},"1340744401":{"lines":66,"uncoveredLines":2},"1340917201":{"lines":54,"uncoveredLines":3},"1341003601":{"lines":1,"uncoveredLines":0},"1341522001":{"lines":10,"uncoveredLines":0},"1341954001":{"lines":2,"uncoveredLines":0},"1342126801":{"lines":17,"uncoveredLines":1},"1343077201":{"lines":29,"uncoveredLines":0},"1343163601":{"lines":2,"uncoveredLines":0},"1343941201":{"lines":1,"uncoveredLines":0},"1344718801":{"lines":2,"uncoveredLines":0},"1346187601":{"lines":9,"uncoveredLines":0},"1346274001":{"lines":40,"uncoveredLines":0},"1346706001":{"lines":1,"uncoveredLines":0},"1347483601":{"lines":1,"uncoveredLines":0},"1349470801":{"lines":3,"uncoveredLines":0},"1349816401":{"lines":17,"uncoveredLines":0},"1351807201":{"lines":1,"uncoveredLines":0},"1351980001":{"lines":2,"uncoveredLines":0},"1356732001":{"lines":2,"uncoveredLines":0},"1358028001":{"lines":18,"uncoveredLines":1},"1358978401":{"lines":17,"uncoveredLines":0},"1360274401":{"lines":1,"uncoveredLines":0},"1365022801":{"lines":1,"uncoveredLines":0},"1365714001":{"lines":8,"uncoveredLines":0},"1368046801":{"lines":1,"uncoveredLines":0},"1368219601":{"lines":1,"uncoveredLines":0},"1370379601":{"lines":1,"uncoveredLines":0},"1373922001":{"lines":6,"uncoveredLines":0},"1378587601":{"lines":3,"uncoveredLines":0},"1385416801":{"lines":1,"uncoveredLines":0},"1385503201":{"lines":3,"uncoveredLines":0}}},"DOUGLAS CHRISTOPHER WILSON":{"author":"Douglas Christopher Wilson","lines":1354,"uncoveredLines":6,"dates":{"1398286801":{"lines":3,"uncoveredLines":0},"1398373201":{"lines":1,"uncoveredLines":0},"1399410001":{"lines":7,"uncoveredLines":0},"1399496401":{"lines":5,"uncoveredLines":0},"1399582801":{"lines":105,"uncoveredLines":0},"1400360401":{"lines":26,"uncoveredLines":0},"1400446801":{"lines":3,"uncoveredLines":1},"1400619601":{"lines":1,"uncoveredLines":0},"1400878801":{"lines":7,"uncoveredLines":0},"1401224401":{"lines":38,"uncoveredLines":0},"1401310801":{"lines":9,"uncoveredLines":0},"1401397201":{"lines":6,"uncoveredLines":0},"1401483601":{"lines":78,"uncoveredLines":0},"1401656401":{"lines":10,"uncoveredLines":0},"1401742801":{"lines":4,"uncoveredLines":0},"1402002001":{"lines":69,"uncoveredLines":0},"1402088401":{"lines":30,"uncoveredLines":0},"1402347601":{"lines":5,"uncoveredLines":1},"1402520401":{"lines":22,"uncoveredLines":0},"1403211601":{"lines":8,"uncoveredLines":1},"1403384401":{"lines":7,"uncoveredLines":0},"1403470801":{"lines":20,"uncoveredLines":0},"1404334801":{"lines":87,"uncoveredLines":1},"1404421201":{"lines":8,"uncoveredLines":0},"1404507601":{"lines":2,"uncoveredLines":0},"1404680401":{"lines":4,"uncoveredLines":0},"1404766801":{"lines":186,"uncoveredLines":0},"1404939601":{"lines":98,"uncoveredLines":1},"1405026001":{"lines":19,"uncoveredLines":0},"1405112401":{"lines":15,"uncoveredLines":0},"1405285201":{"lines":66,"uncoveredLines":0},"1405630801":{"lines":9,"uncoveredLines":0},"1406062801":{"lines":4,"uncoveredLines":0},"1407272401":{"lines":71,"uncoveredLines":0},"1407358801":{"lines":13,"uncoveredLines":0},"1408568401":{"lines":89,"uncoveredLines":0},"1408654801":{"lines":1,"uncoveredLines":0},"1408914001":{"lines":6,"uncoveredLines":0},"1410210001":{"lines":24,"uncoveredLines":0},"1410555601":{"lines":10,"uncoveredLines":0},"1410901201":{"lines":37,"uncoveredLines":0},"1412888401":{"lines":12,"uncoveredLines":0},"1413579601":{"lines":15,"uncoveredLines":0},"1413925201":{"lines":10,"uncoveredLines":0},"1414011601":{"lines":15,"uncoveredLines":1},"1414098001":{"lines":76,"uncoveredLines":0},"1415570401":{"lines":2,"uncoveredLines":0},"1416693601":{"lines":2,"uncoveredLines":0},"1416866401":{"lines":2,"uncoveredLines":0},"1417212001":{"lines":2,"uncoveredLines":0},"1418162401":{"lines":4,"uncoveredLines":0},"1418421601":{"lines":1,"uncoveredLines":0}}},"ROMAN SHTYLMAN":{"author":"Roman Shtylman            ","lines":511,"uncoveredLines":5,"dates":{"1351285201":{"lines":1,"uncoveredLines":0},"1356386401":{"lines":4,"uncoveredLines":0},"1390600801":{"lines":2,"uncoveredLines":0},"1390687201":{"lines":327,"uncoveredLines":2},"1392501601":{"lines":56,"uncoveredLines":3},"1392674401":{"lines":13,"uncoveredLines":0},"1393106401":{"lines":2,"uncoveredLines":0},"1393192801":{"lines":54,"uncoveredLines":0},"1393452001":{"lines":20,"uncoveredLines":0},"1393970401":{"lines":2,"uncoveredLines":0},"1394402401":{"lines":7,"uncoveredLines":0},"1395612001":{"lines":23,"uncoveredLines":0}}},"AGCHOU":{"author":"agchou                    ","lines":152,"uncoveredLines":3,"dates":{"1395784801":{"lines":58,"uncoveredLines":0},"1395871201":{"lines":94,"uncoveredLines":3}}},"MAX MELENTIEV":{"author":"Max Melentiev             ","lines":2,"uncoveredLines":0,"dates":{"1370898001":{"lines":2,"uncoveredLines":0}}},"JONATHAN ONG":{"author":"Jonathan Ong              ","lines":81,"uncoveredLines":0,"dates":{"1388700001":{"lines":18,"uncoveredLines":0},"1391810401":{"lines":2,"uncoveredLines":0},"1394056801":{"lines":38,"uncoveredLines":0},"1394229601":{"lines":20,"uncoveredLines":0},"1402002001":{"lines":3,"uncoveredLines":0}}},"KENT C. DODDS":{"author":"Kent C. Dodds             ","lines":1,"uncoveredLines":0,"dates":{"1395957601":{"lines":1,"uncoveredLines":0}}},"CHRIS ANDREJEWSKI":{"author":"Chris Andrejewski         ","lines":2,"uncoveredLines":0,"dates":{"1397595601":{"lines":2,"uncoveredLines":0}}},"FABIEN FRANZEN":{"author":"Fabien Franzen            ","lines":26,"uncoveredLines":0,"dates":{"1406926801":{"lines":26,"uncoveredLines":0}}},"NICK HEINER":{"author":"Nick Heiner               ","lines":2,"uncoveredLines":0,"dates":{"1402174801":{"lines":2,"uncoveredLines":0}}},"NADAV IVGI":{"author":"Nadav Ivgi                ","lines":2,"uncoveredLines":0,"dates":{"1360274401":{"lines":2,"uncoveredLines":0}}},"CARIDY PATINO":{"author":"Caridy Patino             ","lines":3,"uncoveredLines":0,"dates":{"1365800401":{"lines":3,"uncoveredLines":0}}},"RIADH":{"author":"riadh                     ","lines":1,"uncoveredLines":0,"dates":{"1341522001":{"lines":1,"uncoveredLines":0}}},"HAOLIANG GAO":{"author":"Haoliang Gao              ","lines":1,"uncoveredLines":0,"dates":{"1390082401":{"lines":1,"uncoveredLines":0}}},"LEMMY":{"author":"lemmy                     ","lines":19,"uncoveredLines":0,"dates":{"1409950801":{"lines":19,"uncoveredLines":0}}},"OLIVER SALZBURG":{"author":"Oliver Salzburg           ","lines":1,"uncoveredLines":0,"dates":{"1388786401":{"lines":1,"uncoveredLines":0}}},"NICHOLAS KINSEY":{"author":"Nicholas Kinsey           ","lines":1,"uncoveredLines":0,"dates":{"1346706001":{"lines":1,"uncoveredLines":0}}},"ANDY VANWAGONER":{"author":"Andy VanWagoner           ","lines":14,"uncoveredLines":0,"dates":{"1397941201":{"lines":14,"uncoveredLines":0}}},"ERIC WILLIS":{"author":"Eric Willis               ","lines":1,"uncoveredLines":0,"dates":{"1377982801":{"lines":1,"uncoveredLines":0}}},"PAVEL BRYLOV":{"author":"Pavel Brylov              ","lines":18,"uncoveredLines":0,"dates":{"1365627601":{"lines":18,"uncoveredLines":0}}},"SILENTJOHNNY":{"author":"silentjohnny              ","lines":3,"uncoveredLines":0,"dates":{"1365800401":{"lines":3,"uncoveredLines":0}}},"ARIA STEWART":{"author":"Aria Stewart              ","lines":1,"uncoveredLines":0,"dates":{"1414533601":{"lines":1,"uncoveredLines":0}}},"BLAKE EMBREY":{"author":"Blake Embrey              ","lines":7,"uncoveredLines":0,"dates":{"1394402401":{"lines":7,"uncoveredLines":0}}},"ANDREA GIAMMARCHI":{"author":"Andrea Giammarchi         ","lines":2,"uncoveredLines":0,"dates":{"1398200401":{"lines":2,"uncoveredLines":0}}},"RIADHCHTARA":{"author":"riadhchtara               ","lines":6,"uncoveredLines":0,"dates":{"1341349201":{"lines":6,"uncoveredLines":0}}},"THORSTEN LORENZ":{"author":"Thorsten Lorenz           ","lines":1,"uncoveredLines":0,"dates":{"1355522401":{"lines":1,"uncoveredLines":0}}},"THOM SEDDON":{"author":"Thom Seddon               ","lines":3,"uncoveredLines":0,"dates":{"1362088801":{"lines":3,"uncoveredLines":0}}},"FORBES LINDESAY":{"author":"Forbes Lindesay           ","lines":1,"uncoveredLines":0,"dates":{"1368565201":{"lines":1,"uncoveredLines":0}}},"ERIC FERRAIUOLO":{"author":"Eric Ferraiuolo           ","lines":1,"uncoveredLines":0,"dates":{"1357855201":{"lines":1,"uncoveredLines":0}}},"GREG METHVIN":{"author":"Greg Methvin              ","lines":14,"uncoveredLines":0,"dates":{"1357164001":{"lines":4,"uncoveredLines":0},"1358632801":{"lines":8,"uncoveredLines":0},"1376686801":{"lines":2,"uncoveredLines":0}}},"ASHLEY STREB":{"author":"Ashley Streb              ","lines":8,"uncoveredLines":0,"dates":{"1405630801":{"lines":8,"uncoveredLines":0}}},"GUY ELLIS MONSTER":{"author":"Guy Ellis Monster         ","lines":25,"uncoveredLines":0,"dates":{"1402002001":{"lines":25,"uncoveredLines":0}}},"TROY GOODE":{"author":"Troy Goode                ","lines":1,"uncoveredLines":0,"dates":{"1418335201":{"lines":1,"uncoveredLines":0}}},"MAX RIVEIRO":{"author":"Max Riveiro               ","lines":3,"uncoveredLines":0,"dates":{"1353276001":{"lines":3,"uncoveredLines":0}}},"YAD SMOOD":{"author":"Yad Smood                 ","lines":5,"uncoveredLines":0,"dates":{"1404939601":{"lines":5,"uncoveredLines":0}}},"ALEX WEEKS":{"author":"Alex Weeks                ","lines":1,"uncoveredLines":0,"dates":{"1355868001":{"lines":1,"uncoveredLines":0}}},"SETH SAMUEL":{"author":"Seth Samuel               ","lines":24,"uncoveredLines":2,"dates":{"1407877201":{"lines":24,"uncoveredLines":2}}},"RUBEN VERBORGH":{"author":"Ruben Verborgh            ","lines":1,"uncoveredLines":0,"dates":{"1343077201":{"lines":1,"uncoveredLines":0}}},"CJIHRIG":{"author":"cjihrig                   ","lines":15,"uncoveredLines":0,"dates":{"1378069201":{"lines":15,"uncoveredLines":0}}},"DAN NEUMANN":{"author":"Dan Neumann               ","lines":1,"uncoveredLines":0,"dates":{"1339016401":{"lines":1,"uncoveredLines":0}}},"VASILYEV DMITRY":{"author":"Vasilyev Dmitry           ","lines":4,"uncoveredLines":0,"dates":{"1405458001":{"lines":4,"uncoveredLines":0}}},"HACK SPARROW":{"author":"Hack Sparrow              ","lines":1,"uncoveredLines":0,"dates":{"1366664401":{"lines":1,"uncoveredLines":0}}},"JULIAN GRUBER":{"author":"Julian Gruber             ","lines":37,"uncoveredLines":0,"dates":{"1358028001":{"lines":37,"uncoveredLines":0}}},"MICHAEL FICARRA":{"author":"Michael Ficarra           ","lines":2,"uncoveredLines":0,"dates":{"1385416801":{"lines":2,"uncoveredLines":0}}},"BESSIE CHAN":{"author":"Bessie Chan               ","lines":1,"uncoveredLines":0,"dates":{"1412974801":{"lines":1,"uncoveredLines":0}}},"ALEX UPADHYAY":{"author":"Alex Upadhyay             ","lines":2,"uncoveredLines":0,"dates":{"1413579601":{"lines":2,"uncoveredLines":0}}},"ROBERT SKÖLD":{"author":"Robert Sköld              ","lines":52,"uncoveredLines":4,"dates":{"1323468001":{"lines":8,"uncoveredLines":1},"1323554401":{"lines":3,"uncoveredLines":0},"1323640801":{"lines":2,"uncoveredLines":0},"1324159201":{"lines":26,"uncoveredLines":1},"1324245601":{"lines":13,"uncoveredLines":2}}},"SAKATEKA":{"author":"sakateka                  ","lines":10,"uncoveredLines":0,"dates":{"1349384401":{"lines":2,"uncoveredLines":0},"1349557201":{"lines":3,"uncoveredLines":0},"1349730001":{"lines":5,"uncoveredLines":0}}},"JOSH LUBAWY":{"author":"Josh Lubawy               ","lines":2,"uncoveredLines":0,"dates":{"1365109201":{"lines":2,"uncoveredLines":0}}},"RICK YAKUBOWSKI":{"author":"Rick Yakubowski           ","lines":3,"uncoveredLines":0,"dates":{"1384984801":{"lines":3,"uncoveredLines":0}}},"ATHARVA":{"author":"Atharva                   ","lines":4,"uncoveredLines":0,"dates":{"1377291601":{"lines":4,"uncoveredLines":0}}},"刘星":{"author":"刘星                      ","lines":1,"uncoveredLines":0,"dates":{"1403211601":{"lines":1,"uncoveredLines":0}}},"NICKJJ":{"author":"nickjj                    ","lines":1,"uncoveredLines":0,"dates":{"1346187601":{"lines":1,"uncoveredLines":0}}},"JOSEMAR MAGALHAES":{"author":"Josemar Magalhaes","lines":42,"uncoveredLines":2,"dates":{"1415484001":{"lines":42,"uncoveredLines":2}}},"FERNANDO SILVEIRA":{"author":"Fernando Silveira         ","lines":6,"uncoveredLines":1,"dates":{"1398027601":{"lines":3,"uncoveredLines":0},"1398200401":{"lines":3,"uncoveredLines":1}}},"PATRICK WILLIAMS":{"author":"Patrick Williams          ","lines":2,"uncoveredLines":0,"dates":{"1368133201":{"lines":2,"uncoveredLines":0}}},"COLYNB":{"author":"colynb                    ","lines":1,"uncoveredLines":0,"dates":{"1367442001":{"lines":1,"uncoveredLines":0}}},"JOSHLANGNER":{"author":"joshlangner               ","lines":2,"uncoveredLines":0,"dates":{"1368997201":{"lines":2,"uncoveredLines":0}}},"DIOGO RESENDE":{"author":"Diogo Resende             ","lines":1,"uncoveredLines":0,"dates":{"1372021201":{"lines":1,"uncoveredLines":0}}},"RAYMOND FENG":{"author":"Raymond Feng              ","lines":1,"uncoveredLines":0,"dates":{"1406754001":{"lines":1,"uncoveredLines":0}}}},"uncoveredLines":63,"lines":4897,"coverage":99.98713498060037}