{"row":{"/tmp/chai/index.js":{"path":"/tmp/chai/index.js","s":{"1":1},"b":{},"f":{},"fnMap":{},"statementMap":{"1":{"start":{"line":1,"column":0},"end":{"line":1,"column":39}}},"branchMap":{}},"/tmp/chai/lib/chai.js":{"path":"/tmp/chai/lib/chai.js","s":{"1":1,"2":1,"3":1,"4":1,"5":1,"6":35,"7":34,"8":34,"9":35,"10":1,"11":1,"12":1,"13":1,"14":1,"15":1,"16":1,"17":1,"18":1,"19":1,"20":1,"21":1,"22":1},"b":{"1":[34,1]},"f":{"1":35},"fnMap":{"1":{"name":"(anonymous_1)","line":38,"loc":{"start":{"line":38,"column":14},"end":{"line":38,"column":28}}}},"statementMap":{"1":{"start":{"line":7,"column":0},"end":{"line":8,"column":34}},"2":{"start":{"line":14,"column":0},"end":{"line":14,"column":27}},"3":{"start":{"line":20,"column":0},"end":{"line":20,"column":52}},"4":{"start":{"line":26,"column":0},"end":{"line":26,"column":35}},"5":{"start":{"line":38,"column":0},"end":{"line":45,"column":2}},"6":{"start":{"line":39,"column":2},"end":{"line":42,"column":3}},"7":{"start":{"line":40,"column":4},"end":{"line":40,"column":19}},"8":{"start":{"line":41,"column":4},"end":{"line":41,"column":18}},"9":{"start":{"line":44,"column":2},"end":{"line":44,"column":14}},"10":{"start":{"line":51,"column":0},"end":{"line":51,"column":20}},"11":{"start":{"line":57,"column":0},"end":{"line":57,"column":38}},"12":{"start":{"line":58,"column":0},"end":{"line":58,"column":24}},"13":{"start":{"line":64,"column":0},"end":{"line":64,"column":44}},"14":{"start":{"line":65,"column":0},"end":{"line":65,"column":23}},"15":{"start":{"line":71,"column":0},"end":{"line":71,"column":45}},"16":{"start":{"line":72,"column":0},"end":{"line":72,"column":18}},"17":{"start":{"line":78,"column":0},"end":{"line":78,"column":48}},"18":{"start":{"line":79,"column":0},"end":{"line":79,"column":20}},"19":{"start":{"line":85,"column":0},"end":{"line":85,"column":48}},"20":{"start":{"line":86,"column":0},"end":{"line":86,"column":20}},"21":{"start":{"line":92,"column":0},"end":{"line":92,"column":48}},"22":{"start":{"line":93,"column":0},"end":{"line":93,"column":20}}},"branchMap":{"1":{"line":39,"type":"if","locations":[{"start":{"line":39,"column":2},"end":{"line":39,"column":2}},{"start":{"line":39,"column":2},"end":{"line":39,"column":2}}]}}},"/tmp/chai/lib/chai/utils/index.js":{"path":"/tmp/chai/lib/chai/utils/index.js","s":{"1":1,"2":1,"3":1,"4":1,"5":1,"6":1,"7":1,"8":1,"9":1,"10":1,"11":1,"12":1,"13":1,"14":1,"15":1,"16":1,"17":1,"18":1,"19":1,"20":1},"b":{},"f":{},"fnMap":{},"statementMap":{"1":{"start":{"line":11,"column":0},"end":{"line":11,"column":34}},"2":{"start":{"line":17,"column":0},"end":{"line":17,"column":33}},"3":{"start":{"line":23,"column":0},"end":{"line":23,"column":33}},"4":{"start":{"line":29,"column":0},"end":{"line":29,"column":45}},"5":{"start":{"line":35,"column":0},"end":{"line":35,"column":43}},"6":{"start":{"line":41,"column":0},"end":{"line":41,"column":39}},"7":{"start":{"line":47,"column":0},"end":{"line":47,"column":45}},"8":{"start":{"line":53,"column":0},"end":{"line":53,"column":33}},"9":{"start":{"line":59,"column":0},"end":{"line":59,"column":51}},"10":{"start":{"line":65,"column":0},"end":{"line":65,"column":34}},"11":{"start":{"line":71,"column":0},"end":{"line":71,"column":49}},"12":{"start":{"line":77,"column":0},"end":{"line":77,"column":47}},"13":{"start":{"line":83,"column":0},"end":{"line":83,"column":47}},"14":{"start":{"line":89,"column":0},"end":{"line":89,"column":39}},"15":{"start":{"line":95,"column":0},"end":{"line":95,"column":47}},"16":{"start":{"line":101,"column":0},"end":{"line":101,"column":43}},"17":{"start":{"line":107,"column":0},"end":{"line":107,"column":59}},"18":{"start":{"line":113,"column":0},"end":{"line":113,"column":55}},"19":{"start":{"line":119,"column":0},"end":{"line":119,"column":61}},"20":{"start":{"line":125,"column":0},"end":{"line":125,"column":73}}},"branchMap":{}},"/tmp/chai/lib/chai/utils/test.js":{"path":"/tmp/chai/lib/chai/utils/test.js","s":{"1":1,"2":1,"3":1670,"4":1670},"b":{"1":[304,1366]},"f":{"1":1670},"fnMap":{"1":{"name":"(anonymous_1)","line":22,"loc":{"start":{"line":22,"column":17},"end":{"line":22,"column":38}}}},"statementMap":{"1":{"start":{"line":11,"column":0},"end":{"line":11,"column":29}},"2":{"start":{"line":22,"column":0},"end":{"line":26,"column":2}},"3":{"start":{"line":23,"column":2},"end":{"line":24,"column":21}},"4":{"start":{"line":25,"column":2},"end":{"line":25,"column":31}}},"branchMap":{"1":{"line":25,"type":"cond-expr","locations":[{"start":{"line":25,"column":18},"end":{"line":25,"column":23}},{"start":{"line":25,"column":26},"end":{"line":25,"column":30}}]}}},"/tmp/chai/lib/chai/utils/flag.js":{"path":"/tmp/chai/lib/chai/utils/flag.js","s":{"1":1,"2":15592,"3":15592,"4":7415,"5":8177},"b":{"1":[15592,1680],"2":[7415,8177]},"f":{"1":15592},"fnMap":{"1":{"name":"(anonymous_1)","line":25,"loc":{"start":{"line":25,"column":17},"end":{"line":25,"column":44}}}},"statementMap":{"1":{"start":{"line":25,"column":0},"end":{"line":32,"column":2}},"2":{"start":{"line":26,"column":2},"end":{"line":26,"column":65}},"3":{"start":{"line":27,"column":2},"end":{"line":31,"column":3}},"4":{"start":{"line":28,"column":4},"end":{"line":28,"column":23}},"5":{"start":{"line":30,"column":4},"end":{"line":30,"column":22}}},"branchMap":{"1":{"line":26,"type":"binary-expr","locations":[{"start":{"line":26,"column":14},"end":{"line":26,"column":25}},{"start":{"line":26,"column":30},"end":{"line":26,"column":63}}]},"2":{"line":27,"type":"if","locations":[{"start":{"line":27,"column":2},"end":{"line":27,"column":2}},{"start":{"line":27,"column":2},"end":{"line":27,"column":2}}]}}},"/tmp/chai/lib/chai/utils/type.js":{"path":"/tmp/chai/lib/chai/utils/type.js","s":{"1":1,"2":1,"3":738,"4":738,"5":544,"6":194,"7":2,"8":192,"9":9,"10":183,"11":172,"12":11},"b":{"1":[544,194],"2":[2,192],"3":[9,183],"4":[172,11]},"f":{"1":738},"fnMap":{"1":{"name":"(anonymous_1)","line":38,"loc":{"start":{"line":38,"column":17},"end":{"line":38,"column":32}}}},"statementMap":{"1":{"start":{"line":11,"column":0},"end":{"line":19,"column":2}},"2":{"start":{"line":38,"column":0},"end":{"line":45,"column":2}},"3":{"start":{"line":39,"column":2},"end":{"line":39,"column":48}},"4":{"start":{"line":40,"column":2},"end":{"line":40,"column":40}},"5":{"start":{"line":40,"column":20},"end":{"line":40,"column":40}},"6":{"start":{"line":41,"column":2},"end":{"line":41,"column":34}},"7":{"start":{"line":41,"column":20},"end":{"line":41,"column":34}},"8":{"start":{"line":42,"column":2},"end":{"line":42,"column":44}},"9":{"start":{"line":42,"column":25},"end":{"line":42,"column":44}},"10":{"start":{"line":43,"column":2},"end":{"line":43,"column":43}},"11":{"start":{"line":43,"column":27},"end":{"line":43,"column":43}},"12":{"start":{"line":44,"column":2},"end":{"line":44,"column":20}}},"branchMap":{"1":{"line":40,"type":"if","locations":[{"start":{"line":40,"column":2},"end":{"line":40,"column":2}},{"start":{"line":40,"column":2},"end":{"line":40,"column":2}}]},"2":{"line":41,"type":"if","locations":[{"start":{"line":41,"column":2},"end":{"line":41,"column":2}},{"start":{"line":41,"column":2},"end":{"line":41,"column":2}}]},"3":{"line":42,"type":"if","locations":[{"start":{"line":42,"column":2},"end":{"line":42,"column":2}},{"start":{"line":42,"column":2},"end":{"line":42,"column":2}}]},"4":{"line":43,"type":"if","locations":[{"start":{"line":43,"column":2},"end":{"line":43,"column":2}},{"start":{"line":43,"column":2},"end":{"line":43,"column":2}}]}}},"/tmp/chai/lib/chai/utils/getMessage.js":{"path":"/tmp/chai/lib/chai/utils/getMessage.js","s":{"1":1,"2":1,"3":311,"4":311,"5":3,"6":311,"7":311,"8":311},"b":{"1":[101,210],"2":[3,308],"3":[311,3],"4":[93,218]},"f":{"1":311},"fnMap":{"1":{"name":"(anonymous_1)","line":34,"loc":{"start":{"line":34,"column":17},"end":{"line":34,"column":38}}}},"statementMap":{"1":{"start":{"line":11,"column":0},"end":{"line":14,"column":41}},"2":{"start":{"line":34,"column":0},"end":{"line":50,"column":2}},"3":{"start":{"line":35,"column":2},"end":{"line":40,"column":37}},"4":{"start":{"line":42,"column":2},"end":{"line":42,"column":44}},"5":{"start":{"line":42,"column":32},"end":{"line":42,"column":44}},"6":{"start":{"line":43,"column":2},"end":{"line":43,"column":18}},"7":{"start":{"line":44,"column":2},"end":{"line":47,"column":46}},"8":{"start":{"line":49,"column":2},"end":{"line":49,"column":46}}},"branchMap":{"1":{"line":39,"type":"cond-expr","locations":[{"start":{"line":39,"column":21},"end":{"line":39,"column":28}},{"start":{"line":39,"column":31},"end":{"line":39,"column":38}}]},"2":{"line":42,"type":"if","locations":[{"start":{"line":42,"column":2},"end":{"line":42,"column":2}},{"start":{"line":42,"column":2},"end":{"line":42,"column":2}}]},"3":{"line":43,"type":"binary-expr","locations":[{"start":{"line":43,"column":8},"end":{"line":43,"column":11}},{"start":{"line":43,"column":15},"end":{"line":43,"column":17}}]},"4":{"line":49,"type":"cond-expr","locations":[{"start":{"line":49,"column":19},"end":{"line":49,"column":39}},{"start":{"line":49,"column":42},"end":{"line":49,"column":45}}]}}},"/tmp/chai/lib/chai/utils/getActual.js":{"path":"/tmp/chai/lib/chai/utils/getActual.js","s":{"1":1,"2":617},"b":{"1":[282,335]},"f":{"1":617},"fnMap":{"1":{"name":"(anonymous_1)","line":16,"loc":{"start":{"line":16,"column":17},"end":{"line":16,"column":38}}}},"statementMap":{"1":{"start":{"line":16,"column":0},"end":{"line":18,"column":2}},"2":{"start":{"line":17,"column":2},"end":{"line":17,"column":46}}},"branchMap":{"1":{"line":17,"type":"cond-expr","locations":[{"start":{"line":17,"column":27},"end":{"line":17,"column":34}},{"start":{"line":17,"column":37},"end":{"line":17,"column":45}}]}}},"/tmp/chai/lib/chai/utils/inspect.js":{"path":"/tmp/chai/lib/chai/utils/inspect.js","s":{"1":1,"2":1,"3":1,"4":1,"5":1,"6":1642,"7":1942,"8":1642,"9":1,"10":417,"11":0,"12":417,"13":1,"14":2071,"15":4,"16":4,"17":1,"18":4,"19":2067,"20":2067,"21":1650,"22":417,"23":0,"24":0,"25":0,"26":0,"27":0,"28":0,"29":0,"30":0,"31":0,"32":0,"33":0,"34":0,"35":417,"36":417,"37":417,"38":107,"39":75,"40":75,"41":75,"42":32,"43":7,"44":25,"45":0,"46":25,"47":0,"48":335,"49":335,"50":138,"51":138,"52":335,"53":4,"54":4,"55":4,"56":335,"57":0,"58":335,"59":0,"60":335,"61":0,"62":335,"63":25,"64":310,"65":0,"66":0,"67":0,"68":310,"69":310,"70":310,"71":125,"72":185,"73":203,"74":310,"75":310,"76":1,"77":2067,"78":183,"79":1014,"80":1014,"81":382,"82":3,"83":379,"84":41,"85":447,"86":30,"87":1,"88":0,"89":1,"90":125,"91":125,"92":232,"93":232,"94":0,"95":125,"96":232,"97":0,"98":125,"99":1,"100":435,"101":435,"102":435,"103":0,"104":0,"105":0,"106":435,"107":0,"108":435,"109":0,"110":435,"111":435,"112":428,"113":0,"114":428,"115":428,"116":0,"117":0,"118":0,"119":0,"120":0,"121":7,"122":435,"123":435,"124":232,"125":203,"126":203,"127":201,"128":201,"129":2,"130":2,"131":203,"132":1,"133":310,"134":310,"135":435,"136":435,"137":0,"138":435,"139":310,"140":12,"141":298,"142":1,"143":335,"144":1,"145":367,"146":1,"147":360,"148":1,"149":670,"150":1,"151":1574},"b":{"1":[1642,0],"2":[0,417],"3":[417,417,338,0],"4":[4,2067],"5":[2071,1792,4,4],"6":[4,4],"7":[1,3],"8":[1650,417],"9":[0,417],"10":[0,0],"11":[0,0],"12":[0,417],"13":[107,310],"14":[417,310,0,0,0,0,0],"15":[75,32],"16":[6,69],"17":[7,25],"18":[0,25],"19":[0,25],"20":[138,197],"21":[4,331],"22":[4,0],"23":[0,335],"24":[0,335],"25":[0,335],"26":[25,310],"27":[335,25,13],"28":[0,310],"29":[0,0],"30":[125,185],"31":[183,1014,382,41],"32":[3,379],"33":[382,16],"34":[30,417],"35":[232,0],"36":[0,232],"37":[435,0],"38":[0,435],"39":[0,0],"40":[0,435],"41":[0,435],"42":[435,0],"43":[428,7],"44":[0,428],"45":[0,428],"46":[0,0],"47":[435,0],"48":[232,203],"49":[435,232],"50":[201,2],"51":[0,435],"52":[12,298],"53":[12,0],"54":[335,197,193],"55":[367,363],"56":[360,356],"57":[670,662]},"f":{"1":1642,"2":1942,"3":417,"4":2071,"5":203,"6":2067,"7":0,"8":125,"9":232,"10":435,"11":0,"12":0,"13":310,"14":435,"15":335,"16":367,"17":360,"18":670,"19":1574},"fnMap":{"1":{"name":"inspect","line":21,"loc":{"start":{"line":21,"column":0},"end":{"line":21,"column":49}}},"2":{"name":"(anonymous_2)","line":25,"loc":{"start":{"line":25,"column":13},"end":{"line":25,"column":28}}},"3":{"name":"(anonymous_3)","line":31,"loc":{"start":{"line":31,"column":19},"end":{"line":31,"column":37}}},"4":{"name":"formatValue","line":42,"loc":{"start":{"line":42,"column":0},"end":{"line":42,"column":47}}},"5":{"name":"(anonymous_5)","line":171,"loc":{"start":{"line":171,"column":22},"end":{"line":171,"column":36}}},"6":{"name":"formatPrimitive","line":182,"loc":{"start":{"line":182,"column":0},"end":{"line":182,"column":37}}},"7":{"name":"formatError","line":209,"loc":{"start":{"line":209,"column":0},"end":{"line":209,"column":28}}},"8":{"name":"formatArray","line":214,"loc":{"start":{"line":214,"column":0},"end":{"line":214,"column":66}}},"9":{"name":"(anonymous_9)","line":224,"loc":{"start":{"line":224,"column":15},"end":{"line":224,"column":29}}},"10":{"name":"formatProperty","line":234,"loc":{"start":{"line":234,"column":0},"end":{"line":234,"column":75}}},"11":{"name":"(anonymous_11)","line":261,"loc":{"start":{"line":261,"column":36},"end":{"line":261,"column":51}}},"12":{"name":"(anonymous_12)","line":265,"loc":{"start":{"line":265,"column":43},"end":{"line":265,"column":58}}},"13":{"name":"reduceToSingleString","line":294,"loc":{"start":{"line":294,"column":0},"end":{"line":294,"column":52}}},"14":{"name":"(anonymous_14)","line":296,"loc":{"start":{"line":296,"column":29},"end":{"line":296,"column":49}}},"15":{"name":"isArray","line":314,"loc":{"start":{"line":314,"column":0},"end":{"line":314,"column":21}}},"16":{"name":"isRegExp","line":319,"loc":{"start":{"line":319,"column":0},"end":{"line":319,"column":22}}},"17":{"name":"isDate","line":323,"loc":{"start":{"line":323,"column":0},"end":{"line":323,"column":19}}},"18":{"name":"isError","line":327,"loc":{"start":{"line":327,"column":0},"end":{"line":327,"column":20}}},"19":{"name":"objectToString","line":331,"loc":{"start":{"line":331,"column":0},"end":{"line":331,"column":27}}}},"statementMap":{"1":{"start":{"line":4,"column":0},"end":{"line":4,"column":35}},"2":{"start":{"line":5,"column":0},"end":{"line":5,"column":47}},"3":{"start":{"line":6,"column":0},"end":{"line":6,"column":67}},"4":{"start":{"line":8,"column":0},"end":{"line":8,"column":25}},"5":{"start":{"line":21,"column":0},"end":{"line":28,"column":1}},"6":{"start":{"line":22,"column":2},"end":{"line":26,"column":4}},"7":{"start":{"line":25,"column":30},"end":{"line":25,"column":41}},"8":{"start":{"line":27,"column":2},"end":{"line":27,"column":75}},"9":{"start":{"line":31,"column":0},"end":{"line":40,"column":2}},"10":{"start":{"line":32,"column":2},"end":{"line":39,"column":3}},"11":{"start":{"line":33,"column":4},"end":{"line":33,"column":41}},"12":{"start":{"line":35,"column":4},"end":{"line":38,"column":42}},"13":{"start":{"line":42,"column":0},"end":{"line":179,"column":1}},"14":{"start":{"line":45,"column":2},"end":{"line":55,"column":3}},"15":{"start":{"line":50,"column":4},"end":{"line":50,"column":42}},"16":{"start":{"line":51,"column":4},"end":{"line":53,"column":5}},"17":{"start":{"line":52,"column":6},"end":{"line":52,"column":48}},"18":{"start":{"line":54,"column":4},"end":{"line":54,"column":15}},"19":{"start":{"line":58,"column":2},"end":{"line":58,"column":46}},"20":{"start":{"line":59,"column":2},"end":{"line":61,"column":3}},"21":{"start":{"line":60,"column":4},"end":{"line":60,"column":21}},"22":{"start":{"line":64,"column":2},"end":{"line":94,"column":3}},"23":{"start":{"line":65,"column":4},"end":{"line":93,"column":5}},"24":{"start":{"line":66,"column":6},"end":{"line":66,"column":29}},"25":{"start":{"line":71,"column":6},"end":{"line":92,"column":7}},"26":{"start":{"line":72,"column":8},"end":{"line":87,"column":9}},"27":{"start":{"line":73,"column":10},"end":{"line":73,"column":50}},"28":{"start":{"line":74,"column":10},"end":{"line":74,"column":56}},"29":{"start":{"line":79,"column":10},"end":{"line":79,"column":50}},"30":{"start":{"line":80,"column":10},"end":{"line":80,"column":60}},"31":{"start":{"line":82,"column":10},"end":{"line":82,"column":56}},"32":{"start":{"line":83,"column":10},"end":{"line":84,"column":56}},"33":{"start":{"line":85,"column":10},"end":{"line":85,"column":35}},"34":{"start":{"line":86,"column":10},"end":{"line":86,"column":22}},"35":{"start":{"line":97,"column":2},"end":{"line":97,"column":51}},"36":{"start":{"line":98,"column":2},"end":{"line":98,"column":65}},"37":{"start":{"line":103,"column":2},"end":{"line":121,"column":3}},"38":{"start":{"line":107,"column":4},"end":{"line":111,"column":5}},"39":{"start":{"line":108,"column":6},"end":{"line":108,"column":32}},"40":{"start":{"line":109,"column":6},"end":{"line":109,"column":47}},"41":{"start":{"line":110,"column":6},"end":{"line":110,"column":68}},"42":{"start":{"line":112,"column":4},"end":{"line":114,"column":5}},"43":{"start":{"line":113,"column":6},"end":{"line":113,"column":74}},"44":{"start":{"line":115,"column":4},"end":{"line":117,"column":5}},"45":{"start":{"line":116,"column":6},"end":{"line":116,"column":73}},"46":{"start":{"line":118,"column":4},"end":{"line":120,"column":5}},"47":{"start":{"line":119,"column":6},"end":{"line":119,"column":32}},"48":{"start":{"line":123,"column":2},"end":{"line":123,"column":52}},"49":{"start":{"line":126,"column":2},"end":{"line":129,"column":3}},"50":{"start":{"line":127,"column":4},"end":{"line":127,"column":17}},"51":{"start":{"line":128,"column":4},"end":{"line":128,"column":24}},"52":{"start":{"line":132,"column":2},"end":{"line":136,"column":3}},"53":{"start":{"line":133,"column":4},"end":{"line":133,"column":30}},"54":{"start":{"line":134,"column":4},"end":{"line":134,"column":45}},"55":{"start":{"line":135,"column":4},"end":{"line":135,"column":43}},"56":{"start":{"line":139,"column":2},"end":{"line":141,"column":3}},"57":{"start":{"line":140,"column":4},"end":{"line":140,"column":55}},"58":{"start":{"line":144,"column":2},"end":{"line":146,"column":3}},"59":{"start":{"line":145,"column":4},"end":{"line":145,"column":56}},"60":{"start":{"line":149,"column":2},"end":{"line":151,"column":3}},"61":{"start":{"line":150,"column":4},"end":{"line":150,"column":30}},"62":{"start":{"line":153,"column":2},"end":{"line":155,"column":3}},"63":{"start":{"line":154,"column":4},"end":{"line":154,"column":40}},"64":{"start":{"line":157,"column":2},"end":{"line":163,"column":3}},"65":{"start":{"line":158,"column":4},"end":{"line":162,"column":5}},"66":{"start":{"line":159,"column":6},"end":{"line":159,"column":74}},"67":{"start":{"line":161,"column":6},"end":{"line":161,"column":48}},"68":{"start":{"line":165,"column":2},"end":{"line":165,"column":23}},"69":{"start":{"line":167,"column":2},"end":{"line":167,"column":13}},"70":{"start":{"line":168,"column":2},"end":{"line":174,"column":3}},"71":{"start":{"line":169,"column":4},"end":{"line":169,"column":70}},"72":{"start":{"line":171,"column":4},"end":{"line":173,"column":7}},"73":{"start":{"line":172,"column":6},"end":{"line":172,"column":79}},"74":{"start":{"line":176,"column":2},"end":{"line":176,"column":17}},"75":{"start":{"line":178,"column":2},"end":{"line":178,"column":52}},"76":{"start":{"line":182,"column":0},"end":{"line":206,"column":1}},"77":{"start":{"line":183,"column":2},"end":{"line":201,"column":3}},"78":{"start":{"line":185,"column":6},"end":{"line":185,"column":51}},"79":{"start":{"line":188,"column":6},"end":{"line":190,"column":76}},"80":{"start":{"line":191,"column":6},"end":{"line":191,"column":43}},"81":{"start":{"line":194,"column":6},"end":{"line":196,"column":7}},"82":{"start":{"line":195,"column":8},"end":{"line":195,"column":43}},"83":{"start":{"line":197,"column":6},"end":{"line":197,"column":47}},"84":{"start":{"line":200,"column":6},"end":{"line":200,"column":48}},"85":{"start":{"line":203,"column":2},"end":{"line":205,"column":3}},"86":{"start":{"line":204,"column":4},"end":{"line":204,"column":39}},"87":{"start":{"line":209,"column":0},"end":{"line":211,"column":1}},"88":{"start":{"line":210,"column":2},"end":{"line":210,"column":58}},"89":{"start":{"line":214,"column":0},"end":{"line":231,"column":1}},"90":{"start":{"line":215,"column":2},"end":{"line":215,"column":18}},"91":{"start":{"line":216,"column":2},"end":{"line":223,"column":3}},"92":{"start":{"line":217,"column":4},"end":{"line":222,"column":5}},"93":{"start":{"line":218,"column":6},"end":{"line":219,"column":28}},"94":{"start":{"line":221,"column":6},"end":{"line":221,"column":22}},"95":{"start":{"line":224,"column":2},"end":{"line":229,"column":5}},"96":{"start":{"line":225,"column":4},"end":{"line":228,"column":5}},"97":{"start":{"line":226,"column":6},"end":{"line":227,"column":22}},"98":{"start":{"line":230,"column":2},"end":{"line":230,"column":16}},"99":{"start":{"line":234,"column":0},"end":{"line":291,"column":1}},"100":{"start":{"line":235,"column":2},"end":{"line":235,"column":16}},"101":{"start":{"line":236,"column":2},"end":{"line":248,"column":3}},"102":{"start":{"line":237,"column":4},"end":{"line":247,"column":5}},"103":{"start":{"line":238,"column":6},"end":{"line":242,"column":7}},"104":{"start":{"line":239,"column":8},"end":{"line":239,"column":56}},"105":{"start":{"line":241,"column":8},"end":{"line":241,"column":49}},"106":{"start":{"line":244,"column":6},"end":{"line":246,"column":7}},"107":{"start":{"line":245,"column":8},"end":{"line":245,"column":49}},"108":{"start":{"line":249,"column":2},"end":{"line":251,"column":3}},"109":{"start":{"line":250,"column":4},"end":{"line":250,"column":27}},"110":{"start":{"line":252,"column":2},"end":{"line":273,"column":3}},"111":{"start":{"line":253,"column":4},"end":{"line":272,"column":5}},"112":{"start":{"line":254,"column":6},"end":{"line":258,"column":7}},"113":{"start":{"line":255,"column":8},"end":{"line":255,"column":49}},"114":{"start":{"line":257,"column":8},"end":{"line":257,"column":61}},"115":{"start":{"line":259,"column":6},"end":{"line":269,"column":7}},"116":{"start":{"line":260,"column":8},"end":{"line":268,"column":9}},"117":{"start":{"line":261,"column":10},"end":{"line":263,"column":34}},"118":{"start":{"line":262,"column":12},"end":{"line":262,"column":31}},"119":{"start":{"line":265,"column":10},"end":{"line":267,"column":24}},"120":{"start":{"line":266,"column":12},"end":{"line":266,"column":32}},"121":{"start":{"line":271,"column":6},"end":{"line":271,"column":49}},"122":{"start":{"line":274,"column":2},"end":{"line":288,"column":3}},"123":{"start":{"line":275,"column":4},"end":{"line":277,"column":5}},"124":{"start":{"line":276,"column":6},"end":{"line":276,"column":17}},"125":{"start":{"line":278,"column":4},"end":{"line":278,"column":36}},"126":{"start":{"line":279,"column":4},"end":{"line":287,"column":5}},"127":{"start":{"line":280,"column":6},"end":{"line":280,"column":45}},"128":{"start":{"line":281,"column":6},"end":{"line":281,"column":39}},"129":{"start":{"line":283,"column":6},"end":{"line":285,"column":43}},"130":{"start":{"line":286,"column":6},"end":{"line":286,"column":41}},"131":{"start":{"line":290,"column":2},"end":{"line":290,"column":27}},"132":{"start":{"line":294,"column":0},"end":{"line":312,"column":1}},"133":{"start":{"line":295,"column":2},"end":{"line":295,"column":22}},"134":{"start":{"line":296,"column":2},"end":{"line":300,"column":8}},"135":{"start":{"line":297,"column":4},"end":{"line":297,"column":18}},"136":{"start":{"line":298,"column":4},"end":{"line":298,"column":46}},"137":{"start":{"line":298,"column":32},"end":{"line":298,"column":46}},"138":{"start":{"line":299,"column":4},"end":{"line":299,"column":33}},"139":{"start":{"line":302,"column":2},"end":{"line":309,"column":3}},"140":{"start":{"line":303,"column":4},"end":{"line":308,"column":21}},"141":{"start":{"line":311,"column":2},"end":{"line":311,"column":70}},"142":{"start":{"line":314,"column":0},"end":{"line":317,"column":1}},"143":{"start":{"line":315,"column":2},"end":{"line":316,"column":77}},"144":{"start":{"line":319,"column":0},"end":{"line":321,"column":1}},"145":{"start":{"line":320,"column":2},"end":{"line":320,"column":76}},"146":{"start":{"line":323,"column":0},"end":{"line":325,"column":1}},"147":{"start":{"line":324,"column":2},"end":{"line":324,"column":72}},"148":{"start":{"line":327,"column":0},"end":{"line":329,"column":1}},"149":{"start":{"line":328,"column":2},"end":{"line":328,"column":73}},"150":{"start":{"line":331,"column":0},"end":{"line":333,"column":1}},"151":{"start":{"line":332,"column":2},"end":{"line":332,"column":43}}},"branchMap":{"1":{"line":27,"type":"cond-expr","locations":[{"start":{"line":27,"column":63},"end":{"line":27,"column":64}},{"start":{"line":27,"column":67},"end":{"line":27,"column":72}}]},"2":{"line":32,"type":"if","locations":[{"start":{"line":32,"column":2},"end":{"line":32,"column":2}},{"start":{"line":32,"column":2},"end":{"line":32,"column":2}}]},"3":{"line":35,"type":"binary-expr","locations":[{"start":{"line":35,"column":11},"end":{"line":35,"column":17}},{"start":{"line":36,"column":6},"end":{"line":36,"column":32}},{"start":{"line":37,"column":6},"end":{"line":37,"column":27}},{"start":{"line":38,"column":6},"end":{"line":38,"column":41}}]},"4":{"line":45,"type":"if","locations":[{"start":{"line":45,"column":2},"end":{"line":45,"column":2}},{"start":{"line":45,"column":2},"end":{"line":45,"column":2}}]},"5":{"line":45,"type":"binary-expr","locations":[{"start":{"line":45,"column":6},"end":{"line":45,"column":11}},{"start":{"line":45,"column":15},"end":{"line":45,"column":50}},{"start":{"line":47,"column":6},"end":{"line":47,"column":39}},{"start":{"line":49,"column":6},"end":{"line":49,"column":67}}]},"6":{"line":49,"type":"binary-expr","locations":[{"start":{"line":49,"column":8},"end":{"line":49,"column":25}},{"start":{"line":49,"column":29},"end":{"line":49,"column":66}}]},"7":{"line":51,"type":"if","locations":[{"start":{"line":51,"column":4},"end":{"line":51,"column":4}},{"start":{"line":51,"column":4},"end":{"line":51,"column":4}}]},"8":{"line":59,"type":"if","locations":[{"start":{"line":59,"column":2},"end":{"line":59,"column":2}},{"start":{"line":59,"column":2},"end":{"line":59,"column":2}}]},"9":{"line":64,"type":"if","locations":[{"start":{"line":64,"column":2},"end":{"line":64,"column":2}},{"start":{"line":64,"column":2},"end":{"line":64,"column":2}}]},"10":{"line":65,"type":"if","locations":[{"start":{"line":65,"column":4},"end":{"line":65,"column":4}},{"start":{"line":65,"column":4},"end":{"line":65,"column":4}}]},"11":{"line":72,"type":"if","locations":[{"start":{"line":72,"column":8},"end":{"line":72,"column":8}},{"start":{"line":72,"column":8},"end":{"line":72,"column":8}}]},"12":{"line":98,"type":"cond-expr","locations":[{"start":{"line":98,"column":30},"end":{"line":98,"column":50}},{"start":{"line":98,"column":53},"end":{"line":98,"column":64}}]},"13":{"line":103,"type":"if","locations":[{"start":{"line":103,"column":2},"end":{"line":103,"column":2}},{"start":{"line":103,"column":2},"end":{"line":103,"column":2}}]},"14":{"line":103,"type":"binary-expr","locations":[{"start":{"line":103,"column":6},"end":{"line":103,"column":23}},{"start":{"line":103,"column":28},"end":{"line":103,"column":42}},{"start":{"line":104,"column":7},"end":{"line":104,"column":24}},{"start":{"line":104,"column":28},"end":{"line":104,"column":47}},{"start":{"line":105,"column":7},"end":{"line":105,"column":24}},{"start":{"line":105,"column":28},"end":{"line":105,"column":53}},{"start":{"line":105,"column":57},"end":{"line":105,"column":76}}]},"15":{"line":107,"type":"if","locations":[{"start":{"line":107,"column":4},"end":{"line":107,"column":4}},{"start":{"line":107,"column":4},"end":{"line":107,"column":4}}]},"16":{"line":109,"type":"cond-expr","locations":[{"start":{"line":109,"column":30},"end":{"line":109,"column":41}},{"start":{"line":109,"column":44},"end":{"line":109,"column":46}}]},"17":{"line":112,"type":"if","locations":[{"start":{"line":112,"column":4},"end":{"line":112,"column":4}},{"start":{"line":112,"column":4},"end":{"line":112,"column":4}}]},"18":{"line":115,"type":"if","locations":[{"start":{"line":115,"column":4},"end":{"line":115,"column":4}},{"start":{"line":115,"column":4},"end":{"line":115,"column":4}}]},"19":{"line":118,"type":"if","locations":[{"start":{"line":118,"column":4},"end":{"line":118,"column":4}},{"start":{"line":118,"column":4},"end":{"line":118,"column":4}}]},"20":{"line":126,"type":"if","locations":[{"start":{"line":126,"column":2},"end":{"line":126,"column":2}},{"start":{"line":126,"column":2},"end":{"line":126,"column":2}}]},"21":{"line":132,"type":"if","locations":[{"start":{"line":132,"column":2},"end":{"line":132,"column":2}},{"start":{"line":132,"column":2},"end":{"line":132,"column":2}}]},"22":{"line":134,"type":"cond-expr","locations":[{"start":{"line":134,"column":28},"end":{"line":134,"column":39}},{"start":{"line":134,"column":42},"end":{"line":134,"column":44}}]},"23":{"line":139,"type":"if","locations":[{"start":{"line":139,"column":2},"end":{"line":139,"column":2}},{"start":{"line":139,"column":2},"end":{"line":139,"column":2}}]},"24":{"line":144,"type":"if","locations":[{"start":{"line":144,"column":2},"end":{"line":144,"column":2}},{"start":{"line":144,"column":2},"end":{"line":144,"column":2}}]},"25":{"line":149,"type":"if","locations":[{"start":{"line":149,"column":2},"end":{"line":149,"column":2}},{"start":{"line":149,"column":2},"end":{"line":149,"column":2}}]},"26":{"line":153,"type":"if","locations":[{"start":{"line":153,"column":2},"end":{"line":153,"column":2}},{"start":{"line":153,"column":2},"end":{"line":153,"column":2}}]},"27":{"line":153,"type":"binary-expr","locations":[{"start":{"line":153,"column":6},"end":{"line":153,"column":23}},{"start":{"line":153,"column":28},"end":{"line":153,"column":34}},{"start":{"line":153,"column":38},"end":{"line":153,"column":55}}]},"28":{"line":157,"type":"if","locations":[{"start":{"line":157,"column":2},"end":{"line":157,"column":2}},{"start":{"line":157,"column":2},"end":{"line":157,"column":2}}]},"29":{"line":158,"type":"if","locations":[{"start":{"line":158,"column":4},"end":{"line":158,"column":4}},{"start":{"line":158,"column":4},"end":{"line":158,"column":4}}]},"30":{"line":168,"type":"if","locations":[{"start":{"line":168,"column":2},"end":{"line":168,"column":2}},{"start":{"line":168,"column":2},"end":{"line":168,"column":2}}]},"31":{"line":183,"type":"switch","locations":[{"start":{"line":184,"column":4},"end":{"line":185,"column":51}},{"start":{"line":187,"column":4},"end":{"line":191,"column":43}},{"start":{"line":193,"column":4},"end":{"line":197,"column":47}},{"start":{"line":199,"column":4},"end":{"line":200,"column":48}}]},"32":{"line":194,"type":"if","locations":[{"start":{"line":194,"column":6},"end":{"line":194,"column":6}},{"start":{"line":194,"column":6},"end":{"line":194,"column":6}}]},"33":{"line":194,"type":"binary-expr","locations":[{"start":{"line":194,"column":10},"end":{"line":194,"column":21}},{"start":{"line":194,"column":25},"end":{"line":194,"column":48}}]},"34":{"line":203,"type":"if","locations":[{"start":{"line":203,"column":2},"end":{"line":203,"column":2}},{"start":{"line":203,"column":2},"end":{"line":203,"column":2}}]},"35":{"line":217,"type":"if","locations":[{"start":{"line":217,"column":4},"end":{"line":217,"column":4}},{"start":{"line":217,"column":4},"end":{"line":217,"column":4}}]},"36":{"line":225,"type":"if","locations":[{"start":{"line":225,"column":4},"end":{"line":225,"column":4}},{"start":{"line":225,"column":4},"end":{"line":225,"column":4}}]},"37":{"line":236,"type":"if","locations":[{"start":{"line":236,"column":2},"end":{"line":236,"column":2}},{"start":{"line":236,"column":2},"end":{"line":236,"column":2}}]},"38":{"line":237,"type":"if","locations":[{"start":{"line":237,"column":4},"end":{"line":237,"column":4}},{"start":{"line":237,"column":4},"end":{"line":237,"column":4}}]},"39":{"line":238,"type":"if","locations":[{"start":{"line":238,"column":6},"end":{"line":238,"column":6}},{"start":{"line":238,"column":6},"end":{"line":238,"column":6}}]},"40":{"line":244,"type":"if","locations":[{"start":{"line":244,"column":6},"end":{"line":244,"column":6}},{"start":{"line":244,"column":6},"end":{"line":244,"column":6}}]},"41":{"line":249,"type":"if","locations":[{"start":{"line":249,"column":2},"end":{"line":249,"column":2}},{"start":{"line":249,"column":2},"end":{"line":249,"column":2}}]},"42":{"line":252,"type":"if","locations":[{"start":{"line":252,"column":2},"end":{"line":252,"column":2}},{"start":{"line":252,"column":2},"end":{"line":252,"column":2}}]},"43":{"line":253,"type":"if","locations":[{"start":{"line":253,"column":4},"end":{"line":253,"column":4}},{"start":{"line":253,"column":4},"end":{"line":253,"column":4}}]},"44":{"line":254,"type":"if","locations":[{"start":{"line":254,"column":6},"end":{"line":254,"column":6}},{"start":{"line":254,"column":6},"end":{"line":254,"column":6}}]},"45":{"line":259,"type":"if","locations":[{"start":{"line":259,"column":6},"end":{"line":259,"column":6}},{"start":{"line":259,"column":6},"end":{"line":259,"column":6}}]},"46":{"line":260,"type":"if","locations":[{"start":{"line":260,"column":8},"end":{"line":260,"column":8}},{"start":{"line":260,"column":8},"end":{"line":260,"column":8}}]},"47":{"line":274,"type":"if","locations":[{"start":{"line":274,"column":2},"end":{"line":274,"column":2}},{"start":{"line":274,"column":2},"end":{"line":274,"column":2}}]},"48":{"line":275,"type":"if","locations":[{"start":{"line":275,"column":4},"end":{"line":275,"column":4}},{"start":{"line":275,"column":4},"end":{"line":275,"column":4}}]},"49":{"line":275,"type":"binary-expr","locations":[{"start":{"line":275,"column":8},"end":{"line":275,"column":13}},{"start":{"line":275,"column":17},"end":{"line":275,"column":35}}]},"50":{"line":279,"type":"if","locations":[{"start":{"line":279,"column":4},"end":{"line":279,"column":4}},{"start":{"line":279,"column":4},"end":{"line":279,"column":4}}]},"51":{"line":298,"type":"if","locations":[{"start":{"line":298,"column":4},"end":{"line":298,"column":4}},{"start":{"line":298,"column":4},"end":{"line":298,"column":4}}]},"52":{"line":302,"type":"if","locations":[{"start":{"line":302,"column":2},"end":{"line":302,"column":2}},{"start":{"line":302,"column":2},"end":{"line":302,"column":2}}]},"53":{"line":304,"type":"cond-expr","locations":[{"start":{"line":304,"column":26},"end":{"line":304,"column":28}},{"start":{"line":304,"column":31},"end":{"line":304,"column":43}}]},"54":{"line":315,"type":"binary-expr","locations":[{"start":{"line":315,"column":9},"end":{"line":315,"column":26}},{"start":{"line":316,"column":10},"end":{"line":316,"column":32}},{"start":{"line":316,"column":36},"end":{"line":316,"column":75}}]},"55":{"line":320,"type":"binary-expr","locations":[{"start":{"line":320,"column":9},"end":{"line":320,"column":31}},{"start":{"line":320,"column":35},"end":{"line":320,"column":75}}]},"56":{"line":324,"type":"binary-expr","locations":[{"start":{"line":324,"column":9},"end":{"line":324,"column":30}},{"start":{"line":324,"column":34},"end":{"line":324,"column":71}}]},"57":{"line":328,"type":"binary-expr","locations":[{"start":{"line":328,"column":9},"end":{"line":328,"column":30}},{"start":{"line":328,"column":34},"end":{"line":328,"column":72}}]}}},"/tmp/chai/lib/chai/utils/getName.js":{"path":"/tmp/chai/lib/chai/utils/getName.js","s":{"1":1,"2":88,"3":19,"4":69,"5":69},"b":{"1":[19,69],"2":[0,69],"3":[69,69]},"f":{"1":88},"fnMap":{"1":{"name":"(anonymous_1)","line":15,"loc":{"start":{"line":15,"column":17},"end":{"line":15,"column":33}}}},"statementMap":{"1":{"start":{"line":15,"column":0},"end":{"line":20,"column":2}},"2":{"start":{"line":16,"column":2},"end":{"line":16,"column":34}},"3":{"start":{"line":16,"column":17},"end":{"line":16,"column":34}},"4":{"start":{"line":18,"column":2},"end":{"line":18,"column":50}},"5":{"start":{"line":19,"column":2},"end":{"line":19,"column":43}}},"branchMap":{"1":{"line":16,"type":"if","locations":[{"start":{"line":16,"column":2},"end":{"line":16,"column":2}},{"start":{"line":16,"column":2},"end":{"line":16,"column":2}}]},"2":{"line":19,"type":"cond-expr","locations":[{"start":{"line":19,"column":29},"end":{"line":19,"column":37}},{"start":{"line":19,"column":40},"end":{"line":19,"column":42}}]},"3":{"line":19,"type":"binary-expr","locations":[{"start":{"line":19,"column":9},"end":{"line":19,"column":14}},{"start":{"line":19,"column":18},"end":{"line":19,"column":26}}]}}},"/tmp/chai/lib/chai/utils/getProperties.js":{"path":"/tmp/chai/lib/chai/utils/getProperties.js","s":{"1":1,"2":0,"3":1,"4":0,"5":0,"6":0,"7":0,"8":0,"9":0,"10":0},"b":{"1":[0,0]},"f":{"1":0,"2":0},"fnMap":{"1":{"name":"getProperties","line":19,"loc":{"start":{"line":19,"column":17},"end":{"line":19,"column":48}}},"2":{"name":"addProperty","line":22,"loc":{"start":{"line":22,"column":2},"end":{"line":22,"column":33}}}},"statementMap":{"1":{"start":{"line":19,"column":0},"end":{"line":35,"column":2}},"2":{"start":{"line":20,"column":2},"end":{"line":20,"column":51}},"3":{"start":{"line":22,"column":2},"end":{"line":26,"column":3}},"4":{"start":{"line":23,"column":4},"end":{"line":25,"column":5}},"5":{"start":{"line":24,"column":6},"end":{"line":24,"column":28}},"6":{"start":{"line":28,"column":2},"end":{"line":28,"column":45}},"7":{"start":{"line":29,"column":2},"end":{"line":32,"column":3}},"8":{"start":{"line":30,"column":4},"end":{"line":30,"column":59}},"9":{"start":{"line":31,"column":4},"end":{"line":31,"column":41}},"10":{"start":{"line":34,"column":2},"end":{"line":34,"column":16}}},"branchMap":{"1":{"line":23,"type":"if","locations":[{"start":{"line":23,"column":4},"end":{"line":23,"column":4}},{"start":{"line":23,"column":4},"end":{"line":23,"column":4}}]}}},"/tmp/chai/lib/chai/utils/getEnumerableProperties.js":{"path":"/tmp/chai/lib/chai/utils/getEnumerableProperties.js","s":{"1":1,"2":417,"3":417,"4":435,"5":417},"b":{},"f":{"1":417},"fnMap":{"1":{"name":"getEnumerableProperties","line":19,"loc":{"start":{"line":19,"column":17},"end":{"line":19,"column":58}}}},"statementMap":{"1":{"start":{"line":19,"column":0},"end":{"line":25,"column":2}},"2":{"start":{"line":20,"column":2},"end":{"line":20,"column":18}},"3":{"start":{"line":21,"column":2},"end":{"line":23,"column":3}},"4":{"start":{"line":22,"column":4},"end":{"line":22,"column":22}},"5":{"start":{"line":24,"column":2},"end":{"line":24,"column":16}}},"branchMap":{}},"/tmp/chai/lib/chai/utils/objDisplay.js":{"path":"/tmp/chai/lib/chai/utils/objDisplay.js","s":{"1":1,"2":1,"3":1,"4":941,"5":941,"6":15,"7":0,"8":15,"9":6,"10":9,"11":9,"12":9,"13":0,"14":926},"b":{"1":[15,926],"2":[941,938],"3":[0,15],"4":[0,0],"5":[0,0],"6":[6,9],"7":[9,0],"8":[0,9]},"f":{"1":941},"fnMap":{"1":{"name":"(anonymous_1)","line":26,"loc":{"start":{"line":26,"column":17},"end":{"line":26,"column":32}}}},"statementMap":{"1":{"start":{"line":11,"column":0},"end":{"line":11,"column":35}},"2":{"start":{"line":12,"column":0},"end":{"line":12,"column":34}},"3":{"start":{"line":26,"column":0},"end":{"line":49,"column":2}},"4":{"start":{"line":27,"column":2},"end":{"line":28,"column":49}},"5":{"start":{"line":30,"column":2},"end":{"line":48,"column":3}},"6":{"start":{"line":31,"column":4},"end":{"line":45,"column":5}},"7":{"start":{"line":32,"column":6},"end":{"line":34,"column":41}},"8":{"start":{"line":35,"column":11},"end":{"line":45,"column":5}},"9":{"start":{"line":36,"column":6},"end":{"line":36,"column":45}},"10":{"start":{"line":37,"column":11},"end":{"line":45,"column":5}},"11":{"start":{"line":38,"column":6},"end":{"line":41,"column":28}},"12":{"start":{"line":42,"column":6},"end":{"line":42,"column":41}},"13":{"start":{"line":44,"column":6},"end":{"line":44,"column":17}},"14":{"start":{"line":47,"column":4},"end":{"line":47,"column":15}}},"branchMap":{"1":{"line":30,"type":"if","locations":[{"start":{"line":30,"column":2},"end":{"line":30,"column":2}},{"start":{"line":30,"column":2},"end":{"line":30,"column":2}}]},"2":{"line":30,"type":"binary-expr","locations":[{"start":{"line":30,"column":6},"end":{"line":30,"column":30}},{"start":{"line":30,"column":34},"end":{"line":30,"column":72}}]},"3":{"line":31,"type":"if","locations":[{"start":{"line":31,"column":4},"end":{"line":31,"column":4}},{"start":{"line":31,"column":4},"end":{"line":31,"column":4}}]},"4":{"line":32,"type":"cond-expr","locations":[{"start":{"line":33,"column":10},"end":{"line":33,"column":22}},{"start":{"line":34,"column":10},"end":{"line":34,"column":40}}]},"5":{"line":32,"type":"binary-expr","locations":[{"start":{"line":32,"column":13},"end":{"line":32,"column":22}},{"start":{"line":32,"column":26},"end":{"line":32,"column":41}}]},"6":{"line":35,"type":"if","locations":[{"start":{"line":35,"column":11},"end":{"line":35,"column":11}},{"start":{"line":35,"column":11},"end":{"line":35,"column":11}}]},"7":{"line":37,"type":"if","locations":[{"start":{"line":37,"column":11},"end":{"line":37,"column":11}},{"start":{"line":37,"column":11},"end":{"line":37,"column":11}}]},"8":{"line":39,"type":"cond-expr","locations":[{"start":{"line":40,"column":12},"end":{"line":40,"column":50}},{"start":{"line":41,"column":12},"end":{"line":41,"column":27}}]}}},"/tmp/chai/lib/chai/config.js":{"path":"/tmp/chai/lib/chai/config.js","s":{"1":1},"b":{},"f":{},"fnMap":{},"statementMap":{"1":{"start":{"line":1,"column":0},"end":{"line":50,"column":2}}},"branchMap":{}},"/tmp/chai/lib/chai/utils/transferFlags.js":{"path":"/tmp/chai/lib/chai/utils/transferFlags.js","s":{"1":1,"2":547,"3":547,"4":1,"5":547,"6":547,"7":1860,"8":1860},"b":{"1":[547,2],"2":[1,546],"3":[1,546],"4":[1860,0],"5":[1860,0,0,0]},"f":{"1":547},"fnMap":{"1":{"name":"(anonymous_1)","line":29,"loc":{"start":{"line":29,"column":17},"end":{"line":29,"column":58}}}},"statementMap":{"1":{"start":{"line":29,"column":0},"end":{"line":44,"column":2}},"2":{"start":{"line":30,"column":2},"end":{"line":30,"column":77}},"3":{"start":{"line":32,"column":2},"end":{"line":34,"column":3}},"4":{"start":{"line":33,"column":4},"end":{"line":33,"column":41}},"5":{"start":{"line":36,"column":2},"end":{"line":36,"column":58}},"6":{"start":{"line":38,"column":2},"end":{"line":43,"column":3}},"7":{"start":{"line":39,"column":4},"end":{"line":42,"column":5}},"8":{"start":{"line":41,"column":6},"end":{"line":41,"column":41}}},"branchMap":{"1":{"line":30,"type":"binary-expr","locations":[{"start":{"line":30,"column":14},"end":{"line":30,"column":31}},{"start":{"line":30,"column":36},"end":{"line":30,"column":75}}]},"2":{"line":32,"type":"if","locations":[{"start":{"line":32,"column":2},"end":{"line":32,"column":2}},{"start":{"line":32,"column":2},"end":{"line":32,"column":2}}]},"3":{"line":36,"type":"cond-expr","locations":[{"start":{"line":36,"column":40},"end":{"line":36,"column":50}},{"start":{"line":36,"column":53},"end":{"line":36,"column":57}}]},"4":{"line":39,"type":"if","locations":[{"start":{"line":39,"column":4},"end":{"line":39,"column":4}},{"start":{"line":39,"column":4},"end":{"line":39,"column":4}}]},"5":{"line":39,"type":"binary-expr","locations":[{"start":{"line":39,"column":8},"end":{"line":39,"column":18}},{"start":{"line":40,"column":9},"end":{"line":40,"column":26}},{"start":{"line":40,"column":30},"end":{"line":40,"column":45}},{"start":{"line":40,"column":49},"end":{"line":40,"column":66}}]}}},"/tmp/chai/lib/chai/utils/getPathValue.js":{"path":"/tmp/chai/lib/chai/utils/getPathValue.js","s":{"1":1,"2":1,"3":6,"4":6},"b":{},"f":{"1":6},"fnMap":{"1":{"name":"(anonymous_1)","line":39,"loc":{"start":{"line":39,"column":17},"end":{"line":39,"column":37}}}},"statementMap":{"1":{"start":{"line":8,"column":0},"end":{"line":8,"column":43}},"2":{"start":{"line":39,"column":0},"end":{"line":42,"column":2}},"3":{"start":{"line":40,"column":2},"end":{"line":40,"column":36}},"4":{"start":{"line":41,"column":2},"end":{"line":41,"column":20}}},"branchMap":{}},"/tmp/chai/lib/chai/utils/getPathInfo.js":{"path":"/tmp/chai/lib/chai/utils/getPathInfo.js","s":{"1":1,"2":1,"3":39,"4":39,"5":39,"6":39,"7":1,"8":39,"9":39,"10":88,"11":88,"12":28,"13":60,"14":1,"15":78,"16":78,"17":78,"18":137,"19":137,"20":132,"21":92,"22":40,"23":40,"24":132,"25":72,"26":5,"27":78},"b":{"1":[39,14],"2":[28,60],"3":[39,39],"4":[132,5],"5":[92,40],"6":[40,0],"7":[72,60]},"f":{"1":39,"2":39,"3":88,"4":78},"fnMap":{"1":{"name":"getPathInfo","line":30,"loc":{"start":{"line":30,"column":17},"end":{"line":30,"column":49}}},"2":{"name":"parsePath","line":63,"loc":{"start":{"line":63,"column":0},"end":{"line":63,"column":26}}},"3":{"name":"(anonymous_3)","line":66,"loc":{"start":{"line":66,"column":19},"end":{"line":66,"column":36}}},"4":{"name":"_getPathValue","line":90,"loc":{"start":{"line":90,"column":0},"end":{"line":90,"column":44}}}},"statementMap":{"1":{"start":{"line":7,"column":0},"end":{"line":7,"column":43}},"2":{"start":{"line":30,"column":0},"end":{"line":42,"column":2}},"3":{"start":{"line":31,"column":2},"end":{"line":32,"column":39}},"4":{"start":{"line":34,"column":2},"end":{"line":38,"column":4}},"5":{"start":{"line":39,"column":2},"end":{"line":39,"column":52}},"6":{"start":{"line":41,"column":2},"end":{"line":41,"column":14}},"7":{"start":{"line":63,"column":0},"end":{"line":72,"column":1}},"8":{"start":{"line":64,"column":2},"end":{"line":65,"column":43}},"9":{"start":{"line":66,"column":2},"end":{"line":71,"column":5}},"10":{"start":{"line":67,"column":4},"end":{"line":68,"column":30}},"11":{"start":{"line":69,"column":4},"end":{"line":70,"column":29}},"12":{"start":{"line":69,"column":14},"end":{"line":69,"column":48}},"13":{"start":{"line":70,"column":9},"end":{"line":70,"column":29}},"14":{"start":{"line":90,"column":0},"end":{"line":109,"column":1}},"15":{"start":{"line":91,"column":2},"end":{"line":92,"column":10}},"16":{"start":{"line":94,"column":2},"end":{"line":94,"column":56}},"17":{"start":{"line":96,"column":2},"end":{"line":107,"column":3}},"18":{"start":{"line":97,"column":4},"end":{"line":97,"column":25}},"19":{"start":{"line":98,"column":4},"end":{"line":106,"column":5}},"20":{"start":{"line":99,"column":6},"end":{"line":102,"column":26}},"21":{"start":{"line":100,"column":8},"end":{"line":100,"column":26}},"22":{"start":{"line":101,"column":11},"end":{"line":102,"column":26}},"23":{"start":{"line":102,"column":8},"end":{"line":102,"column":26}},"24":{"start":{"line":103,"column":6},"end":{"line":103,"column":34}},"25":{"start":{"line":103,"column":24},"end":{"line":103,"column":34}},"26":{"start":{"line":105,"column":6},"end":{"line":105,"column":22}},"27":{"start":{"line":108,"column":2},"end":{"line":108,"column":13}}},"branchMap":{"1":{"line":36,"type":"binary-expr","locations":[{"start":{"line":36,"column":10},"end":{"line":36,"column":16}},{"start":{"line":36,"column":20},"end":{"line":36,"column":26}}]},"2":{"line":69,"type":"if","locations":[{"start":{"line":69,"column":4},"end":{"line":69,"column":4}},{"start":{"line":69,"column":4},"end":{"line":69,"column":4}}]},"3":{"line":94,"type":"cond-expr","locations":[{"start":{"line":94,"column":33},"end":{"line":94,"column":46}},{"start":{"line":94,"column":49},"end":{"line":94,"column":54}}]},"4":{"line":98,"type":"if","locations":[{"start":{"line":98,"column":4},"end":{"line":98,"column":4}},{"start":{"line":98,"column":4},"end":{"line":98,"column":4}}]},"5":{"line":99,"type":"if","locations":[{"start":{"line":99,"column":6},"end":{"line":99,"column":6}},{"start":{"line":99,"column":6},"end":{"line":99,"column":6}}]},"6":{"line":101,"type":"if","locations":[{"start":{"line":101,"column":11},"end":{"line":101,"column":11}},{"start":{"line":101,"column":11},"end":{"line":101,"column":11}}]},"7":{"line":103,"type":"if","locations":[{"start":{"line":103,"column":6},"end":{"line":103,"column":6}},{"start":{"line":103,"column":6},"end":{"line":103,"column":6}}]}}},"/tmp/chai/lib/chai/utils/hasProperty.js":{"path":"/tmp/chai/lib/chai/utils/hasProperty.js","s":{"1":1,"2":1,"3":1,"4":174,"5":174,"6":8,"7":166,"8":44,"9":166},"b":{"1":[8,166],"2":[174,173],"3":[44,122],"4":[166,44]},"f":{"1":174},"fnMap":{"1":{"name":"hasProperty","line":50,"loc":{"start":{"line":50,"column":17},"end":{"line":50,"column":49}}}},"statementMap":{"1":{"start":{"line":7,"column":0},"end":{"line":7,"column":29}},"2":{"start":{"line":45,"column":0},"end":{"line":48,"column":2}},"3":{"start":{"line":50,"column":0},"end":{"line":63,"column":2}},"4":{"start":{"line":51,"column":2},"end":{"line":51,"column":21}},"5":{"start":{"line":54,"column":2},"end":{"line":55,"column":17}},"6":{"start":{"line":55,"column":4},"end":{"line":55,"column":17}},"7":{"start":{"line":59,"column":2},"end":{"line":60,"column":32}},"8":{"start":{"line":60,"column":4},"end":{"line":60,"column":32}},"9":{"start":{"line":62,"column":2},"end":{"line":62,"column":21}}},"branchMap":{"1":{"line":54,"type":"if","locations":[{"start":{"line":54,"column":2},"end":{"line":54,"column":2}},{"start":{"line":54,"column":2},"end":{"line":54,"column":2}}]},"2":{"line":54,"type":"binary-expr","locations":[{"start":{"line":54,"column":5},"end":{"line":54,"column":18}},{"start":{"line":54,"column":22},"end":{"line":54,"column":40}}]},"3":{"line":59,"type":"if","locations":[{"start":{"line":59,"column":2},"end":{"line":59,"column":2}},{"start":{"line":59,"column":2},"end":{"line":59,"column":2}}]},"4":{"line":59,"type":"binary-expr","locations":[{"start":{"line":59,"column":5},"end":{"line":59,"column":17}},{"start":{"line":59,"column":21},"end":{"line":59,"column":44}}]}}},"/tmp/chai/lib/chai/utils/addProperty.js":{"path":"/tmp/chai/lib/chai/utils/addProperty.js","s":{"1":1,"2":28,"3":2516,"4":2474},"b":{"1":[484,1990]},"f":{"1":28,"2":2516},"fnMap":{"1":{"name":"(anonymous_1)","line":32,"loc":{"start":{"line":32,"column":17},"end":{"line":32,"column":46}}},"2":{"name":"(anonymous_2)","line":34,"loc":{"start":{"line":34,"column":11},"end":{"line":34,"column":23}}}},"statementMap":{"1":{"start":{"line":32,"column":0},"end":{"line":40,"column":2}},"2":{"start":{"line":33,"column":2},"end":{"line":39,"column":5}},"3":{"start":{"line":35,"column":8},"end":{"line":35,"column":39}},"4":{"start":{"line":36,"column":8},"end":{"line":36,"column":52}}},"branchMap":{"1":{"line":36,"type":"cond-expr","locations":[{"start":{"line":36,"column":38},"end":{"line":36,"column":42}},{"start":{"line":36,"column":45},"end":{"line":36,"column":51}}]}}},"/tmp/chai/lib/chai/utils/addMethod.js":{"path":"/tmp/chai/lib/chai/utils/addMethod.js","s":{"1":1,"2":1,"3":1,"4":35,"5":1072,"6":1072,"7":1071,"8":1072,"9":830},"b":{"1":[1071,1],"2":[1072,1072],"3":[757,73]},"f":{"1":35,"2":1072},"fnMap":{"1":{"name":"(anonymous_1)","line":35,"loc":{"start":{"line":35,"column":17},"end":{"line":35,"column":46}}},"2":{"name":"(anonymous_2)","line":36,"loc":{"start":{"line":36,"column":14},"end":{"line":36,"column":26}}}},"statementMap":{"1":{"start":{"line":7,"column":0},"end":{"line":7,"column":34}},"2":{"start":{"line":33,"column":0},"end":{"line":33,"column":29}},"3":{"start":{"line":35,"column":0},"end":{"line":43,"column":2}},"4":{"start":{"line":36,"column":2},"end":{"line":42,"column":4}},"5":{"start":{"line":37,"column":4},"end":{"line":37,"column":38}},"6":{"start":{"line":38,"column":4},"end":{"line":39,"column":36}},"7":{"start":{"line":39,"column":6},"end":{"line":39,"column":36}},"8":{"start":{"line":40,"column":4},"end":{"line":40,"column":47}},"9":{"start":{"line":41,"column":4},"end":{"line":41,"column":48}}},"branchMap":{"1":{"line":38,"type":"if","locations":[{"start":{"line":38,"column":4},"end":{"line":38,"column":4}},{"start":{"line":38,"column":4},"end":{"line":38,"column":4}}]},"2":{"line":38,"type":"binary-expr","locations":[{"start":{"line":38,"column":8},"end":{"line":38,"column":16}},{"start":{"line":38,"column":20},"end":{"line":38,"column":49}}]},"3":{"line":41,"type":"cond-expr","locations":[{"start":{"line":41,"column":34},"end":{"line":41,"column":38}},{"start":{"line":41,"column":41},"end":{"line":41,"column":47}}]}}},"/tmp/chai/lib/chai/utils/overwriteProperty.js":{"path":"/tmp/chai/lib/chai/utils/overwriteProperty.js","s":{"1":1,"2":2,"3":2,"4":2,"5":2,"6":3,"7":3},"b":{"1":[2,0],"2":[2,2],"3":[2,1]},"f":{"1":2,"2":0,"3":3},"fnMap":{"1":{"name":"(anonymous_1)","line":40,"loc":{"start":{"line":40,"column":17},"end":{"line":40,"column":46}}},"2":{"name":"(anonymous_2)","line":42,"loc":{"start":{"line":42,"column":15},"end":{"line":42,"column":27}}},"3":{"name":"(anonymous_3)","line":48,"loc":{"start":{"line":48,"column":11},"end":{"line":48,"column":23}}}},"statementMap":{"1":{"start":{"line":40,"column":0},"end":{"line":54,"column":2}},"2":{"start":{"line":41,"column":2},"end":{"line":42,"column":30}},"3":{"start":{"line":44,"column":2},"end":{"line":47,"column":2}},"4":{"start":{"line":45,"column":4},"end":{"line":47,"column":2}},"5":{"start":{"line":47,"column":2},"end":{"line":53,"column":5}},"6":{"start":{"line":49,"column":8},"end":{"line":49,"column":47}},"7":{"start":{"line":50,"column":8},"end":{"line":50,"column":52}}},"branchMap":{"1":{"line":44,"type":"if","locations":[{"start":{"line":44,"column":2},"end":{"line":44,"column":2}},{"start":{"line":44,"column":2},"end":{"line":44,"column":2}}]},"2":{"line":44,"type":"binary-expr","locations":[{"start":{"line":44,"column":6},"end":{"line":44,"column":10}},{"start":{"line":44,"column":14},"end":{"line":44,"column":44}}]},"3":{"line":50,"type":"cond-expr","locations":[{"start":{"line":50,"column":38},"end":{"line":50,"column":42}},{"start":{"line":50,"column":45},"end":{"line":50,"column":51}}]}}},"/tmp/chai/lib/chai/utils/overwriteMethod.js":{"path":"/tmp/chai/lib/chai/utils/overwriteMethod.js","s":{"1":1,"2":3,"3":1,"4":3,"5":2,"6":3,"7":4,"8":4},"b":{"1":[2,1],"2":[3,2],"3":[3,1]},"f":{"1":3,"2":1,"3":4},"fnMap":{"1":{"name":"(anonymous_1)","line":40,"loc":{"start":{"line":40,"column":17},"end":{"line":40,"column":46}}},"2":{"name":"(anonymous_2)","line":42,"loc":{"start":{"line":42,"column":15},"end":{"line":42,"column":27}}},"3":{"name":"(anonymous_3)","line":47,"loc":{"start":{"line":47,"column":14},"end":{"line":47,"column":26}}}},"statementMap":{"1":{"start":{"line":40,"column":0},"end":{"line":51,"column":2}},"2":{"start":{"line":41,"column":2},"end":{"line":42,"column":44}},"3":{"start":{"line":42,"column":29},"end":{"line":42,"column":41}},"4":{"start":{"line":44,"column":2},"end":{"line":45,"column":21}},"5":{"start":{"line":45,"column":4},"end":{"line":45,"column":21}},"6":{"start":{"line":47,"column":2},"end":{"line":51,"column":0}},"7":{"start":{"line":48,"column":4},"end":{"line":48,"column":55}},"8":{"start":{"line":49,"column":4},"end":{"line":49,"column":48}}},"branchMap":{"1":{"line":44,"type":"if","locations":[{"start":{"line":44,"column":2},"end":{"line":44,"column":2}},{"start":{"line":44,"column":2},"end":{"line":44,"column":2}}]},"2":{"line":44,"type":"binary-expr","locations":[{"start":{"line":44,"column":6},"end":{"line":44,"column":13}},{"start":{"line":44,"column":17},"end":{"line":44,"column":46}}]},"3":{"line":49,"type":"cond-expr","locations":[{"start":{"line":49,"column":34},"end":{"line":49,"column":38}},{"start":{"line":49,"column":41},"end":{"line":49,"column":47}}]}}},"/tmp/chai/lib/chai/utils/addChainableMethod.js":{"path":"/tmp/chai/lib/chai/utils/addChainableMethod.js","s":{"1":1,"2":1,"3":1,"4":1,"5":1,"6":1,"7":1,"8":14,"9":8,"10":14,"11":14,"12":1,"13":14,"14":14,"15":545,"16":545,"17":444,"18":444,"19":442,"20":444,"21":394,"22":545,"23":545,"24":545,"25":545,"26":0,"27":0,"28":0,"29":0,"30":0,"31":545,"32":545},"b":{"1":[8,6],"2":[1,13],"3":[442,2],"4":[444,444],"5":[393,1],"6":[545,0],"7":[0,0]},"f":{"1":14,"2":386,"3":545,"4":444,"5":0},"fnMap":{"1":{"name":"(anonymous_1)","line":59,"loc":{"start":{"line":59,"column":17},"end":{"line":59,"column":64}}},"2":{"name":"(anonymous_2)","line":61,"loc":{"start":{"line":61,"column":23},"end":{"line":61,"column":35}}},"3":{"name":"(anonymous_3)","line":76,"loc":{"start":{"line":76,"column":11},"end":{"line":76,"column":23}}},"4":{"name":"assert","line":79,"loc":{"start":{"line":79,"column":21},"end":{"line":79,"column":39}}},"5":{"name":"(anonymous_5)","line":98,"loc":{"start":{"line":98,"column":32},"end":{"line":98,"column":56}}}},"statementMap":{"1":{"start":{"line":11,"column":0},"end":{"line":11,"column":47}},"2":{"start":{"line":12,"column":0},"end":{"line":12,"column":29}},"3":{"start":{"line":13,"column":0},"end":{"line":13,"column":34}},"4":{"start":{"line":20,"column":0},"end":{"line":20,"column":44}},"5":{"start":{"line":25,"column":0},"end":{"line":25,"column":56}},"6":{"start":{"line":28,"column":0},"end":{"line":29,"column":37}},"7":{"start":{"line":59,"column":0},"end":{"line":111,"column":2}},"8":{"start":{"line":60,"column":2},"end":{"line":62,"column":3}},"9":{"start":{"line":61,"column":4},"end":{"line":61,"column":39}},"10":{"start":{"line":64,"column":2},"end":{"line":67,"column":4}},"11":{"start":{"line":70,"column":2},"end":{"line":72,"column":3}},"12":{"start":{"line":71,"column":4},"end":{"line":71,"column":23}},"13":{"start":{"line":73,"column":2},"end":{"line":73,"column":42}},"14":{"start":{"line":75,"column":2},"end":{"line":110,"column":5}},"15":{"start":{"line":77,"column":8},"end":{"line":77,"column":54}},"16":{"start":{"line":79,"column":8},"end":{"line":85,"column":10}},"17":{"start":{"line":80,"column":10},"end":{"line":80,"column":44}},"18":{"start":{"line":81,"column":10},"end":{"line":82,"column":39}},"19":{"start":{"line":82,"column":12},"end":{"line":82,"column":39}},"20":{"start":{"line":83,"column":10},"end":{"line":83,"column":71}},"21":{"start":{"line":84,"column":10},"end":{"line":84,"column":54}},"22":{"start":{"line":88,"column":8},"end":{"line":104,"column":9}},"23":{"start":{"line":90,"column":10},"end":{"line":90,"column":65}},"24":{"start":{"line":92,"column":10},"end":{"line":92,"column":32}},"25":{"start":{"line":93,"column":10},"end":{"line":93,"column":34}},"26":{"start":{"line":97,"column":10},"end":{"line":97,"column":62}},"27":{"start":{"line":98,"column":10},"end":{"line":103,"column":13}},"28":{"start":{"line":99,"column":12},"end":{"line":102,"column":13}},"29":{"start":{"line":100,"column":14},"end":{"line":100,"column":74}},"30":{"start":{"line":101,"column":14},"end":{"line":101,"column":62}},"31":{"start":{"line":106,"column":8},"end":{"line":106,"column":36}},"32":{"start":{"line":107,"column":8},"end":{"line":107,"column":22}}},"branchMap":{"1":{"line":60,"type":"if","locations":[{"start":{"line":60,"column":2},"end":{"line":60,"column":2}},{"start":{"line":60,"column":2},"end":{"line":60,"column":2}}]},"2":{"line":70,"type":"if","locations":[{"start":{"line":70,"column":2},"end":{"line":70,"column":2}},{"start":{"line":70,"column":2},"end":{"line":70,"column":2}}]},"3":{"line":81,"type":"if","locations":[{"start":{"line":81,"column":10},"end":{"line":81,"column":10}},{"start":{"line":81,"column":10},"end":{"line":81,"column":10}}]},"4":{"line":81,"type":"binary-expr","locations":[{"start":{"line":81,"column":14},"end":{"line":81,"column":22}},{"start":{"line":81,"column":26},"end":{"line":81,"column":55}}]},"5":{"line":84,"type":"cond-expr","locations":[{"start":{"line":84,"column":40},"end":{"line":84,"column":44}},{"start":{"line":84,"column":47},"end":{"line":84,"column":53}}]},"6":{"line":88,"type":"if","locations":[{"start":{"line":88,"column":8},"end":{"line":88,"column":8}},{"start":{"line":88,"column":8},"end":{"line":88,"column":8}}]},"7":{"line":99,"type":"if","locations":[{"start":{"line":99,"column":12},"end":{"line":99,"column":12}},{"start":{"line":99,"column":12},"end":{"line":99,"column":12}}]}}},"/tmp/chai/lib/chai/utils/overwriteChainableMethod.js":{"path":"/tmp/chai/lib/chai/utils/overwriteChainableMethod.js","s":{"1":1,"2":1,"3":1,"4":1,"5":6,"6":6,"7":1,"8":1,"9":3,"10":1},"b":{"1":[6,0],"2":[1,0]},"f":{"1":1,"2":6,"3":3},"fnMap":{"1":{"name":"(anonymous_1)","line":39,"loc":{"start":{"line":39,"column":17},"end":{"line":39,"column":64}}},"2":{"name":"(anonymous_2)","line":43,"loc":{"start":{"line":43,"column":39},"end":{"line":43,"column":51}}},"3":{"name":"(anonymous_3)","line":49,"loc":{"start":{"line":49,"column":29},"end":{"line":49,"column":41}}}},"statementMap":{"1":{"start":{"line":39,"column":0},"end":{"line":53,"column":2}},"2":{"start":{"line":40,"column":2},"end":{"line":40,"column":46}},"3":{"start":{"line":42,"column":2},"end":{"line":42,"column":61}},"4":{"start":{"line":43,"column":2},"end":{"line":46,"column":4}},"5":{"start":{"line":44,"column":4},"end":{"line":44,"column":64}},"6":{"start":{"line":45,"column":4},"end":{"line":45,"column":48}},"7":{"start":{"line":48,"column":2},"end":{"line":48,"column":41}},"8":{"start":{"line":49,"column":2},"end":{"line":52,"column":4}},"9":{"start":{"line":50,"column":4},"end":{"line":50,"column":56}},"10":{"start":{"line":51,"column":4},"end":{"line":51,"column":48}}},"branchMap":{"1":{"line":45,"type":"cond-expr","locations":[{"start":{"line":45,"column":34},"end":{"line":45,"column":38}},{"start":{"line":45,"column":41},"end":{"line":45,"column":47}}]},"2":{"line":51,"type":"cond-expr","locations":[{"start":{"line":51,"column":34},"end":{"line":51,"column":38}},{"start":{"line":51,"column":41},"end":{"line":51,"column":47}}]}}},"/tmp/chai/lib/chai/assertion.js":{"path":"/tmp/chai/lib/chai/assertion.js","s":{"1":1,"2":1,"3":1,"4":1,"5":1,"6":1675,"7":1675,"8":1675,"9":1,"10":5,"11":5,"12":2,"13":2,"14":1,"15":5,"16":5,"17":2,"18":2,"19":1,"20":28,"21":1,"22":35,"23":1,"24":14,"25":1,"26":2,"27":1,"28":3,"29":1,"30":1,"31":1,"32":1670,"33":1670,"34":1132,"35":1670,"36":1,"37":1670,"38":306,"39":306,"40":1,"41":817,"42":11},"b":{"1":[1675,1330],"2":[1132,538],"3":[1,1669],"4":[306,1364],"5":[1,305]},"f":{"1":1,"2":1675,"3":5,"4":2,"5":5,"6":2,"7":28,"8":35,"9":14,"10":2,"11":3,"12":1,"13":1670,"14":817,"15":11},"fnMap":{"1":{"name":"(anonymous_1)","line":10,"loc":{"start":{"line":10,"column":17},"end":{"line":10,"column":40}}},"2":{"name":"Assertion","line":32,"loc":{"start":{"line":32,"column":2},"end":{"line":32,"column":39}}},"3":{"name":"(anonymous_3)","line":39,"loc":{"start":{"line":39,"column":9},"end":{"line":39,"column":20}}},"4":{"name":"(anonymous_4)","line":43,"loc":{"start":{"line":43,"column":9},"end":{"line":43,"column":25}}},"5":{"name":"(anonymous_5)","line":50,"loc":{"start":{"line":50,"column":9},"end":{"line":50,"column":20}}},"6":{"name":"(anonymous_6)","line":54,"loc":{"start":{"line":54,"column":9},"end":{"line":54,"column":25}}},"7":{"name":"(anonymous_7)","line":60,"loc":{"start":{"line":60,"column":26},"end":{"line":60,"column":46}}},"8":{"name":"(anonymous_8)","line":64,"loc":{"start":{"line":64,"column":24},"end":{"line":64,"column":44}}},"9":{"name":"(anonymous_9)","line":68,"loc":{"start":{"line":68,"column":33},"end":{"line":68,"column":71}}},"10":{"name":"(anonymous_10)","line":72,"loc":{"start":{"line":72,"column":32},"end":{"line":72,"column":52}}},"11":{"name":"(anonymous_11)","line":76,"loc":{"start":{"line":76,"column":30},"end":{"line":76,"column":50}}},"12":{"name":"(anonymous_12)","line":80,"loc":{"start":{"line":80,"column":39},"end":{"line":80,"column":77}}},"13":{"name":"(anonymous_13)","line":98,"loc":{"start":{"line":98,"column":31},"end":{"line":98,"column":92}}},"14":{"name":"(anonymous_14)","line":123,"loc":{"start":{"line":123,"column":11},"end":{"line":123,"column":23}}},"15":{"name":"(anonymous_15)","line":126,"loc":{"start":{"line":126,"column":11},"end":{"line":126,"column":26}}}},"statementMap":{"1":{"start":{"line":8,"column":0},"end":{"line":8,"column":33}},"2":{"start":{"line":10,"column":0},"end":{"line":130,"column":2}},"3":{"start":{"line":15,"column":2},"end":{"line":16,"column":23}},"4":{"start":{"line":22,"column":2},"end":{"line":22,"column":30}},"5":{"start":{"line":32,"column":2},"end":{"line":36,"column":3}},"6":{"start":{"line":33,"column":4},"end":{"line":33,"column":50}},"7":{"start":{"line":34,"column":4},"end":{"line":34,"column":30}},"8":{"start":{"line":35,"column":4},"end":{"line":35,"column":31}},"9":{"start":{"line":38,"column":2},"end":{"line":47,"column":5}},"10":{"start":{"line":40,"column":6},"end":{"line":40,"column":98}},"11":{"start":{"line":41,"column":6},"end":{"line":41,"column":33}},"12":{"start":{"line":44,"column":6},"end":{"line":44,"column":98}},"13":{"start":{"line":45,"column":6},"end":{"line":45,"column":34}},"14":{"start":{"line":49,"column":2},"end":{"line":58,"column":5}},"15":{"start":{"line":51,"column":6},"end":{"line":51,"column":90}},"16":{"start":{"line":52,"column":6},"end":{"line":52,"column":29}},"17":{"start":{"line":55,"column":6},"end":{"line":55,"column":90}},"18":{"start":{"line":56,"column":6},"end":{"line":56,"column":30}},"19":{"start":{"line":60,"column":2},"end":{"line":62,"column":4}},"20":{"start":{"line":61,"column":4},"end":{"line":61,"column":47}},"21":{"start":{"line":64,"column":2},"end":{"line":66,"column":4}},"22":{"start":{"line":65,"column":4},"end":{"line":65,"column":45}},"23":{"start":{"line":68,"column":2},"end":{"line":70,"column":4}},"24":{"start":{"line":69,"column":4},"end":{"line":69,"column":72}},"25":{"start":{"line":72,"column":2},"end":{"line":74,"column":4}},"26":{"start":{"line":73,"column":4},"end":{"line":73,"column":53}},"27":{"start":{"line":76,"column":2},"end":{"line":78,"column":4}},"28":{"start":{"line":77,"column":4},"end":{"line":77,"column":51}},"29":{"start":{"line":80,"column":2},"end":{"line":82,"column":4}},"30":{"start":{"line":81,"column":4},"end":{"line":81,"column":78}},"31":{"start":{"line":98,"column":2},"end":{"line":112,"column":4}},"32":{"start":{"line":99,"column":4},"end":{"line":99,"column":40}},"33":{"start":{"line":100,"column":4},"end":{"line":100,"column":44}},"34":{"start":{"line":100,"column":27},"end":{"line":100,"column":44}},"35":{"start":{"line":101,"column":4},"end":{"line":101,"column":51}},"36":{"start":{"line":101,"column":34},"end":{"line":101,"column":51}},"37":{"start":{"line":103,"column":4},"end":{"line":111,"column":5}},"38":{"start":{"line":104,"column":6},"end":{"line":105,"column":51}},"39":{"start":{"line":106,"column":6},"end":{"line":110,"column":67}},"40":{"start":{"line":122,"column":2},"end":{"line":129,"column":5}},"41":{"start":{"line":124,"column":8},"end":{"line":124,"column":36}},"42":{"start":{"line":127,"column":8},"end":{"line":127,"column":34}}},"branchMap":{"1":{"line":33,"type":"binary-expr","locations":[{"start":{"line":33,"column":23},"end":{"line":33,"column":28}},{"start":{"line":33,"column":32},"end":{"line":33,"column":48}}]},"2":{"line":100,"type":"if","locations":[{"start":{"line":100,"column":4},"end":{"line":100,"column":4}},{"start":{"line":100,"column":4},"end":{"line":100,"column":4}}]},"3":{"line":101,"type":"if","locations":[{"start":{"line":101,"column":4},"end":{"line":101,"column":4}},{"start":{"line":101,"column":4},"end":{"line":101,"column":4}}]},"4":{"line":103,"type":"if","locations":[{"start":{"line":103,"column":4},"end":{"line":103,"column":4}},{"start":{"line":103,"column":4},"end":{"line":103,"column":4}}]},"5":{"line":110,"type":"cond-expr","locations":[{"start":{"line":110,"column":33},"end":{"line":110,"column":44}},{"start":{"line":110,"column":47},"end":{"line":110,"column":65}}]}}},"/tmp/chai/lib/chai/core/assertions.js":{"path":"/tmp/chai/lib/chai/core/assertions.js","s":{"1":1,"2":1,"3":1,"4":12,"5":1989,"6":1,"7":310,"8":1,"9":48,"10":1,"11":18,"12":18,"13":1,"14":12,"15":12,"16":1,"17":355,"18":1,"19":355,"20":355,"21":355,"22":1,"23":1,"24":1,"25":106,"26":1,"27":43,"28":4,"29":43,"30":43,"31":43,"32":4,"33":5,"34":3,"35":3,"36":39,"37":10,"38":6,"39":7,"40":4,"41":4,"42":4,"43":5,"44":4,"45":29,"46":37,"47":1,"48":1,"49":1,"50":1,"51":1,"52":31,"53":1,"54":20,"55":1,"56":22,"57":1,"58":5,"59":1,"60":8,"61":1,"62":7,"63":1,"64":32,"65":32,"66":8,"67":24,"68":16,"69":32,"70":1,"71":6,"72":6,"73":1,"74":1,"75":1,"76":409,"77":4,"78":409,"79":409,"80":14,"81":395,"82":1,"83":1,"84":1,"85":1,"86":65,"87":2,"88":65,"89":1,"90":1,"91":1,"92":20,"93":7,"94":20,"95":20,"96":5,"97":4,"98":4,"99":15,"100":1,"101":1,"102":1,"103":1,"104":15,"105":8,"106":15,"107":15,"108":6,"109":5,"110":5,"111":9,"112":1,"113":1,"114":1,"115":20,"116":7,"117":20,"118":20,"119":5,"120":4,"121":4,"122":15,"123":1,"124":1,"125":1,"126":1,"127":16,"128":8,"129":16,"130":16,"131":6,"132":5,"133":5,"134":10,"135":1,"136":1,"137":1,"138":17,"139":7,"140":17,"141":17,"142":5,"143":4,"144":4,"145":12,"146":1,"147":9,"148":2,"149":9,"150":9,"151":1,"152":1,"153":1,"154":151,"155":11,"156":151,"157":151,"158":9,"159":3,"160":3,"161":142,"162":124,"163":39,"164":112,"165":1,"166":8,"167":2,"168":8,"169":8,"170":1,"171":1,"172":1,"173":41,"174":1,"175":16,"176":4,"177":16,"178":16,"179":13,"180":13,"181":1,"182":1,"183":1,"184":20,"185":4,"186":20,"187":20,"188":1,"189":12,"190":5,"191":12,"192":12,"193":10,"194":1,"195":86,"196":86,"197":86,"198":8,"199":78,"200":78,"201":48,"202":78,"203":18,"204":28,"205":18,"206":78,"207":60,"208":89,"209":60,"210":15,"211":78,"212":45,"213":94,"214":45,"215":45,"216":37,"217":45,"218":8,"219":33,"220":78,"221":78,"222":78,"223":1,"224":1,"225":1,"226":130,"227":4,"228":130,"229":130,"230":130,"231":130,"232":17,"233":17,"234":113,"235":17,"236":17,"237":96,"238":22,"239":22,"240":22,"241":74,"242":59,"243":59,"244":7,"245":15,"246":130,"247":130,"248":112,"249":18,"250":11,"251":11,"252":94,"253":55,"254":39,"255":24,"256":24,"257":54,"258":54,"259":18,"260":11,"261":11,"262":36,"263":19,"264":12,"265":12,"266":17,"267":17,"268":35,"269":35,"270":17,"271":35,"272":21,"273":1,"274":1,"275":1,"276":1,"277":18,"278":4,"279":18,"280":18,"281":1,"282":4,"283":1,"284":4,"285":2,"286":4,"287":4,"288":4,"289":1,"290":21,"291":3,"292":21,"293":21,"294":18,"295":6,"296":12,"297":1,"298":60,"299":97,"300":77,"301":20,"302":38,"303":1,"304":46,"305":0,"306":46,"307":46,"308":45,"309":43,"310":43,"311":16,"312":27,"313":1,"314":11,"315":0,"316":11,"317":11,"318":11,"319":11,"320":11,"321":11,"322":1,"323":1,"324":1,"325":8,"326":0,"327":8,"328":8,"329":8,"330":8,"331":8,"332":8,"333":1,"334":1,"335":1,"336":8,"337":0,"338":8,"339":8,"340":8,"341":8,"342":8,"343":8,"344":1,"345":1},"b":{"1":[1,354],"2":[116,239],"3":[4,39],"4":[4,39],"5":[43,22],"6":[3,2],"7":[10,29],"8":[6,4],"9":[29,27],"10":[0,20],"11":[0,22],"12":[8,24],"13":[32,24],"14":[16,8],"15":[4,405],"16":[14,395],"17":[2,63],"18":[7,13],"19":[5,15],"20":[8,7],"21":[6,9],"22":[7,13],"23":[5,15],"24":[8,8],"25":[6,10],"26":[7,10],"27":[5,12],"28":[4,2],"29":[12,10],"30":[2,7],"31":[11,140],"32":[27,124],"33":[27,124],"34":[27,124],"35":[27,124],"36":[9,142],"37":[151,19],"38":[3,6],"39":[3,0],"40":[39,85],"41":[2,6],"42":[4,12],"43":[4,16],"44":[5,7],"45":[45,41],"46":[8,78],"47":[48,30],"48":[78,60],"49":[18,60],"50":[60,18],"51":[15,45],"52":[60,36],"53":[15,9],"54":[45,33],"55":[37,8],"56":[8,37],"57":[45,33],"58":[37,41],"59":[4,126],"60":[17,113],"61":[17,96],"62":[113,98,88],"63":[22,74],"64":[96,81],"65":[59,15],"66":[59,0],"67":[7,52],"68":[59,35],"69":[18,94],"70":[18,0],"71":[16,2],"72":[55,39],"73":[53,2],"74":[24,15],"75":[47,7],"76":[54,47],"77":[18,36],"78":[54,54,37],"79":[19,17],"80":[36,36,19],"81":[4,31],"82":[4,27],"83":[17,18],"84":[4,31],"85":[15,20],"86":[4,14],"87":[10,8],"88":[18,14],"89":[2,2],"90":[0,4],"91":[3,18],"92":[6,12],"93":[18,15],"94":[77,20],"95":[0,46],"96":[7,36],"97":[16,27],"98":[27,17],"99":[0,11],"100":[0,8],"101":[0,8]},"f":{"1":1,"2":12,"3":1989,"4":310,"5":48,"6":18,"7":12,"8":355,"9":106,"10":43,"11":31,"12":20,"13":22,"14":5,"15":8,"16":7,"17":32,"18":6,"19":409,"20":65,"21":20,"22":15,"23":20,"24":16,"25":17,"26":9,"27":151,"28":8,"29":41,"30":16,"31":20,"32":12,"33":86,"34":28,"35":89,"36":94,"37":130,"38":18,"39":4,"40":4,"41":21,"42":60,"43":97,"44":38,"45":46,"46":11,"47":8,"48":8},"fnMap":{"1":{"name":"(anonymous_1)","line":8,"loc":{"start":{"line":8,"column":17},"end":{"line":8,"column":36}}},"2":{"name":"(anonymous_2)","line":43,"loc":{"start":{"line":43,"column":27},"end":{"line":43,"column":44}}},"3":{"name":"(anonymous_3)","line":44,"loc":{"start":{"line":44,"column":33},"end":{"line":44,"column":45}}},"4":{"name":"(anonymous_4)","line":63,"loc":{"start":{"line":63,"column":31},"end":{"line":63,"column":43}}},"5":{"name":"(anonymous_5)","line":81,"loc":{"start":{"line":81,"column":32},"end":{"line":81,"column":44}}},"6":{"name":"(anonymous_6)","line":97,"loc":{"start":{"line":97,"column":31},"end":{"line":97,"column":43}}},"7":{"name":"(anonymous_7)","line":115,"loc":{"start":{"line":115,"column":31},"end":{"line":115,"column":43}}},"8":{"name":"an","line":143,"loc":{"start":{"line":143,"column":2},"end":{"line":143,"column":26}}},"9":{"name":"includeChainingBehavior","line":180,"loc":{"start":{"line":180,"column":2},"end":{"line":180,"column":38}}},"10":{"name":"include","line":184,"loc":{"start":{"line":184,"column":2},"end":{"line":184,"column":30}}},"11":{"name":"(anonymous_11)","line":232,"loc":{"start":{"line":232,"column":30},"end":{"line":232,"column":42}}},"12":{"name":"(anonymous_12)","line":251,"loc":{"start":{"line":251,"column":32},"end":{"line":251,"column":44}}},"13":{"name":"(anonymous_13)","line":272,"loc":{"start":{"line":272,"column":33},"end":{"line":272,"column":45}}},"14":{"name":"(anonymous_14)","line":293,"loc":{"start":{"line":293,"column":32},"end":{"line":293,"column":44}}},"15":{"name":"(anonymous_15)","line":313,"loc":{"start":{"line":313,"column":37},"end":{"line":313,"column":49}}},"16":{"name":"(anonymous_16)","line":338,"loc":{"start":{"line":338,"column":33},"end":{"line":338,"column":45}}},"17":{"name":"(anonymous_17)","line":362,"loc":{"start":{"line":362,"column":33},"end":{"line":362,"column":45}}},"18":{"name":"checkArguments","line":393,"loc":{"start":{"line":393,"column":2},"end":{"line":393,"column":29}}},"19":{"name":"assertEqual","line":428,"loc":{"start":{"line":428,"column":2},"end":{"line":428,"column":34}}},"20":{"name":"assertEql","line":464,"loc":{"start":{"line":464,"column":2},"end":{"line":464,"column":31}}},"21":{"name":"assertAbove","line":502,"loc":{"start":{"line":502,"column":2},"end":{"line":502,"column":32}}},"22":{"name":"assertLeast","line":550,"loc":{"start":{"line":550,"column":2},"end":{"line":550,"column":32}}},"23":{"name":"assertBelow","line":598,"loc":{"start":{"line":598,"column":2},"end":{"line":598,"column":32}}},"24":{"name":"assertMost","line":646,"loc":{"start":{"line":646,"column":2},"end":{"line":646,"column":31}}},"25":{"name":"(anonymous_25)","line":693,"loc":{"start":{"line":693,"column":32},"end":{"line":693,"column":62}}},"26":{"name":"assertInstanceOf","line":732,"loc":{"start":{"line":732,"column":2},"end":{"line":732,"column":47}}},"27":{"name":"(anonymous_27)","line":804,"loc":{"start":{"line":804,"column":34},"end":{"line":804,"column":60}}},"28":{"name":"assertOwnProperty","line":859,"loc":{"start":{"line":859,"column":2},"end":{"line":859,"column":41}}},"29":{"name":"assertLengthChain","line":898,"loc":{"start":{"line":898,"column":2},"end":{"line":898,"column":32}}},"30":{"name":"assertLength","line":902,"loc":{"start":{"line":902,"column":2},"end":{"line":902,"column":33}}},"31":{"name":"(anonymous_31)","line":933,"loc":{"start":{"line":933,"column":31},"end":{"line":933,"column":50}}},"32":{"name":"(anonymous_32)","line":956,"loc":{"start":{"line":956,"column":32},"end":{"line":956,"column":52}}},"33":{"name":"assertKeys","line":1003,"loc":{"start":{"line":1003,"column":2},"end":{"line":1003,"column":29}}},"34":{"name":"(anonymous_34)","line":1026,"loc":{"start":{"line":1026,"column":41},"end":{"line":1026,"column":55}}},"35":{"name":"(anonymous_35)","line":1034,"loc":{"start":{"line":1034,"column":22},"end":{"line":1034,"column":35}}},"36":{"name":"(anonymous_36)","line":1044,"loc":{"start":{"line":1044,"column":22},"end":{"line":1044,"column":35}}},"37":{"name":"assertThrows","line":1114,"loc":{"start":{"line":1114,"column":2},"end":{"line":1114,"column":51}}},"38":{"name":"(anonymous_38)","line":1256,"loc":{"start":{"line":1256,"column":35},"end":{"line":1256,"column":58}}},"39":{"name":"(anonymous_39)","line":1287,"loc":{"start":{"line":1287,"column":34},"end":{"line":1287,"column":46}}},"40":{"name":"(anonymous_40)","line":1304,"loc":{"start":{"line":1304,"column":33},"end":{"line":1304,"column":57}}},"41":{"name":"(anonymous_41)","line":1331,"loc":{"start":{"line":1331,"column":33},"end":{"line":1331,"column":65}}},"42":{"name":"isSubsetOf","line":1347,"loc":{"start":{"line":1347,"column":2},"end":{"line":1347,"column":45}}},"43":{"name":"(anonymous_43)","line":1348,"loc":{"start":{"line":1348,"column":24},"end":{"line":1348,"column":39}}},"44":{"name":"(anonymous_44)","line":1351,"loc":{"start":{"line":1351,"column":27},"end":{"line":1351,"column":43}}},"45":{"name":"(anonymous_45)","line":1379,"loc":{"start":{"line":1379,"column":33},"end":{"line":1379,"column":56}}},"46":{"name":"assertChanges","line":1427,"loc":{"start":{"line":1427,"column":2},"end":{"line":1427,"column":45}}},"47":{"name":"assertIncreases","line":1464,"loc":{"start":{"line":1464,"column":2},"end":{"line":1464,"column":47}}},"48":{"name":"assertDecreases","line":1501,"loc":{"start":{"line":1501,"column":2},"end":{"line":1501,"column":47}}}},"statementMap":{"1":{"start":{"line":8,"column":0},"end":{"line":1520,"column":2}},"2":{"start":{"line":9,"column":2},"end":{"line":11,"column":20}},"3":{"start":{"line":40,"column":2},"end":{"line":47,"column":5}},"4":{"start":{"line":44,"column":4},"end":{"line":46,"column":7}},"5":{"start":{"line":45,"column":6},"end":{"line":45,"column":18}},"6":{"start":{"line":63,"column":2},"end":{"line":65,"column":5}},"7":{"start":{"line":64,"column":4},"end":{"line":64,"column":31}},"8":{"start":{"line":81,"column":2},"end":{"line":83,"column":5}},"9":{"start":{"line":82,"column":4},"end":{"line":82,"column":29}},"10":{"start":{"line":97,"column":2},"end":{"line":100,"column":5}},"11":{"start":{"line":98,"column":4},"end":{"line":98,"column":28}},"12":{"start":{"line":99,"column":4},"end":{"line":100,"column":2}},"13":{"start":{"line":115,"column":2},"end":{"line":118,"column":5}},"14":{"start":{"line":116,"column":4},"end":{"line":116,"column":28}},"15":{"start":{"line":117,"column":4},"end":{"line":117,"column":29}},"16":{"start":{"line":143,"column":2},"end":{"line":154,"column":3}},"17":{"start":{"line":144,"column":4},"end":{"line":144,"column":40}},"18":{"start":{"line":144,"column":13},"end":{"line":144,"column":40}},"19":{"start":{"line":145,"column":4},"end":{"line":145,"column":30}},"20":{"start":{"line":146,"column":4},"end":{"line":147,"column":86}},"21":{"start":{"line":149,"column":4},"end":{"line":153,"column":6}},"22":{"start":{"line":156,"column":2},"end":{"line":156,"column":41}},"23":{"start":{"line":157,"column":2},"end":{"line":157,"column":40}},"24":{"start":{"line":180,"column":2},"end":{"line":182,"column":3}},"25":{"start":{"line":181,"column":4},"end":{"line":181,"column":33}},"26":{"start":{"line":184,"column":2},"end":{"line":210,"column":3}},"27":{"start":{"line":185,"column":4},"end":{"line":185,"column":40}},"28":{"start":{"line":185,"column":13},"end":{"line":185,"column":40}},"29":{"start":{"line":186,"column":4},"end":{"line":186,"column":35}},"30":{"start":{"line":187,"column":4},"end":{"line":187,"column":25}},"31":{"start":{"line":188,"column":4},"end":{"line":205,"column":5}},"32":{"start":{"line":189,"column":6},"end":{"line":194,"column":7}},"33":{"start":{"line":190,"column":8},"end":{"line":193,"column":9}},"34":{"start":{"line":191,"column":10},"end":{"line":191,"column":26}},"35":{"start":{"line":192,"column":10},"end":{"line":192,"column":16}},"36":{"start":{"line":195,"column":11},"end":{"line":205,"column":5}},"37":{"start":{"line":196,"column":6},"end":{"line":199,
[...]
"author":"Chris Polis     ","date":"2014-12-27 17:52:50 -0800","line":"1186"},"1187":{"rev":"647e49c8 lib/chai/interface/assert.js","author":"Chris Polis     ","date":"2014-12-27 17:52:50 -0800","line":"1187"},"1188":{"rev":"647e49c8 lib/chai/interface/assert.js","author":"Chris Polis     ","date":"2014-12-27 17:52:50 -0800","line":"1188"},"1189":{"rev":"647e49c8 lib/chai/interface/assert.js","author":"Chris Polis     ","date":"2014-12-27 17:52:50 -0800","line":"1189"},"1190":{"rev":"647e49c8 lib/chai/interface/assert.js","author":"Chris Polis     ","date":"2014-12-27 17:52:50 -0800","line":"1190"},"1191":{"rev":"647e49c8 lib/chai/interface/assert.js","author":"Chris Polis     ","date":"2014-12-27 17:52:50 -0800","line":"1191"},"1192":{"rev":"647e49c8 lib/chai/interface/assert.js","author":"Chris Polis     ","date":"2014-12-27 17:52:50 -0800","line":"1192"},"1193":{"rev":"647e49c8 lib/chai/interface/assert.js","author":"Chris Polis     ","date":"2014-12-27 17:52:50 -0800","line":"1193"},"1194":{"rev":"647e49c8 lib/chai/interface/assert.js","author":"Chris Polis     ","date":"2014-12-27 17:52:50 -0800","line":"1194"},"1195":{"rev":"647e49c8 lib/chai/interface/assert.js","author":"Chris Polis     ","date":"2014-12-27 17:52:50 -0800","line":"1195"},"1196":{"rev":"647e49c8 lib/chai/interface/assert.js","author":"Chris Polis     ","date":"2014-12-27 17:52:50 -0800","line":"1196"},"1197":{"rev":"647e49c8 lib/chai/interface/assert.js","author":"Chris Polis     ","date":"2014-12-27 17:52:50 -0800","line":"1197"},"1198":{"rev":"647e49c8 lib/chai/interface/assert.js","author":"Chris Polis     ","date":"2014-12-27 17:52:50 -0800","line":"1198"},"1199":{"rev":"647e49c8 lib/chai/interface/assert.js","author":"Chris Polis     ","date":"2014-12-27 17:52:50 -0800","line":"1199"},"1200":{"rev":"647e49c8 lib/chai/interface/assert.js","author":"Chris Polis     ","date":"2014-12-27 17:52:50 -0800","line":"1200"},"1201":{"rev":"647e49c8 lib/chai/interface/assert.js","author":"Chris Polis     ","date":"2014-12-27 17:52:50 -0800","line":"1201"},"1202":{"rev":"647e49c8 lib/chai/interface/assert.js","author":"Chris Polis     ","date":"2014-12-27 17:52:50 -0800","line":"1202"},"1203":{"rev":"647e49c8 lib/chai/interface/assert.js","author":"Chris Polis     ","date":"2014-12-27 17:52:50 -0800","line":"1203"},"1204":{"rev":"647e49c8 lib/chai/interface/assert.js","author":"Chris Polis     ","date":"2014-12-27 17:52:50 -0800","line":"1204"},"1205":{"rev":"647e49c8 lib/chai/interface/assert.js","author":"Chris Polis     ","date":"2014-12-27 17:52:50 -0800","line":"1205"},"1206":{"rev":"647e49c8 lib/chai/interface/assert.js","author":"Chris Polis     ","date":"2014-12-27 17:52:50 -0800","line":"1206"},"1207":{"rev":"647e49c8 lib/chai/interface/assert.js","author":"Chris Polis     ","date":"2014-12-27 17:52:50 -0800","line":"1207"},"1208":{"rev":"647e49c8 lib/chai/interface/assert.js","author":"Chris Polis     ","date":"2014-12-27 17:52:50 -0800","line":"1208"},"1209":{"rev":"647e49c8 lib/chai/interface/assert.js","author":"Chris Polis     ","date":"2014-12-27 17:52:50 -0800","line":"1209"},"1210":{"rev":"647e49c8 lib/chai/interface/assert.js","author":"Chris Polis     ","date":"2014-12-27 17:52:50 -0800","line":"1210"},"1211":{"rev":"647e49c8 lib/chai/interface/assert.js","author":"Chris Polis     ","date":"2014-12-27 17:52:50 -0800","line":"1211"},"1212":{"rev":"647e49c8 lib/chai/interface/assert.js","author":"Chris Polis     ","date":"2014-12-27 17:52:50 -0800","line":"1212"},"1213":{"rev":"647e49c8 lib/chai/interface/assert.js","author":"Chris Polis     ","date":"2014-12-27 17:52:50 -0800","line":"1213"},"1214":{"rev":"647e49c8 lib/chai/interface/assert.js","author":"Chris Polis     ","date":"2014-12-27 17:52:50 -0800","line":"1214"},"1215":{"rev":"647e49c8 lib/chai/interface/assert.js","author":"Chris Polis     ","date":"2014-12-27 17:52:50 -0800","line":"1215"},"1216":{"rev":"647e49c8 lib/chai/interface/assert.js","author":"Chris Polis     ","date":"2014-12-27 17:52:50 -0800","line":"1216"},"1217":{"rev":"647e49c8 lib/chai/interface/assert.js","author":"Chris Polis     ","date":"2014-12-27 17:52:50 -0800","line":"1217"},"1218":{"rev":"647e49c8 lib/chai/interface/assert.js","author":"Chris Polis     ","date":"2014-12-27 17:52:50 -0800","line":"1218"},"1219":{"rev":"cf896bf1 lib/interface/assert.js     ","author":"Jake Luer       ","date":"2012-01-26 19:14:08 -0500","line":"1219"},"1220":{"rev":"cf896bf1 lib/interface/assert.js     ","author":"Jake Luer       ","date":"2012-01-26 19:14:08 -0500","line":"1220"},"1221":{"rev":"cf896bf1 lib/interface/assert.js     ","author":"Jake Luer       ","date":"2012-01-26 19:14:08 -0500","line":"1221"},"1222":{"rev":"cf896bf1 lib/interface/assert.js     ","author":"Jake Luer       ","date":"2012-01-26 19:14:08 -0500","line":"1222"},"1223":{"rev":"cf896bf1 lib/interface/assert.js     ","author":"Jake Luer       ","date":"2012-01-26 19:14:08 -0500","line":"1223"},"1224":{"rev":"cf896bf1 lib/interface/assert.js     ","author":"Jake Luer       ","date":"2012-01-26 19:14:08 -0500","line":"1224"},"1225":{"rev":"cf896bf1 lib/interface/assert.js     ","author":"Jake Luer       ","date":"2012-01-26 19:14:08 -0500","line":"1225"},"1226":{"rev":"cf896bf1 lib/interface/assert.js     ","author":"Jake Luer       ","date":"2012-01-26 19:14:08 -0500","line":"1226"},"1227":{"rev":"cf896bf1 lib/interface/assert.js     ","author":"Jake Luer       ","date":"2012-01-26 19:14:08 -0500","line":"1227"},"1228":{"rev":"cf896bf1 lib/interface/assert.js     ","author":"Jake Luer       ","date":"2012-01-26 19:14:08 -0500","line":"1228"},"1229":{"rev":"cf896bf1 lib/interface/assert.js     ","author":"Jake Luer       ","date":"2012-01-26 19:14:08 -0500","line":"1229"},"1230":{"rev":"cf896bf1 lib/interface/assert.js     ","author":"Jake Luer       ","date":"2012-01-26 19:14:08 -0500","line":"1230"},"1231":{"rev":"cf896bf1 lib/interface/assert.js     ","author":"Jake Luer       ","date":"2012-01-26 19:14:08 -0500","line":"1231"},"1232":{"rev":"cf896bf1 lib/interface/assert.js     ","author":"Jake Luer       ","date":"2012-01-26 19:14:08 -0500","line":"1232"},"1233":{"rev":"cf896bf1 lib/interface/assert.js     ","author":"Jake Luer       ","date":"2012-01-26 19:14:08 -0500","line":"1233"},"1234":{"rev":"cf896bf1 lib/interface/assert.js     ","author":"Jake Luer       ","date":"2012-01-26 19:14:08 -0500","line":"1234"},"1235":{"rev":"efc77596 lib/interface/assert.js     ","author":"Jake Luer       ","date":"2012-05-16 19:01:36 -0400","line":"1235"},"1236":{"rev":"efc77596 lib/interface/assert.js     ","author":"Jake Luer       ","date":"2012-05-16 19:01:36 -0400","line":"1236"},"1237":{"rev":"dd05df37 lib/interface/assert.js     ","author":"Jake Luer       ","date":"2011-12-07 00:26:47 -0500","line":"1237"}},"lines":1237,"uncoveredLines":0,"coverage":100}],"dates":{"1323208801":{"lines":7,"uncoveredLines":0},"1323900001":{"lines":285,"uncoveredLines":21},"1323986401":{"lines":1,"uncoveredLines":0},"1324159201":{"lines":1,"uncoveredLines":0},"1327442401":{"lines":1,"uncoveredLines":0},"1327615201":{"lines":396,"uncoveredLines":0},"1328479201":{"lines":3,"uncoveredLines":0},"1328565601":{"lines":1,"uncoveredLines":0},"1330293601":{"lines":3,"uncoveredLines":0},"1330639201":{"lines":16,"uncoveredLines":0},"1331676001":{"lines":12,"uncoveredLines":0},"1332021601":{"lines":62,"uncoveredLines":0},"1332108001":{"lines":37,"uncoveredLines":0},"1332280801":{"lines":16,"uncoveredLines":0},"1333573201":{"lines":6,"uncoveredLines":0},"1333746001":{"lines":147,"uncoveredLines":0},"1334091601":{"lines":107,"uncoveredLines":0},"1334437201":{"lines":35,"uncoveredLines":4},"1334955601":{"lines":3,"uncoveredLines":0},"1335042001":{"lines":118,"uncoveredLines":0},"1335128401":{"lines":6,"uncoveredLines":0},"1336078801":{"lines":1,"uncoveredLines":0},"1336165201":{"lines":65,"uncoveredLines":0},"1336251601":{"lines":6,"uncoveredLines":0},"1336424401":{"lines":4,"uncoveredLines":0},"1336510801":{"lines":30,"uncoveredLines":0},"1336597201":{"lines":51,"uncoveredLines":0},"1337029201":{"lines":64,"uncoveredLines":0},"1337202001":{"lines":66,"uncoveredLines":0},"1337288401":{"lines":199,"uncoveredLines":0},"1337634001":{"lines":4,"uncoveredLines":0},"1338066001":{"lines":104,"uncoveredLines":0},"1338238801":{"lines":2,"uncoveredLines":0},"1340485201":{"lines":960,"uncoveredLines":4},"1340658001":{"lines":4,"uncoveredLines":0},"1341608401":{"lines":2,"uncoveredLines":0},"1343422801":{"lines":15,"uncoveredLines":6},"1343854801":{"lines":41,"uncoveredLines":1},"1344286801":{"lines":37,"uncoveredLines":1},"1346792401":{"lines":65,"uncoveredLines":0},"1349038801":{"lines":18,"uncoveredLines":0},"1353967201":{"lines":94,"uncoveredLines":0},"1354140001":{"lines":5,"uncoveredLines":0},"1354226401":{"lines":9,"uncoveredLines":0},"1356040801":{"lines":4,"uncoveredLines":0},"1356818401":{"lines":62,"uncoveredLines":9},"1357509601":{"lines":6,"uncoveredLines":0},"1358028001":{"lines":8,"uncoveredLines":1},"1358546401":{"lines":17,"uncoveredLines":0},"1359237601":{"lines":3,"uncoveredLines":0},"1359756001":{"lines":4,"uncoveredLines":0},"1359842401":{"lines":59,"uncoveredLines":0},"1359928801":{"lines":29,"uncoveredLines":0},"1360706401":{"lines":9,"uncoveredLines":4},"1365886801":{"lines":22,"uncoveredLines":0},"1365973201":{"lines":19,"uncoveredLines":0},"1366664401":{"lines":3,"uncoveredLines":0},"1367269201":{"lines":52,"uncoveredLines":0},"1367528401":{"lines":1,"uncoveredLines":0},"1370638801":{"lines":17,"uncoveredLines":0},"1370725201":{"lines":1,"uncoveredLines":0},"1371157201":{"lines":5,"uncoveredLines":0},"1371416401":{"lines":99,"uncoveredLines":0},"1372280401":{"lines":5,"uncoveredLines":0},"1372453201":{"lines":9,"uncoveredLines":0},"1379451601":{"lines":1,"uncoveredLines":0},"1382562001":{"lines":5,"uncoveredLines":0},"1385762401":{"lines":64,"uncoveredLines":0},"1385848801":{"lines":13,"uncoveredLines":0},"1387317601":{"lines":5,"uncoveredLines":0},"1388095201":{"lines":18,"uncoveredLines":0},"1388354401":{"lines":23,"uncoveredLines":0},"1388872801":{"lines":8,"uncoveredLines":0},"1389736801":{"lines":4,"uncoveredLines":0},"1389996001":{"lines":38,"uncoveredLines":1},"1390946401":{"lines":3,"uncoveredLines":0},"1391032801":{"lines":9,"uncoveredLines":0},"1391896801":{"lines":10,"uncoveredLines":0},"1393020001":{"lines":3,"uncoveredLines":0},"1395007201":{"lines":60,"uncoveredLines":0},"1395093601":{"lines":28,"uncoveredLines":0},"1395180001":{"lines":1,"uncoveredLines":0},"1401224401":{"lines":4,"uncoveredLines":0},"1402261201":{"lines":4,"uncoveredLines":0},"1403902801":{"lines":2,"uncoveredLines":0},"1404075601":{"lines":30,"uncoveredLines":4},"1405198801":{"lines":6,"uncoveredLines":0},"1409086801":{"lines":3,"uncoveredLines":0},"1414706401":{"lines":3,"uncoveredLines":0},"1415570401":{"lines":1,"uncoveredLines":0},"1416088801":{"lines":1,"uncoveredLines":0},"1416348001":{"lines":4,"uncoveredLines":0},"1416520801":{"lines":197,"uncoveredLines":0},"1416607201":{"lines":1,"uncoveredLines":0},"1417212001":{"lines":53,"uncoveredLines":0},"1417298401":{"lines":2,"uncoveredLines":0},"1417384801":{"lines":87,"uncoveredLines":0},"1418076001":{"lines":4,"uncoveredLines":0},"1418594401":{"lines":1,"uncoveredLines":0},"1419372001":{"lines":4,"uncoveredLines":0},"1419717601":{"lines":232,"uncoveredLines":0},"1419804001":{"lines":7,"uncoveredLines":0},"1419890401":{"lines":8,"uncoveredLines":0}},"authors":{"JAKE LUER":{"author":"Jake Luer","lines":2736,"uncoveredLines":27,"dates":{"1323208801":{"lines":7,"uncoveredLines":0},"1323900001":{"lines":285,"uncoveredLines":21},"1323986401":{"lines":1,"uncoveredLines":0},"1324159201":{"lines":1,"uncoveredLines":0},"1327442401":{"lines":1,"uncoveredLines":0},"1327615201":{"lines":396,"uncoveredLines":0},"1328565601":{"lines":1,"uncoveredLines":0},"1331676001":{"lines":12,"uncoveredLines":0},"1332021601":{"lines":62,"uncoveredLines":0},"1332108001":{"lines":37,"uncoveredLines":0},"1332280801":{"lines":16,"uncoveredLines":0},"1333746001":{"lines":147,"uncoveredLines":0},"1334091601":{"lines":107,"uncoveredLines":0},"1335042001":{"lines":118,"uncoveredLines":0},"1335128401":{"lines":6,"uncoveredLines":0},"1336078801":{"lines":1,"uncoveredLines":0},"1336165201":{"lines":65,"uncoveredLines":0},"1336251601":{"lines":6,"uncoveredLines":0},"1336510801":{"lines":30,"uncoveredLines":0},"1336597201":{"lines":35,"uncoveredLines":0},"1337029201":{"lines":64,"uncoveredLines":0},"1337202001":{"lines":2,"uncoveredLines":0},"1337634001":{"lines":4,"uncoveredLines":0},"1338238801":{"lines":2,"uncoveredLines":0},"1340485201":{"lines":960,"uncoveredLines":4},"1343854801":{"lines":41,"uncoveredLines":1},"1344286801":{"lines":37,"uncoveredLines":1},"1349038801":{"lines":18,"uncoveredLines":0},"1354140001":{"lines":5,"uncoveredLines":0},"1356040801":{"lines":4,"uncoveredLines":0},"1359842401":{"lines":59,"uncoveredLines":0},"1359928801":{"lines":29,"uncoveredLines":0},"1367269201":{"lines":52,"uncoveredLines":0},"1371416401":{"lines":99,"uncoveredLines":0},"1379451601":{"lines":1,"uncoveredLines":0},"1390946401":{"lines":3,"uncoveredLines":0},"1391032801":{"lines":9,"uncoveredLines":0},"1395093601":{"lines":11,"uncoveredLines":0},"1395180001":{"lines":1,"uncoveredLines":0},"1415570401":{"lines":1,"uncoveredLines":0}}},"DUNCAN BEEVERS":{"author":"Duncan Beevers  ","lines":41,"uncoveredLines":0,"dates":{"1388095201":{"lines":18,"uncoveredLines":0},"1388354401":{"lines":23,"uncoveredLines":0}}},"DOMENIC DENICOLA":{"author":"Domenic Denicola","lines":479,"uncoveredLines":13,"dates":{"1328479201":{"lines":3,"uncoveredLines":0},"1334437201":{"lines":35,"uncoveredLines":4},"1336424401":{"lines":4,"uncoveredLines":0},"1337202001":{"lines":64,"uncoveredLines":0},"1337288401":{"lines":199,"uncoveredLines":0},"1338066001":{"lines":104,"uncoveredLines":0},"1340658001":{"lines":3,"uncoveredLines":0},"1356818401":{"lines":62,"uncoveredLines":9},"1371157201":{"lines":5,"uncoveredLines":0}}},"MICHAEL LANGE":{"author":"Michael Lange   ","lines":6,"uncoveredLines":0,"dates":{"1419890401":{"lines":6,"uncoveredLines":0}}},"ROMAN MASEK":{"author":"Roman Masek     ","lines":77,"uncoveredLines":0,"dates":{"1395007201":{"lines":60,"uncoveredLines":0},"1395093601":{"lines":17,"uncoveredLines":0}}},"JOSHUA PERRY":{"author":"Joshua Perry    ","lines":203,"uncoveredLines":0,"dates":{"1416088801":{"lines":1,"uncoveredLines":0},"1416348001":{"lines":4,"uncoveredLines":0},"1416520801":{"lines":197,"uncoveredLines":0},"1416607201":{"lines":1,"uncoveredLines":0}}},"MAX EDMANDS":{"author":"Max Edmands     ","lines":77,"uncoveredLines":0,"dates":{"1385762401":{"lines":64,"uncoveredLines":0},"1385848801":{"lines":13,"uncoveredLines":0}}},"JASON KARNS":{"author":"Jason Karns   ","lines":4,"uncoveredLines":0,"dates":{"1418076001":{"lines":4,"uncoveredLines":0}}},"CHARLIERUDOLPH":{"author":"charlierudolph  ","lines":9,"uncoveredLines":0,"dates":{"1402261201":{"lines":4,"uncoveredLines":0},"1403902801":{"lines":2,"uncoveredLines":0},"1409086801":{"lines":3,"uncoveredLines":0}}},"PAUL MILLER":{"author":"Paul Miller     ","lines":15,"uncoveredLines":6,"dates":{"1343422801":{"lines":15,"uncoveredLines":6}}},"MARTIN MIDDEL":{"author":"Martin Middel   ","lines":30,"uncoveredLines":4,"dates":{"1404075601":{"lines":30,"uncoveredLines":4}}},"DAVID DA SILVA":{"author":"David da Silva  ","lines":3,"uncoveredLines":0,"dates":{"1414706401":{"lines":3,"uncoveredLines":0}}},"JOHN FIREBAUGH":{"author":"John Firebaugh","lines":16,"uncoveredLines":0,"dates":{"1336597201":{"lines":16,"uncoveredLines":0}}},"REFAEL ACKERMANN":{"author":"Refael Ackermann","lines":38,"uncoveredLines":1,"dates":{"1389996001":{"lines":38,"uncoveredLines":1}}},"RUBEN VERBORGH":{"author":"Ruben Verborgh  ","lines":43,"uncoveredLines":5,"dates":{"1357509601":{"lines":6,"uncoveredLines":0},"1358028001":{"lines":8,"uncoveredLines":1},"1358546401":{"lines":17,"uncoveredLines":0},"1359237601":{"lines":3,"uncoveredLines":0},"1360706401":{"lines":9,"uncoveredLines":4}}},"CHASEN LE HARA":{"author":"Chasen Le Hara","lines":1,"uncoveredLines":0,"dates":{"1418594401":{"lines":1,"uncoveredLines":0}}},"DIDO ARELLANO":{"author":"Dido Arellano    ","lines":3,"uncoveredLines":0,"dates":{"1393020001":{"lines":3,"uncoveredLines":0}}},"CHUN-YI":{"author":"Chun-Yi          ","lines":94,"uncoveredLines":0,"dates":{"1353967201":{"lines":94,"uncoveredLines":0}}},"CHRIS JONES":{"author":"Chris Jones      ","lines":142,"uncoveredLines":0,"dates":{"1417212001":{"lines":53,"uncoveredLines":0},"1417298401":{"lines":2,"uncoveredLines":0},"1417384801":{"lines":87,"uncoveredLines":0}}},"SCOTT NONNENBERG":{"author":"Scott Nonnenberg ","lines":65,"uncoveredLines":0,"dates":{"1346792401":{"lines":65,"uncoveredLines":0}}},"ADAM HULL":{"author":"Adam Hull        ","lines":1,"uncoveredLines":0,"dates":{"1419804001":{"lines":1,"uncoveredLines":0}}},"MATHIAS SCHRECK":{"author":"Mathias Schreck  ","lines":4,"uncoveredLines":0,"dates":{"1419372001":{"lines":4,"uncoveredLines":0}}},"JAKE ROSOMAN":{"author":"Jake Rosoman     ","lines":8,"uncoveredLines":0,"dates":{"1388872801":{"lines":8,"uncoveredLines":0}}},"LEIDER":{"author":"leider           ","lines":10,"uncoveredLines":0,"dates":{"1391896801":{"lines":10,"uncoveredLines":0}}},"RYUNOSUKE SATO":{"author":"Ryunosuke SATO   ","lines":14,"uncoveredLines":0,"dates":{"1372280401":{"lines":5,"uncoveredLines":0},"1372453201":{"lines":9,"uncoveredLines":0}}},"TEDDY CROSS":{"author":"Teddy Cross      ","lines":2,"uncoveredLines":0,"dates":{"1341608401":{"lines":2,"uncoveredLines":0}}},"JEFF WELCH":{"author":"Jeff Welch       ","lines":2,"uncoveredLines":0,"dates":{"1359756001":{"lines":2,"uncoveredLines":0}}},"CHRIS THOMPSON":{"author":"Chris Thompson   ","lines":4,"uncoveredLines":0,"dates":{"1401224401":{"lines":4,"uncoveredLines":0}}},"VIRGINIE BARDALES":{"author":"Virginie BARDALES","lines":5,"uncoveredLines":0,"dates":{"1387317601":{"lines":5,"uncoveredLines":0}}},"LACONBASS":{"author":"laconbass        ","lines":4,"uncoveredLines":0,"dates":{"1389736801":{"lines":4,"uncoveredLines":0}}},"ANDREI NECULAU":{"author":"Andrei Neculau   ","lines":5,"uncoveredLines":0,"dates":{"1382562001":{"lines":5,"uncoveredLines":0}}},"DD":{"author":"DD               ","lines":2,"uncoveredLines":0,"dates":{"1359756001":{"lines":2,"uncoveredLines":0}}},"MOHAYONAO":{"author":"mohayonao        ","lines":6,"uncoveredLines":0,"dates":{"1405198801":{"lines":6,"uncoveredLines":0}}},"KILIAN CIUFFOLO":{"author":"Kilian Ciuffolo  ","lines":1,"uncoveredLines":0,"dates":{"1340658001":{"lines":1,"uncoveredLines":0}}},"NICK HEINER":{"author":"Nick Heiner      ","lines":44,"uncoveredLines":0,"dates":{"1365886801":{"lines":22,"uncoveredLines":0},"1365973201":{"lines":19,"uncoveredLines":0},"1366664401":{"lines":3,"uncoveredLines":0}}},"CHRIS POLIS":{"author":"Chris Polis      ","lines":240,"uncoveredLines":0,"dates":{"1419717601":{"lines":232,"uncoveredLines":0},"1419804001":{"lines":6,"uncoveredLines":0},"1419890401":{"lines":2,"uncoveredLines":0}}},"JULIUSZ GONERA":{"author":"Juliusz Gonera  ","lines":3,"uncoveredLines":0,"dates":{"1334955601":{"lines":3,"uncoveredLines":0}}},"BARTVDS":{"author":"Bartvds         ","lines":18,"uncoveredLines":0,"dates":{"1370638801":{"lines":17,"uncoveredLines":0},"1370725201":{"lines":1,"uncoveredLines":0}}},"JAKUB NEŠETŘIL":{"author":"Jakub Nešetřil  ","lines":6,"uncoveredLines":0,"dates":{"1333573201":{"lines":6,"uncoveredLines":0}}},"VESELIN TODOROV":{"author":"Veselin Todorov ","lines":19,"uncoveredLines":0,"dates":{"1330293601":{"lines":3,"uncoveredLines":0},"1330639201":{"lines":16,"uncoveredLines":0}}},"BRANDON PAYTON":{"author":"Brandon Payton  ","lines":1,"uncoveredLines":0,"dates":{"1367528401":{"lines":1,"uncoveredLines":0}}},"EDWIN SHAO":{"author":"Edwin Shao      ","lines":9,"uncoveredLines":0,"dates":{"1354226401":{"lines":9,"uncoveredLines":0}}}},"uncoveredLines":56,"lines":4490,"coverage":98.75278396436525}